
*** Running vivado
    with args -log Calculator.vds -m64 -product Vivado -mode batch -messageDb vivado.pb -notrace -source Calculator.tcl


****** Vivado v2018.2 (64-bit)
  **** SW Build 2258646 on Thu Jun 14 20:03:12 MDT 2018
  **** IP Build 2256618 on Thu Jun 14 22:10:49 MDT 2018
    ** Copyright 1986-2018 Xilinx, Inc. All Rights Reserved.

source Calculator.tcl -notrace
Command: synth_design -top Calculator -part xc7a35tcpg236-1
Starting synth_design
Attempting to get a license for feature 'Synthesis' and/or device 'xc7a35t'
INFO: [Common 17-349] Got license for feature 'Synthesis' and/or device 'xc7a35t'
INFO: Launching helper process for spawning children vivado processes
INFO: Helper process launched with PID 10200 
---------------------------------------------------------------------------------
Starting RTL Elaboration : Time (s): cpu = 00:00:01 ; elapsed = 00:00:01 . Memory (MB): peak = 355.711 ; gain = 99.145
---------------------------------------------------------------------------------
INFO: [Synth 8-6157] synthesizing module 'Calculator' [D:/NUS/Y1/EE2026/Lab/Calculation/Calculation.srcs/sources_1/new/tarun_task.v:85]
INFO: [Synth 8-6157] synthesizing module 'clock' [D:/NUS/Y1/EE2026/Lab/Calculation/Calculation.srcs/sources_1/new/tarun_task.v:21]
INFO: [Synth 8-6155] done synthesizing module 'clock' (1#1) [D:/NUS/Y1/EE2026/Lab/Calculation/Calculation.srcs/sources_1/new/tarun_task.v:21]
INFO: [Synth 8-6157] synthesizing module 'number_selector' [D:/NUS/Y1/EE2026/Lab/Calculation/Calculation.srcs/sources_1/new/tarun_task.v:43]
INFO: [Synth 8-6155] done synthesizing module 'number_selector' (2#1) [D:/NUS/Y1/EE2026/Lab/Calculation/Calculation.srcs/sources_1/new/tarun_task.v:43]
INFO: [Synth 8-226] default block is never used [D:/NUS/Y1/EE2026/Lab/Calculation/Calculation.srcs/sources_1/new/tarun_task.v:136]
INFO: [Synth 8-226] default block is never used [D:/NUS/Y1/EE2026/Lab/Calculation/Calculation.srcs/sources_1/new/tarun_task.v:169]
INFO: [Synth 8-226] default block is never used [D:/NUS/Y1/EE2026/Lab/Calculation/Calculation.srcs/sources_1/new/tarun_task.v:221]
WARNING: [Synth 8-6014] Unused sequential element btnC_delay_reg was removed.  [D:/NUS/Y1/EE2026/Lab/Calculation/Calculation.srcs/sources_1/new/tarun_task.v:134]
WARNING: [Synth 8-6014] Unused sequential element real_1_reg was removed.  [D:/NUS/Y1/EE2026/Lab/Calculation/Calculation.srcs/sources_1/new/tarun_task.v:209]
WARNING: [Synth 8-6014] Unused sequential element img_1_reg was removed.  [D:/NUS/Y1/EE2026/Lab/Calculation/Calculation.srcs/sources_1/new/tarun_task.v:210]
WARNING: [Synth 8-6014] Unused sequential element real_2_reg was removed.  [D:/NUS/Y1/EE2026/Lab/Calculation/Calculation.srcs/sources_1/new/tarun_task.v:211]
WARNING: [Synth 8-6014] Unused sequential element img_2_reg was removed.  [D:/NUS/Y1/EE2026/Lab/Calculation/Calculation.srcs/sources_1/new/tarun_task.v:212]
INFO: [Synth 8-6155] done synthesizing module 'Calculator' (3#1) [D:/NUS/Y1/EE2026/Lab/Calculation/Calculation.srcs/sources_1/new/tarun_task.v:85]
WARNING: [Synth 8-3331] design Calculator has unconnected port btnC
---------------------------------------------------------------------------------
Finished RTL Elaboration : Time (s): cpu = 00:00:02 ; elapsed = 00:00:02 . Memory (MB): peak = 410.625 ; gain = 154.059
---------------------------------------------------------------------------------

Report Check Netlist: 
+------+------------------+-------+---------+-------+------------------+
|      |Item              |Errors |Warnings |Status |Description       |
+------+------------------+-------+---------+-------+------------------+
|1     |multi_driven_nets |      0|        0|Passed |Multi driven nets |
+------+------------------+-------+---------+-------+------------------+
---------------------------------------------------------------------------------
Start Handling Custom Attributes
---------------------------------------------------------------------------------
---------------------------------------------------------------------------------
Finished Handling Custom Attributes : Time (s): cpu = 00:00:02 ; elapsed = 00:00:02 . Memory (MB): peak = 410.625 ; gain = 154.059
---------------------------------------------------------------------------------
---------------------------------------------------------------------------------
Finished RTL Optimization Phase 1 : Time (s): cpu = 00:00:02 ; elapsed = 00:00:02 . Memory (MB): peak = 410.625 ; gain = 154.059
---------------------------------------------------------------------------------
INFO: [Device 21-403] Loading part xc7a35tcpg236-1
INFO: [Project 1-570] Preparing netlist for logic optimization

Processing XDC Constraints
Initializing timing engine
Parsing XDC File [D:/NUS/Y1/EE2026/Lab/Calculation/Calculation.srcs/constrs_1/new/myconstraint.xdc]
Finished Parsing XDC File [D:/NUS/Y1/EE2026/Lab/Calculation/Calculation.srcs/constrs_1/new/myconstraint.xdc]
INFO: [Project 1-236] Implementation specific constraints were found while reading constraint file [D:/NUS/Y1/EE2026/Lab/Calculation/Calculation.srcs/constrs_1/new/myconstraint.xdc]. These constraints will be ignored for synthesis but will be used in implementation. Impacted constraints are listed in the file [.Xil/Calculator_propImpl.xdc].
Resolution: To avoid this warning, move constraints listed in [.Xil/Calculator_propImpl.xdc] to another XDC file and exclude this new file from synthesis with the used_in_synthesis property (File Properties dialog in GUI) and re-run elaboration/synthesis.
Completed Processing XDC Constraints

INFO: [Project 1-111] Unisim Transformation Summary:
No Unisim elements were transformed.

Constraint Validation Runtime : Time (s): cpu = 00:00:00 ; elapsed = 00:00:00.004 . Memory (MB): peak = 744.711 ; gain = 0.000
---------------------------------------------------------------------------------
Finished Constraint Validation : Time (s): cpu = 00:00:06 ; elapsed = 00:00:08 . Memory (MB): peak = 744.711 ; gain = 488.145
---------------------------------------------------------------------------------
---------------------------------------------------------------------------------
Start Loading Part and Timing Information
---------------------------------------------------------------------------------
Loading part: xc7a35tcpg236-1
---------------------------------------------------------------------------------
Finished Loading Part and Timing Information : Time (s): cpu = 00:00:06 ; elapsed = 00:00:08 . Memory (MB): peak = 744.711 ; gain = 488.145
---------------------------------------------------------------------------------
---------------------------------------------------------------------------------
Start Applying 'set_property' XDC Constraints
---------------------------------------------------------------------------------
---------------------------------------------------------------------------------
Finished applying 'set_property' XDC Constraints : Time (s): cpu = 00:00:06 ; elapsed = 00:00:08 . Memory (MB): peak = 744.711 ; gain = 488.145
---------------------------------------------------------------------------------
INFO: [Synth 8-5545] ROM "my_clock0" won't be mapped to RAM because address size (32) is larger than maximum supported(25)
INFO: [Synth 8-5818] HDL ADVISOR - The operator resource <adder> is shared. To prevent sharing consider applying a KEEP on the output of the operator [D:/NUS/Y1/EE2026/Lab/Calculation/Calculation.srcs/sources_1/new/tarun_task.v:114]
INFO: [Synth 8-5818] HDL ADVISOR - The operator resource <adder> is shared. To prevent sharing consider applying a KEEP on the output of the operator [D:/NUS/Y1/EE2026/Lab/Calculation/Calculation.srcs/sources_1/new/tarun_task.v:114]
INFO: [Synth 8-5818] HDL ADVISOR - The operator resource <adder> is shared. To prevent sharing consider applying a KEEP on the output of the operator [D:/NUS/Y1/EE2026/Lab/Calculation/Calculation.srcs/sources_1/new/tarun_task.v:113]
INFO: [Synth 8-5818] HDL ADVISOR - The operator resource <adder> is shared. To prevent sharing consider applying a KEEP on the output of the operator [D:/NUS/Y1/EE2026/Lab/Calculation/Calculation.srcs/sources_1/new/tarun_task.v:113]
INFO: [Synth 8-5818] HDL ADVISOR - The operator resource <adder> is shared. To prevent sharing consider applying a KEEP on the output of the operator [D:/NUS/Y1/EE2026/Lab/Calculation/Calculation.srcs/sources_1/new/tarun_task.v:112]
INFO: [Synth 8-5818] HDL ADVISOR - The operator resource <adder> is shared. To prevent sharing consider applying a KEEP on the output of the operator [D:/NUS/Y1/EE2026/Lab/Calculation/Calculation.srcs/sources_1/new/tarun_task.v:112]
INFO: [Synth 8-5818] HDL ADVISOR - The operator resource <adder> is shared. To prevent sharing consider applying a KEEP on the output of the operator [D:/NUS/Y1/EE2026/Lab/Calculation/Calculation.srcs/sources_1/new/tarun_task.v:111]
INFO: [Synth 8-5818] HDL ADVISOR - The operator resource <adder> is shared. To prevent sharing consider applying a KEEP on the output of the operator [D:/NUS/Y1/EE2026/Lab/Calculation/Calculation.srcs/sources_1/new/tarun_task.v:111]
---------------------------------------------------------------------------------
Finished RTL Optimization Phase 2 : Time (s): cpu = 00:00:06 ; elapsed = 00:00:08 . Memory (MB): peak = 744.711 ; gain = 488.145
---------------------------------------------------------------------------------

Report RTL Partitions: 
+-+--------------+------------+----------+
| |RTL Partition |Replication |Instances |
+-+--------------+------------+----------+
+-+--------------+------------+----------+
---------------------------------------------------------------------------------
Start RTL Component Statistics 
---------------------------------------------------------------------------------
Detailed RTL Component Info : 
+---Adders : 
	   2 Input      4 Bit       Adders := 8     
	   2 Input      2 Bit       Adders := 2     
+---Registers : 
	                8 Bit    Registers := 5     
	                4 Bit    Registers := 9     
	                2 Bit    Registers := 2     
	                1 Bit    Registers := 6     
+---Muxes : 
	   4 Input      8 Bit        Muxes := 1     
	   3 Input      4 Bit        Muxes := 3     
	   6 Input      4 Bit        Muxes := 1     
	   2 Input      4 Bit        Muxes := 4     
	   2 Input      2 Bit        Muxes := 8     
	   2 Input      1 Bit        Muxes := 11    
	   4 Input      1 Bit        Muxes := 16    
---------------------------------------------------------------------------------
Finished RTL Component Statistics 
---------------------------------------------------------------------------------
---------------------------------------------------------------------------------
Start RTL Hierarchical Component Statistics 
---------------------------------------------------------------------------------
Hierarchical RTL Component report 
Module Calculator 
Detailed RTL Component Info : 
+---Adders : 
	   2 Input      4 Bit       Adders := 8     
	   2 Input      2 Bit       Adders := 2     
+---Registers : 
	                8 Bit    Registers := 1     
	                4 Bit    Registers := 9     
	                2 Bit    Registers := 2     
	                1 Bit    Registers := 4     
+---Muxes : 
	   4 Input      8 Bit        Muxes := 1     
	   3 Input      4 Bit        Muxes := 3     
	   6 Input      4 Bit        Muxes := 1     
	   2 Input      4 Bit        Muxes := 4     
	   2 Input      2 Bit        Muxes := 8     
	   2 Input      1 Bit        Muxes := 9     
	   4 Input      1 Bit        Muxes := 16    
Module clock 
Detailed RTL Component Info : 
+---Registers : 
	                1 Bit    Registers := 1     
+---Muxes : 
	   2 Input      1 Bit        Muxes := 1     
Module number_selector 
Detailed RTL Component Info : 
+---Registers : 
	                8 Bit    Registers := 1     
---------------------------------------------------------------------------------
Finished RTL Hierarchical Component Statistics
---------------------------------------------------------------------------------
---------------------------------------------------------------------------------
Start Part Resource Summary
---------------------------------------------------------------------------------
Part Resources:
DSPs: 90 (col length:60)
BRAMs: 100 (col length: RAMB18 60 RAMB36 30)
---------------------------------------------------------------------------------
Finished Part Resource Summary
---------------------------------------------------------------------------------
---------------------------------------------------------------------------------
Start Cross Boundary and Area Optimization
---------------------------------------------------------------------------------
Warning: Parallel synthesis criteria is not met 
INFO: [Synth 8-5545] ROM "f_500Hz/my_clock0" won't be mapped to RAM because address size (32) is larger than maximum supported(25)
INFO: [Synth 8-5545] ROM "f_2Hz/my_clock0" won't be mapped to RAM because address size (32) is larger than maximum supported(25)
INFO: [Synth 8-5545] ROM "f_500Hz/my_clock0" won't be mapped to RAM because address size (32) is larger than maximum supported(25)
INFO: [Synth 8-5545] ROM "f_2Hz/my_clock0" won't be mapped to RAM because address size (32) is larger than maximum supported(25)
WARNING: [Synth 8-3331] design Calculator has unconnected port btnC
INFO: [Synth 8-3886] merging instance 'digit1/display_num_reg[7]' (FD) to 'digit3/display_num_reg[7]'
INFO: [Synth 8-3886] merging instance 'digit2/display_num_reg[7]' (FD) to 'digit3/display_num_reg[7]'
INFO: [Synth 8-3886] merging instance 'digit3/display_num_reg[7]' (FD) to 'digit4/display_num_reg[7]'
INFO: [Synth 8-3333] propagating constant 1 across sequential element (\digit4/display_num_reg[7] )
WARNING: [Synth 8-3332] Sequential element (digit4/display_num_reg[7]) is unused and will be removed from module Calculator.
INFO: [Synth 8-3333] propagating constant 1 across sequential element (\seg_reg[7] )
WARNING: [Synth 8-3332] Sequential element (seg_reg[7]) is unused and will be removed from module Calculator.
---------------------------------------------------------------------------------
Finished Cross Boundary and Area Optimization : Time (s): cpu = 00:00:07 ; elapsed = 00:00:08 . Memory (MB): peak = 744.711 ; gain = 488.145
---------------------------------------------------------------------------------

Report RTL Partitions: 
+-+--------------+------------+----------+
| |RTL Partition |Replication |Instances |
+-+--------------+------------+----------+
+-+--------------+------------+----------+
---------------------------------------------------------------------------------
Start Applying XDC Timing Constraints
---------------------------------------------------------------------------------
---------------------------------------------------------------------------------
Finished Applying XDC Timing Constraints : Time (s): cpu = 00:00:11 ; elapsed = 00:00:14 . Memory (MB): peak = 744.711 ; gain = 488.145
---------------------------------------------------------------------------------
---------------------------------------------------------------------------------
Start Timing Optimization
---------------------------------------------------------------------------------
---------------------------------------------------------------------------------
Finished Timing Optimization : Time (s): cpu = 00:00:11 ; elapsed = 00:00:14 . Memory (MB): peak = 757.688 ; gain = 501.121
---------------------------------------------------------------------------------

Report RTL Partitions: 
+-+--------------+------------+----------+
| |RTL Partition |Replication |Instances |
+-+--------------+------------+----------+
+-+--------------+------------+----------+
---------------------------------------------------------------------------------
Start Technology Mapping
---------------------------------------------------------------------------------
---------------------------------------------------------------------------------
Finished Technology Mapping : Time (s): cpu = 00:00:11 ; elapsed = 00:00:14 . Memory (MB): peak = 761.777 ; gain = 505.211
---------------------------------------------------------------------------------

Report RTL Partitions: 
+-+--------------+------------+----------+
| |RTL Partition |Replication |Instances |
+-+--------------+------------+----------+
+-+--------------+------------+----------+
---------------------------------------------------------------------------------
Start IO Insertion
---------------------------------------------------------------------------------
---------------------------------------------------------------------------------
Start Flattening Before IO Insertion
---------------------------------------------------------------------------------
---------------------------------------------------------------------------------
Finished Flattening Before IO Insertion
---------------------------------------------------------------------------------
---------------------------------------------------------------------------------
Start Final Netlist Cleanup
---------------------------------------------------------------------------------
---------------------------------------------------------------------------------
Finished Final Netlist Cleanup
---------------------------------------------------------------------------------
---------------------------------------------------------------------------------
Finished IO Insertion : Time (s): cpu = 00:00:12 ; elapsed = 00:00:14 . Memory (MB): peak = 761.777 ; gain = 505.211
---------------------------------------------------------------------------------

Report Check Netlist: 
+------+------------------+-------+---------+-------+------------------+
|      |Item              |Errors |Warnings |Status |Description       |
+------+------------------+-------+---------+-------+------------------+
|1     |multi_driven_nets |      0|        0|Passed |Multi driven nets |
+------+------------------+-------+---------+-------+------------------+
---------------------------------------------------------------------------------
Start Renaming Generated Instances
---------------------------------------------------------------------------------
---------------------------------------------------------------------------------
Finished Renaming Generated Instances : Time (s): cpu = 00:00:12 ; elapsed = 00:00:14 . Memory (MB): peak = 761.777 ; gain = 505.211
---------------------------------------------------------------------------------

Report RTL Partitions: 
+-+--------------+------------+----------+
| |RTL Partition |Replication |Instances |
+-+--------------+------------+----------+
+-+--------------+------------+----------+
---------------------------------------------------------------------------------
Start Rebuilding User Hierarchy
---------------------------------------------------------------------------------
---------------------------------------------------------------------------------
Finished Rebuilding User Hierarchy : Time (s): cpu = 00:00:12 ; elapsed = 00:00:14 . Memory (MB): peak = 761.777 ; gain = 505.211
---------------------------------------------------------------------------------
---------------------------------------------------------------------------------
Start Renaming Generated Ports
---------------------------------------------------------------------------------
---------------------------------------------------------------------------------
Finished Renaming Generated Ports : Time (s): cpu = 00:00:12 ; elapsed = 00:00:14 . Memory (MB): peak = 761.777 ; gain = 505.211
---------------------------------------------------------------------------------
---------------------------------------------------------------------------------
Start Handling Custom Attributes
---------------------------------------------------------------------------------
---------------------------------------------------------------------------------
Finished Handling Custom Attributes : Time (s): cpu = 00:00:12 ; elapsed = 00:00:14 . Memory (MB): peak = 761.777 ; gain = 505.211
---------------------------------------------------------------------------------
---------------------------------------------------------------------------------
Start Renaming Generated Nets
---------------------------------------------------------------------------------
---------------------------------------------------------------------------------
Finished Renaming Generated Nets : Time (s): cpu = 00:00:12 ; elapsed = 00:00:14 . Memory (MB): peak = 761.777 ; gain = 505.211
---------------------------------------------------------------------------------
---------------------------------------------------------------------------------
Start Writing Synthesis Report
---------------------------------------------------------------------------------

Report BlackBoxes: 
+-+--------------+----------+
| |BlackBox name |Instances |
+-+--------------+----------+
+-+--------------+----------+

Report Cell Usage: 
+------+-------+------+
|      |Cell   |Count |
+------+-------+------+
|1     |BUFG   |     2|
|2     |CARRY4 |    16|
|3     |LUT1   |    11|
|4     |LUT2   |    15|
|5     |LUT3   |    16|
|6     |LUT4   |     8|
|7     |LUT5   |    24|
|8     |LUT6   |    74|
|9     |FDRE   |   145|
|10    |IBUF   |     7|
|11    |OBUF   |    14|
+------+-------+------+

Report Instance Areas: 
+------+----------+------------------+------+
|      |Instance  |Module            |Cells |
+------+----------+------------------+------+
|1     |top       |                  |   332|
|2     |  digit1  |number_selector   |    19|
|3     |  digit2  |number_selector_0 |    19|
|4     |  digit3  |number_selector_1 |    26|
|5     |  digit4  |number_selector_2 |    19|
|6     |  f_2Hz   |clock             |    59|
|7     |  f_500Hz |clock_3           |    54|
+------+----------+------------------+------+
---------------------------------------------------------------------------------
Finished Writing Synthesis Report : Time (s): cpu = 00:00:12 ; elapsed = 00:00:14 . Memory (MB): peak = 761.777 ; gain = 505.211
---------------------------------------------------------------------------------
Synthesis finished with 0 errors, 0 critical warnings and 3 warnings.
Synthesis Optimization Runtime : Time (s): cpu = 00:00:07 ; elapsed = 00:00:10 . Memory (MB): peak = 761.777 ; gain = 171.125
Synthesis Optimization Complete : Time (s): cpu = 00:00:12 ; elapsed = 00:00:15 . Memory (MB): peak = 761.777 ; gain = 505.211
INFO: [Project 1-571] Translating synthesized netlist
INFO: [Netlist 29-17] Analyzing 23 Unisim elements for replacement
INFO: [Netlist 29-28] Unisim Transformation completed in 0 CPU seconds
INFO: [Project 1-570] Preparing netlist for logic optimization
INFO: [Opt 31-138] Pushed 0 inverter(s) to 0 load pin(s).
INFO: [Project 1-111] Unisim Transformation Summary:
No Unisim elements were transformed.

INFO: [Common 17-83] Releasing license: Synthesis
39 Infos, 9 Warnings, 0 Critical Warnings and 0 Errors encountered.
synth_design completed successfully
synth_design: Time (s): cpu = 00:00:13 ; elapsed = 00:00:16 . Memory (MB): peak = 761.777 ; gain = 518.039
WARNING: [Constraints 18-5210] No constraint will be written out.
INFO: [Common 17-1381] The checkpoint 'D:/NUS/Y1/EE2026/Lab/Calculation/Calculation.runs/synth_1/Calculator.dcp' has been generated.
INFO: [runtcl-4] Executing : report_utilization -file Calculator_utilization_synth.rpt -pb Calculator_utilization_synth.pb
report_utilization: Time (s): cpu = 00:00:00 ; elapsed = 00:00:00.014 . Memory (MB): peak = 761.777 ; gain = 0.000
INFO: [Common 17-206] Exiting Vivado at Sun Mar 22 23:15:49 2026...
