Copyright 1986-2018 Xilinx, Inc. All Rights Reserved.
---------------------------------------------------------------------------------------
| Tool Version : Vivado v.2018.2 (win64) Build 2258646 Thu Jun 14 20:03:12 MDT 2018
| Date         : Sun Mar 22 23:16:16 2026
| Host         : Tarun running 64-bit major release  (build 9200)
| Command      : report_control_sets -verbose -file Calculator_control_sets_placed.rpt
| Design       : Calculator
| Device       : xc7a35t
---------------------------------------------------------------------------------------

Control Set Information

Table of Contents
-----------------
1. Summary
2. Histogram
3. Flip-Flop Distribution
4. Detailed Control Set Information

1. Summary
----------

+----------------------------------------------------------+-------+
|                          Status                          | Count |
+----------------------------------------------------------+-------+
| Number of unique control sets                            |    12 |
| Unused register locations in slices containing registers |     6 |
+----------------------------------------------------------+-------+


2. Histogram
------------

+--------+--------------+
| Fanout | Control Sets |
+--------+--------------+
|      8 |            8 |
|    16+ |            4 |
+--------+--------------+


3. Flip-Flop Distribution
-------------------------

+--------------+-----------------------+------------------------+-----------------+--------------+
| Clock Enable | Synchronous Set/Reset | Asynchronous Set/Reset | Total Registers | Total Slices |
+--------------+-----------------------+------------------------+-----------------+--------------+
| No           | No                    | No                     |              98 |           21 |
| No           | No                    | Yes                    |               0 |            0 |
| No           | Yes                   | No                     |             128 |           16 |
| Yes          | No                    | No                     |               0 |            0 |
| Yes          | No                    | Yes                    |               0 |            0 |
| Yes          | Yes                   | No                     |              64 |           13 |
+--------------+-----------------------+------------------------+-----------------+--------------+


4. Detailed Control Set Information
-----------------------------------

+------------------------+---------------------+---------------------------+------------------+----------------+
|      Clock Signal      |    Enable Signal    |      Set/Reset Signal     | Slice Load Count | Bel Load Count |
+------------------------+---------------------+---------------------------+------------------+----------------+
|  my_clock_BUFG         | n6_count[3]_i_1_n_0 | led_OBUF[0]               |                1 |              8 |
|  my_clock_BUFG         | n7_count[3]_i_1_n_0 | led_OBUF[0]               |                2 |              8 |
|  my_clock_BUFG         | n1_count[3]_i_1_n_0 | led_OBUF[0]               |                2 |              8 |
|  my_clock_BUFG         | n5_count[3]_i_1_n_0 | led_OBUF[0]               |                2 |              8 |
|  my_clock_BUFG         | n4_count[3]_i_1_n_0 | led_OBUF[0]               |                1 |              8 |
|  my_clock_BUFG         | n3_count[3]_i_1_n_0 | led_OBUF[0]               |                1 |              8 |
|  my_clock_BUFG         | n2_count[3]_i_1_n_0 | led_OBUF[0]               |                2 |              8 |
|  my_clock_BUFG         | sel                 | led_OBUF[0]               |                2 |              8 |
|  my_clock_BUFG         |                     |                           |                7 |             38 |
|  basys_clock_IBUF_BUFG |                     |                           |               14 |             60 |
|  basys_clock_IBUF_BUFG |                     | f_2Hz/count[0]_i_1__0_n_0 |                8 |             64 |
|  basys_clock_IBUF_BUFG |                     | f_500Hz/clear             |                8 |             64 |
+------------------------+---------------------+---------------------------+------------------+----------------+


