#-----------------------------------------------------------
# Vivado v2018.2 (64-bit)
# SW Build 2258646 on Thu Jun 14 20:03:12 MDT 2018
# IP Build 2256618 on Thu Jun 14 22:10:49 MDT 2018
# Start of session at: Thu Mar 19 13:51:41 2026
# Process ID: 16388
# Current directory: D:/NUS/EE2026/Complex Calculator/FDP
# Command line: vivado.exe -gui_launcher_event rodinguilauncherevent20340 D:\NUS\EE2026\Complex Calculator\FDP\FDP.xpr
# Log file: D:/NUS/EE2026/Complex Calculator/FDP/vivado.log
# Journal file: D:/NUS/EE2026/Complex Calculator/FDP\vivado.jou
#-----------------------------------------------------------
start_gui
open_project {D:/NUS/EE2026/Complex Calculator/FDP/FDP.xpr}
INFO: [Project 1-313] Project file moved from 'C:/Users/Christopher/Desktop/MODS/.Xil/Vivado-3416-CMS-SG-D1-13900K/PrjAr/_X_' since last save.
Scanning sources...
Finished scanning sources
INFO: [IP_Flow 19-234] Refreshing IP repositories
INFO: [IP_Flow 19-1704] No user IP repositories specified
INFO: [IP_Flow 19-2313] Loaded Vivado IP repository 'C:/Xilinx/Vivado/2018.2/data/ip'.
open_project: Time (s): cpu = 00:00:14 ; elapsed = 00:00:06 . Memory (MB): peak = 801.402 ; gain = 69.742
update_compile_order -fileset sources_1
close [ open {D:/NUS/EE2026/Complex Calculator/FDP/FDP.srcs/sources_1/new/argand_plane.v} w ]
add_files {{D:/NUS/EE2026/Complex Calculator/FDP/FDP.srcs/sources_1/new/argand_plane.v}}
update_compile_order -fileset sources_1
close [ open {D:/NUS/EE2026/Complex Calculator/FDP/FDP.srcs/sources_1/new/clock.v} w ]
add_files {{D:/NUS/EE2026/Complex Calculator/FDP/FDP.srcs/sources_1/new/clock.v}}
update_compile_order -fileset sources_1
update_compile_order -fileset sources_1
update_compile_order -fileset sources_1
update_compile_order -fileset sources_1
update_compile_order -fileset sources_1
update_compile_order -fileset sources_1
file mkdir D:/NUS/EE2026/Complex Calculator/FDP/FDP.srcs/constrs_1
file mkdir D:/NUS/EE2026/Complex Calculator/FDP/FDP.srcs/constrs_1
file mkdir D:/NUS/EE2026/Complex Calculator/FDP/FDP.srcs/constrs_1/new
file mkdir D:/NUS/EE2026/Complex Calculator/FDP/FDP.srcs/constrs_1/new
file mkdir D:/NUS/EE2026/Complex Calculator/FDP/FDP.srcs/constrs_1/new
file mkdir D:/NUS/EE2026/Complex Calculator/FDP/FDP.srcs/constrs_1/new
file mkdir D:/NUS/EE2026/Complex Calculator/FDP/FDP.srcs/constrs_1
file mkdir {D:/NUS/EE2026/Complex Calculator/FDP/FDP.srcs/constrs_1/new}
close [ open {D:/NUS/EE2026/Complex Calculator/FDP/FDP.srcs/constrs_1/new/constraints.xdc} w ]
add_files -fileset constrs_1 {{D:/NUS/EE2026/Complex Calculator/FDP/FDP.srcs/constrs_1/new/constraints.xdc}}
launch_runs impl_1 -to_step write_bitstream -jobs 4
[Thu Mar 19 14:07:18 2026] Launched synth_1...
Run output will be captured here: D:/NUS/EE2026/Complex Calculator/FDP/FDP.runs/synth_1/runme.log
[Thu Mar 19 14:07:18 2026] Launched impl_1...
Run output will be captured here: D:/NUS/EE2026/Complex Calculator/FDP/FDP.runs/impl_1/runme.log
open_hw
reset_run synth_1
launch_runs impl_1 -to_step write_bitstream -jobs 4
[Thu Mar 19 14:16:04 2026] Launched synth_1...
Run output will be captured here: D:/NUS/EE2026/Complex Calculator/FDP/FDP.runs/synth_1/runme.log
[Thu Mar 19 14:16:04 2026] Launched impl_1...
Run output will be captured here: D:/NUS/EE2026/Complex Calculator/FDP/FDP.runs/impl_1/runme.log
connect_hw_server
INFO: [Labtools 27-2285] Connecting to hw_server url TCP:localhost:3121
INFO: [Labtools 27-2222] Launching hw_server...
INFO: [Labtools 27-2221] Launch Output:

****** Xilinx hw_server v2018.2
  **** Build date : Jun 14 2018-20:42:52
    ** Copyright 1986-2018 Xilinx, Inc. All Rights Reserved.


open_hw_target
INFO: [Labtoolstcl 44-466] Opening hw_target localhost:3121/xilinx_tcf/Digilent/210183B9A9BDA
set_property PROGRAM.FILE {D:/NUS/EE2026/Complex Calculator/FDP/FDP.runs/impl_1/Top_Student.bit} [get_hw_devices xc7a35t_0]
current_hw_device [get_hw_devices xc7a35t_0]
refresh_hw_device -update_hw_probes false [lindex [get_hw_devices xc7a35t_0] 0]
INFO: [Labtools 27-1434] Device xc7a35t (JTAG device index = 0) is programmed with a design that has no supported debug core(s) in it.
WARNING: [Labtools 27-3361] The debug hub core was not detected.
Resolution: 
1. Make sure the clock connected to the debug hub (dbg_hub) core is a free running clock and is active.
2. Make sure the BSCAN_SWITCH_USER_MASK device property in Vivado Hardware Manager reflects the user scan chain setting in the design and refresh the device.  To determine the user scan chain setting in the design, open the implemented design and use 'get_property C_USER_SCAN_CHAIN [get_debug_cores dbg_hub]'.
For more details on setting the scan chain property, consult the Vivado Debug and Programming User Guide (UG908).
set_property PROBES.FILE {} [get_hw_devices xc7a35t_0]
set_property FULL_PROBES.FILE {} [get_hw_devices xc7a35t_0]
set_property PROGRAM.FILE {D:/NUS/EE2026/Complex Calculator/FDP/FDP.runs/impl_1/Top_Student.bit} [get_hw_devices xc7a35t_0]
program_hw_devices [get_hw_devices xc7a35t_0]
INFO: [Labtools 27-3164] End of startup status: HIGH
refresh_hw_device [lindex [get_hw_devices xc7a35t_0] 0]
INFO: [Labtools 27-1434] Device xc7a35t (JTAG device index = 0) is programmed with a design that has no supported debug core(s) in it.
WARNING: [Labtools 27-3361] The debug hub core was not detected.
Resolution: 
1. Make sure the clock connected to the debug hub (dbg_hub) core is a free running clock and is active.
2. Make sure the BSCAN_SWITCH_USER_MASK device property in Vivado Hardware Manager reflects the user scan chain setting in the design and refresh the device.  To determine the user scan chain setting in the design, open the implemented design and use 'get_property C_USER_SCAN_CHAIN [get_debug_cores dbg_hub]'.
For more details on setting the scan chain property, consult the Vivado Debug and Programming User Guide (UG908).
reset_run synth_1
launch_runs impl_1 -to_step write_bitstream -jobs 4
[Thu Mar 19 14:42:48 2026] Launched synth_1...
Run output will be captured here: D:/NUS/EE2026/Complex Calculator/FDP/FDP.runs/synth_1/runme.log
[Thu Mar 19 14:42:48 2026] Launched impl_1...
Run output will be captured here: D:/NUS/EE2026/Complex Calculator/FDP/FDP.runs/impl_1/runme.log
set_property PROBES.FILE {} [get_hw_devices xc7a35t_0]
set_property FULL_PROBES.FILE {} [get_hw_devices xc7a35t_0]
set_property PROGRAM.FILE {D:/NUS/EE2026/Complex Calculator/FDP/FDP.runs/impl_1/Top_Student.bit} [get_hw_devices xc7a35t_0]
program_hw_devices [get_hw_devices xc7a35t_0]
INFO: [Labtools 27-3164] End of startup status: HIGH
refresh_hw_device [lindex [get_hw_devices xc7a35t_0] 0]
INFO: [Labtools 27-1434] Device xc7a35t (JTAG device index = 0) is programmed with a design that has no supported debug core(s) in it.
WARNING: [Labtools 27-3361] The debug hub core was not detected.
Resolution: 
1. Make sure the clock connected to the debug hub (dbg_hub) core is a free running clock and is active.
2. Make sure the BSCAN_SWITCH_USER_MASK device property in Vivado Hardware Manager reflects the user scan chain setting in the design and refresh the device.  To determine the user scan chain setting in the design, open the implemented design and use 'get_property C_USER_SCAN_CHAIN [get_debug_cores dbg_hub]'.
For more details on setting the scan chain property, consult the Vivado Debug and Programming User Guide (UG908).
set_property PROBES.FILE {} [get_hw_devices xc7a35t_0]
set_property FULL_PROBES.FILE {} [get_hw_devices xc7a35t_0]
set_property PROGRAM.FILE {D:/NUS/EE2026/Complex Calculator/FDP/FDP.runs/impl_1/Top_Student.bit} [get_hw_devices xc7a35t_0]
program_hw_devices [get_hw_devices xc7a35t_0]
INFO: [Labtools 27-3164] End of startup status: HIGH
refresh_hw_device [lindex [get_hw_devices xc7a35t_0] 0]
INFO: [Labtools 27-1434] Device xc7a35t (JTAG device index = 0) is programmed with a design that has no supported debug core(s) in it.
WARNING: [Labtools 27-3361] The debug hub core was not detected.
Resolution: 
1. Make sure the clock connected to the debug hub (dbg_hub) core is a free running clock and is active.
2. Make sure the BSCAN_SWITCH_USER_MASK device property in Vivado Hardware Manager reflects the user scan chain setting in the design and refresh the device.  To determine the user scan chain setting in the design, open the implemented design and use 'get_property C_USER_SCAN_CHAIN [get_debug_cores dbg_hub]'.
For more details on setting the scan chain property, consult the Vivado Debug and Programming User Guide (UG908).
reset_run synth_1
launch_runs impl_1 -to_step write_bitstream -jobs 4
[Thu Mar 19 15:22:20 2026] Launched synth_1...
Run output will be captured here: D:/NUS/EE2026/Complex Calculator/FDP/FDP.runs/synth_1/runme.log
[Thu Mar 19 15:22:20 2026] Launched impl_1...
Run output will be captured here: D:/NUS/EE2026/Complex Calculator/FDP/FDP.runs/impl_1/runme.log
set_property PROBES.FILE {} [get_hw_devices xc7a35t_0]
set_property FULL_PROBES.FILE {} [get_hw_devices xc7a35t_0]
set_property PROGRAM.FILE {D:/NUS/EE2026/Complex Calculator/FDP/FDP.runs/impl_1/Top_Student.bit} [get_hw_devices xc7a35t_0]
program_hw_devices [get_hw_devices xc7a35t_0]
INFO: [Labtools 27-3164] End of startup status: HIGH
refresh_hw_device [lindex [get_hw_devices xc7a35t_0] 0]
INFO: [Labtools 27-1434] Device xc7a35t (JTAG device index = 0) is programmed with a design that has no supported debug core(s) in it.
WARNING: [Labtools 27-3361] The debug hub core was not detected.
Resolution: 
1. Make sure the clock connected to the debug hub (dbg_hub) core is a free running clock and is active.
2. Make sure the BSCAN_SWITCH_USER_MASK device property in Vivado Hardware Manager reflects the user scan chain setting in the design and refresh the device.  To determine the user scan chain setting in the design, open the implemented design and use 'get_property C_USER_SCAN_CHAIN [get_debug_cores dbg_hub]'.
For more details on setting the scan chain property, consult the Vivado Debug and Programming User Guide (UG908).
reset_run synth_1
launch_runs impl_1 -to_step write_bitstream -jobs 4
[Thu Mar 19 15:29:25 2026] Launched synth_1...
Run output will be captured here: D:/NUS/EE2026/Complex Calculator/FDP/FDP.runs/synth_1/runme.log
[Thu Mar 19 15:29:25 2026] Launched impl_1...
Run output will be captured here: D:/NUS/EE2026/Complex Calculator/FDP/FDP.runs/impl_1/runme.log
set_property PROBES.FILE {} [get_hw_devices xc7a35t_0]
set_property FULL_PROBES.FILE {} [get_hw_devices xc7a35t_0]
set_property PROGRAM.FILE {D:/NUS/EE2026/Complex Calculator/FDP/FDP.runs/impl_1/Top_Student.bit} [get_hw_devices xc7a35t_0]
program_hw_devices [get_hw_devices xc7a35t_0]
INFO: [Labtools 27-3164] End of startup status: HIGH
refresh_hw_device [lindex [get_hw_devices xc7a35t_0] 0]
INFO: [Labtools 27-1434] Device xc7a35t (JTAG device index = 0) is programmed with a design that has no supported debug core(s) in it.
WARNING: [Labtools 27-3361] The debug hub core was not detected.
Resolution: 
1. Make sure the clock connected to the debug hub (dbg_hub) core is a free running clock and is active.
2. Make sure the BSCAN_SWITCH_USER_MASK device property in Vivado Hardware Manager reflects the user scan chain setting in the design and refresh the device.  To determine the user scan chain setting in the design, open the implemented design and use 'get_property C_USER_SCAN_CHAIN [get_debug_cores dbg_hub]'.
For more details on setting the scan chain property, consult the Vivado Debug and Programming User Guide (UG908).
reset_run synth_1
launch_runs impl_1 -to_step write_bitstream -jobs 4
[Thu Mar 19 15:49:56 2026] Launched synth_1...
Run output will be captured here: D:/NUS/EE2026/Complex Calculator/FDP/FDP.runs/synth_1/runme.log
[Thu Mar 19 15:49:56 2026] Launched impl_1...
Run output will be captured here: D:/NUS/EE2026/Complex Calculator/FDP/FDP.runs/impl_1/runme.log
reset_run synth_1
launch_runs impl_1 -to_step write_bitstream -jobs 4
[Thu Mar 19 15:57:14 2026] Launched synth_1...
Run output will be captured here: D:/NUS/EE2026/Complex Calculator/FDP/FDP.runs/synth_1/runme.log
[Thu Mar 19 15:57:14 2026] Launched impl_1...
Run output will be captured here: D:/NUS/EE2026/Complex Calculator/FDP/FDP.runs/impl_1/runme.log
reset_run synth_1
launch_runs impl_1 -to_step write_bitstream -jobs 4
[Thu Mar 19 16:25:20 2026] Launched synth_1...
Run output will be captured here: D:/NUS/EE2026/Complex Calculator/FDP/FDP.runs/synth_1/runme.log
[Thu Mar 19 16:25:20 2026] Launched impl_1...
Run output will be captured here: D:/NUS/EE2026/Complex Calculator/FDP/FDP.runs/impl_1/runme.log
reset_run synth_1
launch_runs impl_1 -to_step write_bitstream -jobs 4
[Thu Mar 19 16:26:40 2026] Launched synth_1...
Run output will be captured here: D:/NUS/EE2026/Complex Calculator/FDP/FDP.runs/synth_1/runme.log
[Thu Mar 19 16:26:40 2026] Launched impl_1...
Run output will be captured here: D:/NUS/EE2026/Complex Calculator/FDP/FDP.runs/impl_1/runme.log
set_property PROBES.FILE {} [get_hw_devices xc7a35t_0]
set_property FULL_PROBES.FILE {} [get_hw_devices xc7a35t_0]
set_property PROGRAM.FILE {D:/NUS/EE2026/Complex Calculator/FDP/FDP.runs/impl_1/Top_Student.bit} [get_hw_devices xc7a35t_0]
program_hw_devices [get_hw_devices xc7a35t_0]
INFO: [Labtools 27-3164] End of startup status: HIGH
refresh_hw_device [lindex [get_hw_devices xc7a35t_0] 0]
INFO: [Labtools 27-1434] Device xc7a35t (JTAG device index = 0) is programmed with a design that has no supported debug core(s) in it.
WARNING: [Labtools 27-3361] The debug hub core was not detected.
Resolution: 
1. Make sure the clock connected to the debug hub (dbg_hub) core is a free running clock and is active.
2. Make sure the BSCAN_SWITCH_USER_MASK device property in Vivado Hardware Manager reflects the user scan chain setting in the design and refresh the device.  To determine the user scan chain setting in the design, open the implemented design and use 'get_property C_USER_SCAN_CHAIN [get_debug_cores dbg_hub]'.
For more details on setting the scan chain property, consult the Vivado Debug and Programming User Guide (UG908).
reset_run synth_1
launch_runs impl_1 -to_step write_bitstream -jobs 4
[Thu Mar 19 16:33:19 2026] Launched synth_1...
Run output will be captured here: D:/NUS/EE2026/Complex Calculator/FDP/FDP.runs/synth_1/runme.log
[Thu Mar 19 16:33:19 2026] Launched impl_1...
Run output will be captured here: D:/NUS/EE2026/Complex Calculator/FDP/FDP.runs/impl_1/runme.log
set_property PROBES.FILE {} [get_hw_devices xc7a35t_0]
set_property FULL_PROBES.FILE {} [get_hw_devices xc7a35t_0]
set_property PROGRAM.FILE {D:/NUS/EE2026/Complex Calculator/FDP/FDP.runs/impl_1/Top_Student.bit} [get_hw_devices xc7a35t_0]
program_hw_devices [get_hw_devices xc7a35t_0]
INFO: [Labtools 27-3164] End of startup status: HIGH
refresh_hw_device [lindex [get_hw_devices xc7a35t_0] 0]
INFO: [Labtools 27-1434] Device xc7a35t (JTAG device index = 0) is programmed with a design that has no supported debug core(s) in it.
WARNING: [Labtools 27-3361] The debug hub core was not detected.
Resolution: 
1. Make sure the clock connected to the debug hub (dbg_hub) core is a free running clock and is active.
2. Make sure the BSCAN_SWITCH_USER_MASK device property in Vivado Hardware Manager reflects the user scan chain setting in the design and refresh the device.  To determine the user scan chain setting in the design, open the implemented design and use 'get_property C_USER_SCAN_CHAIN [get_debug_cores dbg_hub]'.
For more details on setting the scan chain property, consult the Vivado Debug and Programming User Guide (UG908).
