#-----------------------------------------------------------
# Vivado v2018.2 (64-bit)
# SW Build 2258646 on Thu Jun 14 20:03:12 MDT 2018
# IP Build 2256618 on Thu Jun 14 22:10:49 MDT 2018
# Start of session at: Thu Mar 26 21:19:47 2026
# Process ID: 19872
# Current directory: C:/Users/Tarun/Desktop/Complex-Calculator-master/Complex-Calculator-master/FDP
# Command line: vivado.exe -gui_launcher_event rodinguilauncherevent37676 C:\Users\Tarun\Desktop\Complex-Calculator-master\Complex-Calculator-master\FDP\FDP.xpr
# Log file: C:/Users/Tarun/Desktop/Complex-Calculator-master/Complex-Calculator-master/FDP/vivado.log
# Journal file: C:/Users/Tarun/Desktop/Complex-Calculator-master/Complex-Calculator-master/FDP\vivado.jou
#-----------------------------------------------------------
start_gui
open_project C:/Users/Tarun/Desktop/Complex-Calculator-master/Complex-Calculator-master/FDP/FDP.xpr
INFO: [Project 1-313] Project file moved from 'D:/NUS/EE2026/Complex Calculator/FDP' since last save.
Scanning sources...
Finished scanning sources
INFO: [IP_Flow 19-234] Refreshing IP repositories
INFO: [IP_Flow 19-1704] No user IP repositories specified
INFO: [IP_Flow 19-2313] Loaded Vivado IP repository 'C:/Xilinx/Vivado/2018.2/data/ip'.
update_compile_order -fileset sources_1
open_project D:/NUS/Y1/EE2026/Lab/Calculation/Calculation.xpr
Scanning sources...
Finished scanning sources
INFO: [IP_Flow 19-234] Refreshing IP repositories
INFO: [IP_Flow 19-1704] No user IP repositories specified
INFO: [IP_Flow 19-2313] Loaded Vivado IP repository 'C:/Xilinx/Vivado/2018.2/data/ip'.
update_compile_order -fileset sources_1
current_project FDP
close [ open C:/Users/Tarun/Desktop/Complex-Calculator-master/Complex-Calculator-master/FDP/FDP.srcs/sources_1/new/input_display.v w ]
add_files C:/Users/Tarun/Desktop/Complex-Calculator-master/Complex-Calculator-master/FDP/FDP.srcs/sources_1/new/input_display.v
update_compile_order -fileset sources_1
current_project Calculation
current_project FDP
update_compile_order -fileset sources_1
reset_run synth_1
launch_runs impl_1 -to_step write_bitstream -jobs 11
[Thu Mar 26 21:56:36 2026] Launched synth_1...
Run output will be captured here: C:/Users/Tarun/Desktop/Complex-Calculator-master/Complex-Calculator-master/FDP/FDP.runs/synth_1/runme.log
[Thu Mar 26 21:56:36 2026] Launched impl_1...
Run output will be captured here: C:/Users/Tarun/Desktop/Complex-Calculator-master/Complex-Calculator-master/FDP/FDP.runs/impl_1/runme.log
reset_run synth_1
launch_runs impl_1 -to_step write_bitstream -jobs 11
[Thu Mar 26 21:57:08 2026] Launched synth_1...
Run output will be captured here: C:/Users/Tarun/Desktop/Complex-Calculator-master/Complex-Calculator-master/FDP/FDP.runs/synth_1/runme.log
[Thu Mar 26 21:57:08 2026] Launched impl_1...
Run output will be captured here: C:/Users/Tarun/Desktop/Complex-Calculator-master/Complex-Calculator-master/FDP/FDP.runs/impl_1/runme.log
reset_run synth_1
launch_runs synth_1 -jobs 11
[Thu Mar 26 21:58:27 2026] Launched synth_1...
Run output will be captured here: C:/Users/Tarun/Desktop/Complex-Calculator-master/Complex-Calculator-master/FDP/FDP.runs/synth_1/runme.log
launch_runs impl_1 -jobs 11
[Thu Mar 26 21:58:55 2026] Launched impl_1...
Run output will be captured here: C:/Users/Tarun/Desktop/Complex-Calculator-master/Complex-Calculator-master/FDP/FDP.runs/impl_1/runme.log
launch_runs impl_1 -to_step write_bitstream -jobs 11
[Thu Mar 26 21:59:43 2026] Launched impl_1...
Run output will be captured here: C:/Users/Tarun/Desktop/Complex-Calculator-master/Complex-Calculator-master/FDP/FDP.runs/impl_1/runme.log
reset_run synth_1
launch_runs impl_1 -to_step write_bitstream -jobs 11
[Thu Mar 26 22:02:07 2026] Launched synth_1...
Run output will be captured here: C:/Users/Tarun/Desktop/Complex-Calculator-master/Complex-Calculator-master/FDP/FDP.runs/synth_1/runme.log
[Thu Mar 26 22:02:07 2026] Launched impl_1...
Run output will be captured here: C:/Users/Tarun/Desktop/Complex-Calculator-master/Complex-Calculator-master/FDP/FDP.runs/impl_1/runme.log
reset_run synth_1
launch_runs impl_1 -to_step write_bitstream -jobs 11
[Thu Mar 26 22:05:34 2026] Launched synth_1...
Run output will be captured here: C:/Users/Tarun/Desktop/Complex-Calculator-master/Complex-Calculator-master/FDP/FDP.runs/synth_1/runme.log
[Thu Mar 26 22:05:34 2026] Launched impl_1...
Run output will be captured here: C:/Users/Tarun/Desktop/Complex-Calculator-master/Complex-Calculator-master/FDP/FDP.runs/impl_1/runme.log
open_run impl_1
INFO: [Netlist 29-17] Analyzing 71 Unisim elements for replacement
INFO: [Netlist 29-28] Unisim Transformation completed in 0 CPU seconds
INFO: [Project 1-479] Netlist was created with Vivado 2018.2
INFO: [Device 21-403] Loading part xc7a35tcpg236-1
INFO: [Project 1-570] Preparing netlist for logic optimization
INFO: [Timing 38-478] Restoring timing data from binary archive.
INFO: [Timing 38-479] Binary timing data restore complete.
INFO: [Project 1-856] Restoring constraints from binary archive.
INFO: [Project 1-853] Binary constraint restore complete.
Reading XDEF placement.
Reading placer database...
Reading XDEF routing.
Read XDEF File: Time (s): cpu = 00:00:00 ; elapsed = 00:00:00.047 . Memory (MB): peak = 1771.645 ; gain = 0.000
Restored from archive | CPU: 0.000000 secs | Memory: 0.000000 MB |
Finished XDEF File Restore: Time (s): cpu = 00:00:00 ; elapsed = 00:00:00.047 . Memory (MB): peak = 1771.645 ; gain = 0.000
INFO: [Project 1-111] Unisim Transformation Summary:
No Unisim elements were transformed.

open_run: Time (s): cpu = 00:00:14 ; elapsed = 00:00:14 . Memory (MB): peak = 1883.977 ; gain = 930.227
open_hw
connect_hw_server
INFO: [Labtools 27-2285] Connecting to hw_server url TCP:localhost:3121
INFO: [Labtools 27-2222] Launching hw_server...
INFO: [Labtools 27-2221] Launch Output:

****** Xilinx hw_server v2018.2
  **** Build date : Jun 14 2018-20:42:52
    ** Copyright 1986-2018 Xilinx, Inc. All Rights Reserved.


open_hw_target
INFO: [Labtoolstcl 44-466] Opening hw_target localhost:3121/xilinx_tcf/Digilent/210183B40F44A
set_property PROGRAM.FILE {C:/Users/Tarun/Desktop/Complex-Calculator-master/Complex-Calculator-master/FDP/FDP.runs/impl_1/Top_Student.bit} [get_hw_devices xc7a35t_0]
current_hw_device [get_hw_devices xc7a35t_0]
refresh_hw_device -update_hw_probes false [lindex [get_hw_devices xc7a35t_0] 0]
INFO: [Labtools 27-1434] Device xc7a35t (JTAG device index = 0) is programmed with a design that has no supported debug core(s) in it.
WARNING: [Labtools 27-3361] The debug hub core was not detected.
Resolution: 
1. Make sure the clock connected to the debug hub (dbg_hub) core is a free running clock and is active.
2. Make sure the BSCAN_SWITCH_USER_MASK device property in Vivado Hardware Manager reflects the user scan chain setting in the design and refresh the device.  To determine the user scan chain setting in the design, open the implemented design and use 'get_property C_USER_SCAN_CHAIN [get_debug_cores dbg_hub]'.
For more details on setting the scan chain property, consult the Vivado Debug and Programming User Guide (UG908).
set_property PROBES.FILE {} [get_hw_devices xc7a35t_0]
set_property FULL_PROBES.FILE {} [get_hw_devices xc7a35t_0]
set_property PROGRAM.FILE {C:/Users/Tarun/Desktop/Complex-Calculator-master/Complex-Calculator-master/FDP/FDP.runs/impl_1/Top_Student.bit} [get_hw_devices xc7a35t_0]
program_hw_devices [get_hw_devices xc7a35t_0]
INFO: [Labtools 27-3164] End of startup status: HIGH
refresh_hw_device [lindex [get_hw_devices xc7a35t_0] 0]
INFO: [Labtools 27-1434] Device xc7a35t (JTAG device index = 0) is programmed with a design that has no supported debug core(s) in it.
WARNING: [Labtools 27-3361] The debug hub core was not detected.
Resolution: 
1. Make sure the clock connected to the debug hub (dbg_hub) core is a free running clock and is active.
2. Make sure the BSCAN_SWITCH_USER_MASK device property in Vivado Hardware Manager reflects the user scan chain setting in the design and refresh the device.  To determine the user scan chain setting in the design, open the implemented design and use 'get_property C_USER_SCAN_CHAIN [get_debug_cores dbg_hub]'.
For more details on setting the scan chain property, consult the Vivado Debug and Programming User Guide (UG908).
reset_run synth_1
launch_runs impl_1 -to_step write_bitstream -jobs 11
[Thu Mar 26 22:16:24 2026] Launched synth_1...
Run output will be captured here: C:/Users/Tarun/Desktop/Complex-Calculator-master/Complex-Calculator-master/FDP/FDP.runs/synth_1/runme.log
[Thu Mar 26 22:16:24 2026] Launched impl_1...
Run output will be captured here: C:/Users/Tarun/Desktop/Complex-Calculator-master/Complex-Calculator-master/FDP/FDP.runs/impl_1/runme.log
reset_run synth_1
launch_runs impl_1 -to_step write_bitstream -jobs 11
[Thu Mar 26 22:19:08 2026] Launched synth_1...
Run output will be captured here: C:/Users/Tarun/Desktop/Complex-Calculator-master/Complex-Calculator-master/FDP/FDP.runs/synth_1/runme.log
[Thu Mar 26 22:19:08 2026] Launched impl_1...
Run output will be captured here: C:/Users/Tarun/Desktop/Complex-Calculator-master/Complex-Calculator-master/FDP/FDP.runs/impl_1/runme.log
set_property PROBES.FILE {} [get_hw_devices xc7a35t_0]
set_property FULL_PROBES.FILE {} [get_hw_devices xc7a35t_0]
set_property PROGRAM.FILE {C:/Users/Tarun/Desktop/Complex-Calculator-master/Complex-Calculator-master/FDP/FDP.runs/impl_1/Top_Student.bit} [get_hw_devices xc7a35t_0]
program_hw_devices [get_hw_devices xc7a35t_0]
ERROR: [Labtools 27-3165] End of startup status: LOW
program_hw_devices: Time (s): cpu = 00:00:01 ; elapsed = 00:00:15 . Memory (MB): peak = 2531.566 ; gain = 0.000
ERROR: [Common 17-39] 'program_hw_devices' failed due to earlier errors.
ERROR: [Labtoolstcl 44-513] HW Target shutdown. Closing target: localhost:3121/xilinx_tcf/Digilent/210183B40F44A
disconnect_hw_server localhost:3121
connect_hw_server
INFO: [Labtools 27-2285] Connecting to hw_server url TCP:localhost:3121
INFO: [Common 17-41] Interrupt caught. Command should exit soon.
INFO: [Labtools 27-2058] connect_hw_server command cancelled.
connect_hw_server: Time (s): cpu = 00:00:01 ; elapsed = 00:00:29 . Memory (MB): peak = 2531.973 ; gain = 0.000
INFO: [Common 17-344] 'connect_hw_server' was cancelled
connect_hw_server
INFO: [Labtools 27-2285] Connecting to hw_server url TCP:localhost:3121
INFO: [Common 17-41] Interrupt caught. Command should exit soon.
ERROR: [Labtools 27-3366] Cannot support older hw_server version 
connect_hw_server: Time (s): cpu = 00:00:00 ; elapsed = 00:00:09 . Memory (MB): peak = 2531.973 ; gain = 0.000
INFO: [Common 17-344] 'connect_hw_server' was cancelled
connect_hw_server
INFO: [Labtools 27-2285] Connecting to hw_server url TCP:localhost:3121
open_hw_target
INFO: [Labtoolstcl 44-466] Opening hw_target localhost:3121/xilinx_tcf/Digilent/210183B40F44A
set_property PROGRAM.FILE {C:/Users/Tarun/Desktop/Complex-Calculator-master/Complex-Calculator-master/FDP/FDP.runs/impl_1/Top_Student.bit} [get_hw_devices xc7a35t_0]
current_hw_device [get_hw_devices xc7a35t_0]
refresh_hw_device -update_hw_probes false [lindex [get_hw_devices xc7a35t_0] 0]
INFO: [Labtools 27-1434] Device xc7a35t (JTAG device index = 0) is programmed with a design that has no supported debug core(s) in it.
WARNING: [Labtools 27-3361] The debug hub core was not detected.
Resolution: 
1. Make sure the clock connected to the debug hub (dbg_hub) core is a free running clock and is active.
2. Make sure the BSCAN_SWITCH_USER_MASK device property in Vivado Hardware Manager reflects the user scan chain setting in the design and refresh the device.  To determine the user scan chain setting in the design, open the implemented design and use 'get_property C_USER_SCAN_CHAIN [get_debug_cores dbg_hub]'.
For more details on setting the scan chain property, consult the Vivado Debug and Programming User Guide (UG908).
set_property PROBES.FILE {} [get_hw_devices xc7a35t_0]
set_property FULL_PROBES.FILE {} [get_hw_devices xc7a35t_0]
set_property PROGRAM.FILE {C:/Users/Tarun/Desktop/Complex-Calculator-master/Complex-Calculator-master/FDP/FDP.runs/impl_1/Top_Student.bit} [get_hw_devices xc7a35t_0]
program_hw_devices [get_hw_devices xc7a35t_0]
INFO: [Labtools 27-3164] End of startup status: HIGH
refresh_hw_device [lindex [get_hw_devices xc7a35t_0] 0]
INFO: [Labtools 27-1434] Device xc7a35t (JTAG device index = 0) is programmed with a design that has no supported debug core(s) in it.
WARNING: [Labtools 27-3361] The debug hub core was not detected.
Resolution: 
1. Make sure the clock connected to the debug hub (dbg_hub) core is a free running clock and is active.
2. Make sure the BSCAN_SWITCH_USER_MASK device property in Vivado Hardware Manager reflects the user scan chain setting in the design and refresh the device.  To determine the user scan chain setting in the design, open the implemented design and use 'get_property C_USER_SCAN_CHAIN [get_debug_cores dbg_hub]'.
For more details on setting the scan chain property, consult the Vivado Debug and Programming User Guide (UG908).
reset_run synth_1
launch_runs impl_1 -to_step write_bitstream -jobs 11
[Thu Mar 26 22:27:03 2026] Launched synth_1...
Run output will be captured here: C:/Users/Tarun/Desktop/Complex-Calculator-master/Complex-Calculator-master/FDP/FDP.runs/synth_1/runme.log
[Thu Mar 26 22:27:03 2026] Launched impl_1...
Run output will be captured here: C:/Users/Tarun/Desktop/Complex-Calculator-master/Complex-Calculator-master/FDP/FDP.runs/impl_1/runme.log
set_property PROBES.FILE {} [get_hw_devices xc7a35t_0]
set_property FULL_PROBES.FILE {} [get_hw_devices xc7a35t_0]
set_property PROGRAM.FILE {C:/Users/Tarun/Desktop/Complex-Calculator-master/Complex-Calculator-master/FDP/FDP.runs/impl_1/Top_Student.bit} [get_hw_devices xc7a35t_0]
program_hw_devices [get_hw_devices xc7a35t_0]
INFO: [Labtools 27-3164] End of startup status: HIGH
refresh_hw_device [lindex [get_hw_devices xc7a35t_0] 0]
INFO: [Labtools 27-1434] Device xc7a35t (JTAG device index = 0) is programmed with a design that has no supported debug core(s) in it.
WARNING: [Labtools 27-3361] The debug hub core was not detected.
Resolution: 
1. Make sure the clock connected to the debug hub (dbg_hub) core is a free running clock and is active.
2. Make sure the BSCAN_SWITCH_USER_MASK device property in Vivado Hardware Manager reflects the user scan chain setting in the design and refresh the device.  To determine the user scan chain setting in the design, open the implemented design and use 'get_property C_USER_SCAN_CHAIN [get_debug_cores dbg_hub]'.
For more details on setting the scan chain property, consult the Vivado Debug and Programming User Guide (UG908).
reset_run synth_1
launch_runs impl_1 -to_step write_bitstream -jobs 11
[Thu Mar 26 22:29:48 2026] Launched synth_1...
Run output will be captured here: C:/Users/Tarun/Desktop/Complex-Calculator-master/Complex-Calculator-master/FDP/FDP.runs/synth_1/runme.log
[Thu Mar 26 22:29:48 2026] Launched impl_1...
Run output will be captured here: C:/Users/Tarun/Desktop/Complex-Calculator-master/Complex-Calculator-master/FDP/FDP.runs/impl_1/runme.log
set_property PROBES.FILE {} [get_hw_devices xc7a35t_0]
set_property FULL_PROBES.FILE {} [get_hw_devices xc7a35t_0]
set_property PROGRAM.FILE {C:/Users/Tarun/Desktop/Complex-Calculator-master/Complex-Calculator-master/FDP/FDP.runs/impl_1/Top_Student.bit} [get_hw_devices xc7a35t_0]
program_hw_devices [get_hw_devices xc7a35t_0]
INFO: [Labtools 27-3164] End of startup status: HIGH
refresh_hw_device [lindex [get_hw_devices xc7a35t_0] 0]
INFO: [Labtools 27-1434] Device xc7a35t (JTAG device index = 0) is programmed with a design that has no supported debug core(s) in it.
WARNING: [Labtools 27-3361] The debug hub core was not detected.
Resolution: 
1. Make sure the clock connected to the debug hub (dbg_hub) core is a free running clock and is active.
2. Make sure the BSCAN_SWITCH_USER_MASK device property in Vivado Hardware Manager reflects the user scan chain setting in the design and refresh the device.  To determine the user scan chain setting in the design, open the implemented design and use 'get_property C_USER_SCAN_CHAIN [get_debug_cores dbg_hub]'.
For more details on setting the scan chain property, consult the Vivado Debug and Programming User Guide (UG908).
reset_run synth_1
launch_runs impl_1 -to_step write_bitstream -jobs 11
[Thu Mar 26 22:49:26 2026] Launched synth_1...
Run output will be captured here: C:/Users/Tarun/Desktop/Complex-Calculator-master/Complex-Calculator-master/FDP/FDP.runs/synth_1/runme.log
[Thu Mar 26 22:49:26 2026] Launched impl_1...
Run output will be captured here: C:/Users/Tarun/Desktop/Complex-Calculator-master/Complex-Calculator-master/FDP/FDP.runs/impl_1/runme.log
set_property PROBES.FILE {} [get_hw_devices xc7a35t_0]
set_property FULL_PROBES.FILE {} [get_hw_devices xc7a35t_0]
set_property PROGRAM.FILE {C:/Users/Tarun/Desktop/Complex-Calculator-master/Complex-Calculator-master/FDP/FDP.runs/impl_1/Top_Student.bit} [get_hw_devices xc7a35t_0]
program_hw_devices [get_hw_devices xc7a35t_0]
INFO: [Labtools 27-3164] End of startup status: HIGH
refresh_hw_device [lindex [get_hw_devices xc7a35t_0] 0]
INFO: [Labtools 27-1434] Device xc7a35t (JTAG device index = 0) is programmed with a design that has no supported debug core(s) in it.
WARNING: [Labtools 27-3361] The debug hub core was not detected.
Resolution: 
1. Make sure the clock connected to the debug hub (dbg_hub) core is a free running clock and is active.
2. Make sure the BSCAN_SWITCH_USER_MASK device property in Vivado Hardware Manager reflects the user scan chain setting in the design and refresh the device.  To determine the user scan chain setting in the design, open the implemented design and use 'get_property C_USER_SCAN_CHAIN [get_debug_cores dbg_hub]'.
For more details on setting the scan chain property, consult the Vivado Debug and Programming User Guide (UG908).
reset_run synth_1
launch_runs impl_1 -to_step write_bitstream -jobs 11
[Thu Mar 26 23:08:41 2026] Launched synth_1...
Run output will be captured here: C:/Users/Tarun/Desktop/Complex-Calculator-master/Complex-Calculator-master/FDP/FDP.runs/synth_1/runme.log
[Thu Mar 26 23:08:41 2026] Launched impl_1...
Run output will be captured here: C:/Users/Tarun/Desktop/Complex-Calculator-master/Complex-Calculator-master/FDP/FDP.runs/impl_1/runme.log
set_property PROBES.FILE {} [get_hw_devices xc7a35t_0]
set_property FULL_PROBES.FILE {} [get_hw_devices xc7a35t_0]
set_property PROGRAM.FILE {C:/Users/Tarun/Desktop/Complex-Calculator-master/Complex-Calculator-master/FDP/FDP.runs/impl_1/Top_Student.bit} [get_hw_devices xc7a35t_0]
program_hw_devices [get_hw_devices xc7a35t_0]
INFO: [Labtools 27-3164] End of startup status: HIGH
refresh_hw_device [lindex [get_hw_devices xc7a35t_0] 0]
INFO: [Labtools 27-1434] Device xc7a35t (JTAG device index = 0) is programmed with a design that has no supported debug core(s) in it.
WARNING: [Labtools 27-3361] The debug hub core was not detected.
Resolution: 
1. Make sure the clock connected to the debug hub (dbg_hub) core is a free running clock and is active.
2. Make sure the BSCAN_SWITCH_USER_MASK device property in Vivado Hardware Manager reflects the user scan chain setting in the design and refresh the device.  To determine the user scan chain setting in the design, open the implemented design and use 'get_property C_USER_SCAN_CHAIN [get_debug_cores dbg_hub]'.
For more details on setting the scan chain property, consult the Vivado Debug and Programming User Guide (UG908).
reset_run synth_1
launch_runs impl_1 -to_step write_bitstream -jobs 11
[Thu Mar 26 23:15:48 2026] Launched synth_1...
Run output will be captured here: C:/Users/Tarun/Desktop/Complex-Calculator-master/Complex-Calculator-master/FDP/FDP.runs/synth_1/runme.log
[Thu Mar 26 23:15:48 2026] Launched impl_1...
Run output will be captured here: C:/Users/Tarun/Desktop/Complex-Calculator-master/Complex-Calculator-master/FDP/FDP.runs/impl_1/runme.log
reset_run synth_1
launch_runs impl_1 -to_step write_bitstream -jobs 11
[Thu Mar 26 23:17:17 2026] Launched synth_1...
Run output will be captured here: C:/Users/Tarun/Desktop/Complex-Calculator-master/Complex-Calculator-master/FDP/FDP.runs/synth_1/runme.log
[Thu Mar 26 23:17:17 2026] Launched impl_1...
Run output will be captured here: C:/Users/Tarun/Desktop/Complex-Calculator-master/Complex-Calculator-master/FDP/FDP.runs/impl_1/runme.log
set_property PROBES.FILE {} [get_hw_devices xc7a35t_0]
set_property FULL_PROBES.FILE {} [get_hw_devices xc7a35t_0]
set_property PROGRAM.FILE {C:/Users/Tarun/Desktop/Complex-Calculator-master/Complex-Calculator-master/FDP/FDP.runs/impl_1/Top_Student.bit} [get_hw_devices xc7a35t_0]
program_hw_devices [get_hw_devices xc7a35t_0]
INFO: [Labtools 27-3164] End of startup status: HIGH
refresh_hw_device [lindex [get_hw_devices xc7a35t_0] 0]
INFO: [Labtools 27-1434] Device xc7a35t (JTAG device index = 0) is programmed with a design that has no supported debug core(s) in it.
WARNING: [Labtools 27-3361] The debug hub core was not detected.
Resolution: 
1. Make sure the clock connected to the debug hub (dbg_hub) core is a free running clock and is active.
2. Make sure the BSCAN_SWITCH_USER_MASK device property in Vivado Hardware Manager reflects the user scan chain setting in the design and refresh the device.  To determine the user scan chain setting in the design, open the implemented design and use 'get_property C_USER_SCAN_CHAIN [get_debug_cores dbg_hub]'.
For more details on setting the scan chain property, consult the Vivado Debug and Programming User Guide (UG908).
current_project Calculation
close_project
ERROR: [Labtoolstcl 44-513] HW Target shutdown. Closing target: localhost:3121/xilinx_tcf/Digilent/210183B40F44A
exit
INFO: [Common 17-206] Exiting Vivado at Thu Mar 26 23:32:03 2026...
