#-----------------------------------------------------------
# Vivado v2018.2 (64-bit)
# SW Build 2258646 on Thu Jun 14 20:03:12 MDT 2018
# IP Build 2256618 on Thu Jun 14 22:10:49 MDT 2018
# Start of session at: Sun Mar  2 15:39:26 2025
# Process ID: 3416
# Current directory: C:/Users/Christopher/Desktop/MODS
# Command line: vivado.exe -gui_launcher_event rodinguilauncherevent12016 C:\Users\Christopher\Desktop\MODS\MODS.xpr
# Log file: C:/Users/Christopher/Desktop/MODS/vivado.log
# Journal file: C:/Users/Christopher/Desktop/MODS\vivado.jou
#-----------------------------------------------------------
start_gui
open_project C:/Users/Christopher/Desktop/MODS/MODS.xpr
Scanning sources...
Finished scanning sources
INFO: [IP_Flow 19-234] Refreshing IP repositories
INFO: [IP_Flow 19-1704] No user IP repositories specified
INFO: [IP_Flow 19-2313] Loaded Vivado IP repository 'C:/Xilinx/Vivado/2018.2/data/ip'.
update_compile_order -fileset sources_1
save_project_as FDP C:/Users/Christopher/Desktop/FDP -force
import_files
INFO: [filemgmt 20-348] Importing the appropriate files for fileset: 'sources_1'
archive_project C:/Users/Christopher/Desktop/FDP.xpr.zip -temp_dir C:/Users/Christopher/Desktop/MODS/.Xil/Vivado-3416-CMS-SG-D1-13900K -force -exclude_run_results -include_config_settings
INFO: [Coretcl 2-137] starting archive...
INFO: [Coretcl 2-1499] Saving project copy to temporary location 'C:/Users/Christopher/Desktop/MODS/.Xil/Vivado-3416-CMS-SG-D1-13900K' for archiving project
Scanning sources...
Finished scanning sources
INFO: [IP_Flow 19-234] Refreshing IP repositories
INFO: [IP_Flow 19-1704] No user IP repositories specified
INFO: [IP_Flow 19-2313] Loaded Vivado IP repository 'C:/Xilinx/Vivado/2018.2/data/ip'.
INFO: [Coretcl 2-1211] Creating project copy for archival...
INFO: [Coretcl 2-135] resetting runs for excluding generated files from archive...
WARNING: [Coretcl 2-105] Run 'synth_1' is currently active
INFO: [Coretcl 2-133] re-setting run 'synth_1'...
INFO: [Coretcl 2-133] re-setting run 'impl_1'...
