#-----------------------------------------------------------
# Vivado v2018.2 (64-bit)
# SW Build 2258646 on Thu Jun 14 20:03:12 MDT 2018
# IP Build 2256618 on Thu Jun 14 22:10:49 MDT 2018
# Start of session at: Sun Apr  5 21:43:04 2026
# Process ID: 39636
# Current directory: C:/Users/Tarun/Desktop/FDP_123.xpr/FDP
# Command line: vivado.exe -gui_launcher_event rodinguilauncherevent39628 C:\Users\Tarun\Desktop\FDP_123.xpr\FDP\FDP.xpr
# Log file: C:/Users/Tarun/Desktop/FDP_123.xpr/FDP/vivado.log
# Journal file: C:/Users/Tarun/Desktop/FDP_123.xpr/FDP\vivado.jou
#-----------------------------------------------------------
start_gui
open_project C:/Users/Tarun/Desktop/FDP_123.xpr/FDP/FDP.xpr
Scanning sources...
Finished scanning sources
INFO: [IP_Flow 19-234] Refreshing IP repositories
INFO: [IP_Flow 19-1704] No user IP repositories specified
INFO: [IP_Flow 19-2313] Loaded Vivado IP repository 'C:/Xilinx/Vivado/2018.2/data/ip'.
update_compile_order -fileset sources_1
update_compile_order -fileset sim_1
launch_runs impl_1 -to_step write_bitstream -jobs 11
[Sun Apr  5 22:01:01 2026] Launched synth_1...
Run output will be captured here: C:/Users/Tarun/Desktop/FDP_123.xpr/FDP/FDP.runs/synth_1/runme.log
[Sun Apr  5 22:01:01 2026] Launched impl_1...
Run output will be captured here: C:/Users/Tarun/Desktop/FDP_123.xpr/FDP/FDP.runs/impl_1/runme.log
open_run impl_1
INFO: [Netlist 29-17] Analyzing 4042 Unisim elements for replacement
INFO: [Netlist 29-28] Unisim Transformation completed in 0 CPU seconds
INFO: [Project 1-479] Netlist was created with Vivado 2018.2
INFO: [Device 21-403] Loading part xc7a35tcpg236-1
INFO: [Project 1-570] Preparing netlist for logic optimization
INFO: [Timing 38-478] Restoring timing data from binary archive.
INFO: [Timing 38-479] Binary timing data restore complete.
INFO: [Project 1-856] Restoring constraints from binary archive.
INFO: [Project 1-853] Binary constraint restore complete.
Reading XDEF placement.
Reading placer database...
Reading XDEF routing.
Read XDEF File: Time (s): cpu = 00:00:01 ; elapsed = 00:00:00.935 . Memory (MB): peak = 1798.047 ; gain = 10.469
Restored from archive | CPU: 1.000000 secs | Memory: 0.000000 MB |
Finished XDEF File Restore: Time (s): cpu = 00:00:01 ; elapsed = 00:00:00.936 . Memory (MB): peak = 1798.047 ; gain = 10.469
INFO: [Project 1-111] Unisim Transformation Summary:
No Unisim elements were transformed.

open_run: Time (s): cpu = 00:00:19 ; elapsed = 00:00:16 . Memory (MB): peak = 1933.188 ; gain = 1031.141
open_hw
connect_hw_server
INFO: [Labtools 27-2285] Connecting to hw_server url TCP:localhost:3121
INFO: [Labtools 27-2222] Launching hw_server...
INFO: [Labtools 27-2221] Launch Output:

****** Xilinx hw_server v2018.2
  **** Build date : Jun 14 2018-20:42:52
    ** Copyright 1986-2018 Xilinx, Inc. All Rights Reserved.


open_hw_target
INFO: [Labtoolstcl 44-466] Opening hw_target localhost:3121/xilinx_tcf/Digilent/210183B40F44A
set_property PROGRAM.FILE {C:/Users/Tarun/Desktop/FDP_123.xpr/FDP/FDP.runs/impl_1/Top_Student.bit} [get_hw_devices xc7a35t_0]
current_hw_device [get_hw_devices xc7a35t_0]
refresh_hw_device -update_hw_probes false [lindex [get_hw_devices xc7a35t_0] 0]
INFO: [Labtools 27-1434] Device xc7a35t (JTAG device index = 0) is programmed with a design that has no supported debug core(s) in it.
WARNING: [Labtools 27-3361] The debug hub core was not detected.
Resolution: 
1. Make sure the clock connected to the debug hub (dbg_hub) core is a free running clock and is active.
2. Make sure the BSCAN_SWITCH_USER_MASK device property in Vivado Hardware Manager reflects the user scan chain setting in the design and refresh the device.  To determine the user scan chain setting in the design, open the implemented design and use 'get_property C_USER_SCAN_CHAIN [get_debug_cores dbg_hub]'.
For more details on setting the scan chain property, consult the Vivado Debug and Programming User Guide (UG908).
set_property PROBES.FILE {} [get_hw_devices xc7a35t_0]
set_property FULL_PROBES.FILE {} [get_hw_devices xc7a35t_0]
set_property PROGRAM.FILE {C:/Users/Tarun/Desktop/FDP_123.xpr/FDP/FDP.runs/impl_1/Top_Student.bit} [get_hw_devices xc7a35t_0]
program_hw_devices [get_hw_devices xc7a35t_0]
INFO: [Labtools 27-3164] End of startup status: HIGH
refresh_hw_device [lindex [get_hw_devices xc7a35t_0] 0]
INFO: [Labtools 27-1434] Device xc7a35t (JTAG device index = 0) is programmed with a design that has no supported debug core(s) in it.
WARNING: [Labtools 27-3361] The debug hub core was not detected.
Resolution: 
1. Make sure the clock connected to the debug hub (dbg_hub) core is a free running clock and is active.
2. Make sure the BSCAN_SWITCH_USER_MASK device property in Vivado Hardware Manager reflects the user scan chain setting in the design and refresh the device.  To determine the user scan chain setting in the design, open the implemented design and use 'get_property C_USER_SCAN_CHAIN [get_debug_cores dbg_hub]'.
For more details on setting the scan chain property, consult the Vivado Debug and Programming User Guide (UG908).
reset_run synth_1
launch_runs impl_1 -to_step write_bitstream -jobs 11
[Sun Apr  5 22:13:58 2026] Launched synth_1...
Run output will be captured here: C:/Users/Tarun/Desktop/FDP_123.xpr/FDP/FDP.runs/synth_1/runme.log
[Sun Apr  5 22:13:58 2026] Launched impl_1...
Run output will be captured here: C:/Users/Tarun/Desktop/FDP_123.xpr/FDP/FDP.runs/impl_1/runme.log
set_property PROBES.FILE {} [get_hw_devices xc7a35t_0]
set_property FULL_PROBES.FILE {} [get_hw_devices xc7a35t_0]
set_property PROGRAM.FILE {C:/Users/Tarun/Desktop/FDP_123.xpr/FDP/FDP.runs/impl_1/Top_Student.bit} [get_hw_devices xc7a35t_0]
program_hw_devices [get_hw_devices xc7a35t_0]
INFO: [Labtools 27-3164] End of startup status: HIGH
refresh_hw_device [lindex [get_hw_devices xc7a35t_0] 0]
INFO: [Labtools 27-1434] Device xc7a35t (JTAG device index = 0) is programmed with a design that has no supported debug core(s) in it.
WARNING: [Labtools 27-3361] The debug hub core was not detected.
Resolution: 
1. Make sure the clock connected to the debug hub (dbg_hub) core is a free running clock and is active.
2. Make sure the BSCAN_SWITCH_USER_MASK device property in Vivado Hardware Manager reflects the user scan chain setting in the design and refresh the device.  To determine the user scan chain setting in the design, open the implemented design and use 'get_property C_USER_SCAN_CHAIN [get_debug_cores dbg_hub]'.
For more details on setting the scan chain property, consult the Vivado Debug and Programming User Guide (UG908).
show_objects -name dbg [get_cells -hierarchical -filter { PRIMITIVE_TYPE =~ CARRY.*.* } ]
close_design
open_run synth_1 -name synth_1
Design is defaulting to impl run constrset: constrs_1
Design is defaulting to synth run part: xc7a35tcpg236-1
INFO: [Netlist 29-17] Analyzing 4042 Unisim elements for replacement
INFO: [Netlist 29-28] Unisim Transformation completed in 0 CPU seconds
INFO: [Project 1-479] Netlist was created with Vivado 2018.2
INFO: [Project 1-570] Preparing netlist for logic optimization
Parsing XDC File [C:/Users/Tarun/Desktop/FDP_123.xpr/FDP/FDP.srcs/constrs_1/new/constraints.xdc]
CRITICAL WARNING: [Vivado 12-1419] Debug core 'dbg_hub' was not found. [C:/Users/Tarun/Desktop/FDP_123.xpr/FDP/FDP.srcs/constrs_1/new/constraints.xdc:10]
WARNING: [Vivado 12-584] No ports matched 'sw[4]'. [C:/Users/Tarun/Desktop/FDP_123.xpr/FDP/FDP.srcs/constrs_1/new/constraints.xdc:16]
CRITICAL WARNING: [Common 17-55] 'set_property' expects at least one object. [C:/Users/Tarun/Desktop/FDP_123.xpr/FDP/FDP.srcs/constrs_1/new/constraints.xdc:16]
Resolution: If [get_<value>] was used to populate the object, check to make sure this command returns at least one valid object.
Finished Parsing XDC File [C:/Users/Tarun/Desktop/FDP_123.xpr/FDP/FDP.srcs/constrs_1/new/constraints.xdc]
INFO: [Opt 31-138] Pushed 0 inverter(s) to 0 load pin(s).
INFO: [Project 1-111] Unisim Transformation Summary:
No Unisim elements were transformed.

create_debug_core u_ila_0 ila
set_property C_DATA_DEPTH 1024 [get_debug_cores u_ila_0]
set_property C_TRIGIN_EN false [get_debug_cores u_ila_0]
set_property C_TRIGOUT_EN false [get_debug_cores u_ila_0]
set_property C_ADV_TRIGGER false [get_debug_cores u_ila_0]
set_property C_INPUT_PIPE_STAGES 0 [get_debug_cores u_ila_0]
set_property C_EN_STRG_QUAL false [get_debug_cores u_ila_0]
set_property ALL_PROBE_SAME_MU true [get_debug_cores u_ila_0]
set_property ALL_PROBE_SAME_MU_CNT 1 [get_debug_cores u_ila_0]
set_property port_width 1 [get_debug_ports u_ila_0/clk]
connect_debug_port u_ila_0/clk [get_nets [list clk_IBUF_BUFG ]]
set_property port_width 7 [get_debug_ports u_ila_0/probe0]
set_property PROBE_TYPE DATA_AND_TRIGGER [get_debug_ports u_ila_0/probe0]
connect_debug_port u_ila_0/probe0 [get_nets [list {real_1[0]} {real_1[1]} {real_1[2]} {real_1[3]} {real_1[4]} {real_1[5]} {real_1[6]} ]]
create_debug_port u_ila_0 probe
set_property port_width 7 [get_debug_ports u_ila_0/probe1]
set_property PROBE_TYPE DATA_AND_TRIGGER [get_debug_ports u_ila_0/probe1]
connect_debug_port u_ila_0/probe1 [get_nets [list {img_2[0]} {img_2[1]} {img_2[2]} {img_2[3]} {img_2[4]} {img_2[5]} {img_2[6]} ]]
create_debug_port u_ila_0 probe
set_property port_width 20 [get_debug_ports u_ila_0/probe2]
set_property PROBE_TYPE DATA_AND_TRIGGER [get_debug_ports u_ila_0/probe2]
connect_debug_port u_ila_0/probe2 [get_nets [list {output2[0]} {output2[1]} {output2[2]} {output2[3]} {output2[4]} {output2[5]} {output2[6]} {output2[7]} {output2[8]} {output2[9]} {output2[10]} {output2[11]} {output2[12]} {output2[13]} {output2[14]} {output2[15]} {output2[16]} {output2[17]} {output2[18]} {output2[19]} ]]
create_debug_port u_ila_0 probe
set_property port_width 7 [get_debug_ports u_ila_0/probe3]
set_property PROBE_TYPE DATA_AND_TRIGGER [get_debug_ports u_ila_0/probe3]
connect_debug_port u_ila_0/probe3 [get_nets [list {img_1[0]} {img_1[1]} {img_1[2]} {img_1[3]} {img_1[4]} {img_1[5]} {img_1[6]} ]]
create_debug_port u_ila_0 probe
set_property port_width 20 [get_debug_ports u_ila_0/probe4]
set_property PROBE_TYPE DATA_AND_TRIGGER [get_debug_ports u_ila_0/probe4]
connect_debug_port u_ila_0/probe4 [get_nets [list {output1[0]} {output1[1]} {output1[2]} {output1[3]} {output1[4]} {output1[5]} {output1[6]} {output1[7]} {output1[8]} {output1[9]} {output1[10]} {output1[11]} {output1[12]} {output1[13]} {output1[14]} {output1[15]} {output1[16]} {output1[17]} {output1[18]} {output1[19]} ]]
create_debug_port u_ila_0 probe
set_property port_width 7 [get_debug_ports u_ila_0/probe5]
set_property PROBE_TYPE DATA_AND_TRIGGER [get_debug_ports u_ila_0/probe5]
connect_debug_port u_ila_0/probe5 [get_nets [list {real_2[0]} {real_2[1]} {real_2[2]} {real_2[3]} {real_2[4]} {real_2[5]} {real_2[6]} ]]
save_constraints -force
INFO: [Project 1-96] Target constrs file set to 'C:/Users/Tarun/Desktop/FDP_123.xpr/FDP/FDP.srcs/constrs_1/new/constraints.xdc' for the 'constrs_1' constraints set.
reset_run impl_1
launch_runs impl_1 -to_step write_bitstream -jobs 11
INFO: [Timing 38-480] Writing timing data to binary archive.
Writing placer database...
Writing XDEF routing.
Writing XDEF routing logical nets.
Writing XDEF routing special nets.
Write XDEF Complete: Time (s): cpu = 00:00:00 ; elapsed = 00:00:00.058 . Memory (MB): peak = 2672.191 ; gain = 0.000
[Sun Apr  5 22:27:46 2026] Launched impl_1...
Run output will be captured here: C:/Users/Tarun/Desktop/FDP_123.xpr/FDP/FDP.runs/impl_1/runme.log
set_property PROBES.FILE {C:/Users/Tarun/Desktop/FDP_123.xpr/FDP/FDP.runs/impl_1/Top_Student.ltx} [get_hw_devices xc7a35t_0]
set_property FULL_PROBES.FILE {C:/Users/Tarun/Desktop/FDP_123.xpr/FDP/FDP.runs/impl_1/Top_Student.ltx} [get_hw_devices xc7a35t_0]
set_property PROGRAM.FILE {C:/Users/Tarun/Desktop/FDP_123.xpr/FDP/FDP.runs/impl_1/Top_Student.bit} [get_hw_devices xc7a35t_0]
program_hw_devices [get_hw_devices xc7a35t_0]
INFO: [Labtools 27-3164] End of startup status: HIGH
refresh_hw_device [lindex [get_hw_devices xc7a35t_0] 0]
INFO: [Labtools 27-2302] Device xc7a35t (JTAG device index = 0) is programmed with a design that has 1 ILA core(s).
display_hw_ila_data [ get_hw_ila_data hw_ila_data_1 -of_objects [get_hw_ilas -of_objects [get_hw_devices xc7a35t_0] -filter {CELL_NAME=~"u_ila_0"}]]
INFO: [Labtools 27-3304] ILA Waveform data saved to file C:/Users/Tarun/Desktop/FDP_123.xpr/FDP/FDP.hw/backup/hw_ila_data_1.ila. Use Tcl command 'read_hw_ila_data' or Vivado File->Import->Import ILA Data menu item to import the previously saved data.
run_hw_ila [get_hw_ilas -of_objects [get_hw_devices xc7a35t_0] -filter {CELL_NAME=~"u_ila_0"}]
INFO: [Labtools 27-1964] The ILA core 'hw_ila_1' trigger was armed at 2026-Apr-05 22:32:11
wait_on_hw_ila [get_hw_ilas -of_objects [get_hw_devices xc7a35t_0] -filter {CELL_NAME=~"u_ila_0"}]
display_hw_ila_data [upload_hw_ila_data [get_hw_ilas -of_objects [get_hw_devices xc7a35t_0] -filter {CELL_NAME=~"u_ila_0"}]]
INFO: [Labtools 27-1966] The ILA core 'hw_ila_1' triggered at 2026-Apr-05 22:32:11
INFO: [Labtools 27-3304] ILA Waveform data saved to file C:/Users/Tarun/Desktop/FDP_123.xpr/FDP/FDP.hw/backup/hw_ila_data_1.ila. Use Tcl command 'read_hw_ila_data' or Vivado File->Import->Import ILA Data menu item to import the previously saved data.
run_hw_ila [get_hw_ilas -of_objects [get_hw_devices xc7a35t_0] -filter {CELL_NAME=~"u_ila_0"}]
INFO: [Labtools 27-1964] The ILA core 'hw_ila_1' trigger was armed at 2026-Apr-05 22:32:36
wait_on_hw_ila [get_hw_ilas -of_objects [get_hw_devices xc7a35t_0] -filter {CELL_NAME=~"u_ila_0"}]
display_hw_ila_data [upload_hw_ila_data [get_hw_ilas -of_objects [get_hw_devices xc7a35t_0] -filter {CELL_NAME=~"u_ila_0"}]]
INFO: [Labtools 27-1966] The ILA core 'hw_ila_1' triggered at 2026-Apr-05 22:32:36
INFO: [Labtools 27-3304] ILA Waveform data saved to file C:/Users/Tarun/Desktop/FDP_123.xpr/FDP/FDP.hw/backup/hw_ila_data_1.ila. Use Tcl command 'read_hw_ila_data' or Vivado File->Import->Import ILA Data menu item to import the previously saved data.
run_hw_ila [get_hw_ilas -of_objects [get_hw_devices xc7a35t_0] -filter {CELL_NAME=~"u_ila_0"}]
INFO: [Labtools 27-1964] The ILA core 'hw_ila_1' trigger was armed at 2026-Apr-05 22:33:11
wait_on_hw_ila [get_hw_ilas -of_objects [get_hw_devices xc7a35t_0] -filter {CELL_NAME=~"u_ila_0"}]
display_hw_ila_data [upload_hw_ila_data [get_hw_ilas -of_objects [get_hw_devices xc7a35t_0] -filter {CELL_NAME=~"u_ila_0"}]]
INFO: [Labtools 27-1966] The ILA core 'hw_ila_1' triggered at 2026-Apr-05 22:33:11
INFO: [Labtools 27-3304] ILA Waveform data saved to file C:/Users/Tarun/Desktop/FDP_123.xpr/FDP/FDP.hw/backup/hw_ila_data_1.ila. Use Tcl command 'read_hw_ila_data' or Vivado File->Import->Import ILA Data menu item to import the previously saved data.
run_hw_ila [get_hw_ilas -of_objects [get_hw_devices xc7a35t_0] -filter {CELL_NAME=~"u_ila_0"}]
INFO: [Labtools 27-1964] The ILA core 'hw_ila_1' trigger was armed at 2026-Apr-05 22:33:33
wait_on_hw_ila [get_hw_ilas -of_objects [get_hw_devices xc7a35t_0] -filter {CELL_NAME=~"u_ila_0"}]
display_hw_ila_data [upload_hw_ila_data [get_hw_ilas -of_objects [get_hw_devices xc7a35t_0] -filter {CELL_NAME=~"u_ila_0"}]]
INFO: [Labtools 27-1966] The ILA core 'hw_ila_1' triggered at 2026-Apr-05 22:33:33
INFO: [Labtools 27-3304] ILA Waveform data saved to file C:/Users/Tarun/Desktop/FDP_123.xpr/FDP/FDP.hw/backup/hw_ila_data_1.ila. Use Tcl command 'read_hw_ila_data' or Vivado File->Import->Import ILA Data menu item to import the previously saved data.
run_hw_ila [get_hw_ilas -of_objects [get_hw_devices xc7a35t_0] -filter {CELL_NAME=~"u_ila_0"}]
INFO: [Labtools 27-1964] The ILA core 'hw_ila_1' trigger was armed at 2026-Apr-05 22:33:52
wait_on_hw_ila [get_hw_ilas -of_objects [get_hw_devices xc7a35t_0] -filter {CELL_NAME=~"u_ila_0"}]
display_hw_ila_data [upload_hw_ila_data [get_hw_ilas -of_objects [get_hw_devices xc7a35t_0] -filter {CELL_NAME=~"u_ila_0"}]]
INFO: [Labtools 27-1966] The ILA core 'hw_ila_1' triggered at 2026-Apr-05 22:33:52
INFO: [Labtools 27-3304] ILA Waveform data saved to file C:/Users/Tarun/Desktop/FDP_123.xpr/FDP/FDP.hw/backup/hw_ila_data_1.ila. Use Tcl command 'read_hw_ila_data' or Vivado File->Import->Import ILA Data menu item to import the previously saved data.
run_hw_ila [get_hw_ilas -of_objects [get_hw_devices xc7a35t_0] -filter {CELL_NAME=~"u_ila_0"}]
INFO: [Labtools 27-1964] The ILA core 'hw_ila_1' trigger was armed at 2026-Apr-05 22:34:00
wait_on_hw_ila [get_hw_ilas -of_objects [get_hw_devices xc7a35t_0] -filter {CELL_NAME=~"u_ila_0"}]
display_hw_ila_data [upload_hw_ila_data [get_hw_ilas -of_objects [get_hw_devices xc7a35t_0] -filter {CELL_NAME=~"u_ila_0"}]]
INFO: [Labtools 27-1966] The ILA core 'hw_ila_1' triggered at 2026-Apr-05 22:34:00
INFO: [Labtools 27-3304] ILA Waveform data saved to file C:/Users/Tarun/Desktop/FDP_123.xpr/FDP/FDP.hw/backup/hw_ila_data_1.ila. Use Tcl command 'read_hw_ila_data' or Vivado File->Import->Import ILA Data menu item to import the previously saved data.
run_hw_ila [get_hw_ilas -of_objects [get_hw_devices xc7a35t_0] -filter {CELL_NAME=~"u_ila_0"}]
INFO: [Labtools 27-1964] The ILA core 'hw_ila_1' trigger was armed at 2026-Apr-05 22:34:16
wait_on_hw_ila [get_hw_ilas -of_objects [get_hw_devices xc7a35t_0] -filter {CELL_NAME=~"u_ila_0"}]
display_hw_ila_data [upload_hw_ila_data [get_hw_ilas -of_objects [get_hw_devices xc7a35t_0] -filter {CELL_NAME=~"u_ila_0"}]]
INFO: [Labtools 27-1966] The ILA core 'hw_ila_1' triggered at 2026-Apr-05 22:34:16
INFO: [Labtools 27-3304] ILA Waveform data saved to file C:/Users/Tarun/Desktop/FDP_123.xpr/FDP/FDP.hw/backup/hw_ila_data_1.ila. Use Tcl command 'read_hw_ila_data' or Vivado File->Import->Import ILA Data menu item to import the previously saved data.
run_hw_ila [get_hw_ilas -of_objects [get_hw_devices xc7a35t_0] -filter {CELL_NAME=~"u_ila_0"}]
INFO: [Labtools 27-1964] The ILA core 'hw_ila_1' trigger was armed at 2026-Apr-05 22:34:24
wait_on_hw_ila [get_hw_ilas -of_objects [get_hw_devices xc7a35t_0] -filter {CELL_NAME=~"u_ila_0"}]
display_hw_ila_data [upload_hw_ila_data [get_hw_ilas -of_objects [get_hw_devices xc7a35t_0] -filter {CELL_NAME=~"u_ila_0"}]]
INFO: [Labtools 27-1966] The ILA core 'hw_ila_1' triggered at 2026-Apr-05 22:34:24
INFO: [Labtools 27-3304] ILA Waveform data saved to file C:/Users/Tarun/Desktop/FDP_123.xpr/FDP/FDP.hw/backup/hw_ila_data_1.ila. Use Tcl command 'read_hw_ila_data' or Vivado File->Import->Import ILA Data menu item to import the previously saved data.
run_hw_ila [get_hw_ilas -of_objects [get_hw_devices xc7a35t_0] -filter {CELL_NAME=~"u_ila_0"}]
INFO: [Labtools 27-1964] The ILA core 'hw_ila_1' trigger was armed at 2026-Apr-05 22:36:09
wait_on_hw_ila [get_hw_ilas -of_objects [get_hw_devices xc7a35t_0] -filter {CELL_NAME=~"u_ila_0"}]
display_hw_ila_data [upload_hw_ila_data [get_hw_ilas -of_objects [get_hw_devices xc7a35t_0] -filter {CELL_NAME=~"u_ila_0"}]]
INFO: [Labtools 27-1966] The ILA core 'hw_ila_1' triggered at 2026-Apr-05 22:36:09
INFO: [Labtools 27-3304] ILA Waveform data saved to file C:/Users/Tarun/Desktop/FDP_123.xpr/FDP/FDP.hw/backup/hw_ila_data_1.ila. Use Tcl command 'read_hw_ila_data' or Vivado File->Import->Import ILA Data menu item to import the previously saved data.
save_wave_config {C:/Users/Tarun/Desktop/FDP_123.xpr/FDP/FDP.hw/hw_1/wave/hw_ila_data_1/hw_ila_data_1.wcfg}
launch_simulation
INFO: [Vivado 12-5682] Launching behavioral simulation in 'C:/Users/Tarun/Desktop/FDP_123.xpr/FDP/FDP.sim/sim_1/behav/xsim'
INFO: [SIM-utils-51] Simulation object is 'sim_1'
INFO: [USF-XSim-7] Finding pre-compiled libraries...
INFO: [USF-XSim-11] File 'C:/Xilinx/Vivado/2018.2/data/xsim/xsim.ini' copied to run dir:'C:/Users/Tarun/Desktop/FDP_123.xpr/FDP/FDP.sim/sim_1/behav/xsim'
INFO: [SIM-utils-54] Inspecting design source files for 'test_bench' in fileset 'sim_1'...
INFO: [SIM-utils-43] Exported 'C:/Users/Tarun/Desktop/FDP_123.xpr/FDP/FDP.sim/sim_1/behav/xsim/blk_mem_gen_const.mif'
INFO: [SIM-utils-43] Exported 'C:/Users/Tarun/Desktop/FDP_123.xpr/FDP/FDP.sim/sim_1/behav/xsim/weights.coe'
INFO: [SIM-utils-43] Exported 'C:/Users/Tarun/Desktop/FDP_123.xpr/FDP/FDP.sim/sim_1/behav/xsim/blk_mem_gen_img.mif'
INFO: [SIM-utils-43] Exported 'C:/Users/Tarun/Desktop/FDP_123.xpr/FDP/FDP.sim/sim_1/behav/xsim/00.coe'
INFO: [USF-XSim-97] Finding global include files...
INFO: [USF-XSim-98] Fetching design files from 'sim_1'...
INFO: [USF-XSim-2] XSim::Compile design
INFO: [USF-XSim-61] Executing 'COMPILE and ANALYZE' step in 'C:/Users/Tarun/Desktop/FDP_123.xpr/FDP/FDP.sim/sim_1/behav/xsim'
"xvlog --incr --relax -prj test_bench_vlog.prj"
INFO: [VRFC 10-2263] Analyzing Verilog file "C:/Users/Tarun/Desktop/FDP_123.xpr/FDP/FDP.srcs/sources_1/new/Calculate.v" into library xil_defaultlib
INFO: [VRFC 10-311] analyzing module Calculate
INFO: [VRFC 10-2263] Analyzing Verilog file "C:/Users/Tarun/Desktop/FDP_123.xpr/FDP/FDP.srcs/sim_1/new/test_bench.v" into library xil_defaultlib
INFO: [VRFC 10-311] analyzing module test_bench
INFO: [VRFC 10-2263] Analyzing Verilog file "C:/Users/Tarun/Desktop/FDP_123.xpr/FDP/FDP.sim/sim_1/behav/xsim/glbl.v" into library xil_defaultlib
INFO: [VRFC 10-311] analyzing module glbl
INFO: [USF-XSim-69] 'compile' step finished in '1' seconds
INFO: [USF-XSim-3] XSim::Elaborate design
INFO: [USF-XSim-61] Executing 'ELABORATE' step in 'C:/Users/Tarun/Desktop/FDP_123.xpr/FDP/FDP.sim/sim_1/behav/xsim'
Vivado Simulator 2018.2
Copyright 1986-1999, 2001-2018 Xilinx, Inc. All Rights Reserved.
Running: C:/Xilinx/Vivado/2018.2/bin/unwrapped/win64.o/xelab.exe -wto 1b59260b1b364ad787c30c8f0666f63f --incr --debug typical --relax --mt 2 -L xil_defaultlib -L unisims_ver -L unimacro_ver -L secureip -L xpm --snapshot test_bench_behav xil_defaultlib.test_bench xil_defaultlib.glbl -log elaborate.log 
Using 2 slave threads.
Starting static elaboration
Completed static elaboration
Starting simulation data flow analysis
Completed simulation data flow analysis
Time Resolution for simulation is 1ps
Compiling module xil_defaultlib.Calculate
Compiling module xil_defaultlib.test_bench
Compiling module xil_defaultlib.glbl
Built simulation snapshot test_bench_behav

****** Webtalk v2018.2 (64-bit)
  **** SW Build 2258646 on Thu Jun 14 20:03:12 MDT 2018
  **** IP Build 2256618 on Thu Jun 14 22:10:49 MDT 2018
    ** Copyright 1986-2018 Xilinx, Inc. All Rights Reserved.

source C:/Users/Tarun/Desktop/FDP_123.xpr/FDP/FDP.sim/sim_1/behav/xsim/xsim.dir/test_bench_behav/webtalk/xsim_webtalk.tcl -notrace
INFO: [Common 17-206] Exiting Webtalk at Sun Apr  5 22:39:38 2026...
INFO: [USF-XSim-69] 'elaborate' step finished in '3' seconds
INFO: [USF-XSim-4] XSim::Simulate design
INFO: [USF-XSim-61] Executing 'SIMULATE' step in 'C:/Users/Tarun/Desktop/FDP_123.xpr/FDP/FDP.sim/sim_1/behav/xsim'
INFO: [USF-XSim-98] *** Running xsim
   with args "test_bench_behav -key {Behavioral:sim_1:Functional:test_bench} -tclbatch {test_bench.tcl} -log {simulate.log}"
INFO: [USF-XSim-8] Loading simulator feature
Vivado Simulator 2018.2
Time resolution is 1 ps
source test_bench.tcl
# set curr_wave [current_wave_config]
# if { [string length $curr_wave] == 0 } {
#   if { [llength [get_objects]] > 0} {
#     add_wave /
#     set_property needs_save false [current_wave_config]
#   } else {
#      send_msg_id Add_Wave-1 WARNING "No top level signals found. Simulator will start without a wave window. If you want to open a wave window go to 'File->New Waveform Configuration' or type 'create_wave_config' in the TCL console."
#   }
# }
# run 1000ns
SW: xxxx | REAL =        x (0.000000), IMAG =        x (0.000000)
SW: 0010 | REAL =        0 (0.000000), IMAG =        0 (0.000000)
SW: 0100 | REAL =        0 (0.000000), IMAG =       32 (2.000000)
SW: 1000 | REAL =     -176 (-11.000000), IMAG =      256 (16.000000)
SW: 1000 | REAL =       23 (1.437500), IMAG =        4 (0.250000)
SW: 0001 | REAL =       23 (1.437500), IMAG =        4 (0.250000)
SW: 0010 | REAL =       64 (4.000000), IMAG =      128 (8.000000)
SW: 0100 | REAL =        0 (0.000000), IMAG =       32 (2.000000)
SW: 0100 | REAL =     -176 (-11.000000), IMAG =      256 (16.000000)
SW: 0100 | REAL =     -176 (-11.000000), IMAG =      256 (16.000000)
INFO: [USF-XSim-96] XSim completed. Design snapshot 'test_bench_behav' loaded.
INFO: [USF-XSim-97] XSim simulation ran for 1000ns
launch_simulation: Time (s): cpu = 00:00:02 ; elapsed = 00:00:07 . Memory (MB): peak = 2672.191 ; gain = 0.000
add_bp {C:/Users/Tarun/Desktop/FDP_123.xpr/FDP/FDP.srcs/sources_1/new/Calculate.v} 73
remove_bps -file {C:/Users/Tarun/Desktop/FDP_123.xpr/FDP/FDP.srcs/sources_1/new/Calculate.v} -line 73
add_bp {C:/Users/Tarun/Desktop/FDP_123.xpr/FDP/FDP.srcs/sources_1/new/Calculate.v} 73
remove_bps -file {C:/Users/Tarun/Desktop/FDP_123.xpr/FDP/FDP.srcs/sources_1/new/Calculate.v} -line 73
close_sim
INFO: [Simtcl 6-16] Simulation closed
launch_simulation
INFO: [Vivado 12-5682] Launching behavioral simulation in 'C:/Users/Tarun/Desktop/FDP_123.xpr/FDP/FDP.sim/sim_1/behav/xsim'
INFO: [SIM-utils-51] Simulation object is 'sim_1'
INFO: [USF-XSim-7] Finding pre-compiled libraries...
INFO: [USF-XSim-11] File 'C:/Xilinx/Vivado/2018.2/data/xsim/xsim.ini' copied to run dir:'C:/Users/Tarun/Desktop/FDP_123.xpr/FDP/FDP.sim/sim_1/behav/xsim'
INFO: [SIM-utils-54] Inspecting design source files for 'test_bench' in fileset 'sim_1'...
INFO: [SIM-utils-43] Exported 'C:/Users/Tarun/Desktop/FDP_123.xpr/FDP/FDP.sim/sim_1/behav/xsim/blk_mem_gen_const.mif'
INFO: [SIM-utils-43] Exported 'C:/Users/Tarun/Desktop/FDP_123.xpr/FDP/FDP.sim/sim_1/behav/xsim/weights.coe'
INFO: [SIM-utils-43] Exported 'C:/Users/Tarun/Desktop/FDP_123.xpr/FDP/FDP.sim/sim_1/behav/xsim/blk_mem_gen_img.mif'
INFO: [SIM-utils-43] Exported 'C:/Users/Tarun/Desktop/FDP_123.xpr/FDP/FDP.sim/sim_1/behav/xsim/00.coe'
INFO: [USF-XSim-97] Finding global include files...
INFO: [USF-XSim-98] Fetching design files from 'sim_1'...
INFO: [USF-XSim-2] XSim::Compile design
INFO: [USF-XSim-61] Executing 'COMPILE and ANALYZE' step in 'C:/Users/Tarun/Desktop/FDP_123.xpr/FDP/FDP.sim/sim_1/behav/xsim'
"xvlog --incr --relax -prj test_bench_vlog.prj"
INFO: [VRFC 10-2263] Analyzing Verilog file "C:/Users/Tarun/Desktop/FDP_123.xpr/FDP/FDP.srcs/sources_1/new/Calculate.v" into library xil_defaultlib
INFO: [VRFC 10-311] analyzing module Calculate
INFO: [VRFC 10-2263] Analyzing Verilog file "C:/Users/Tarun/Desktop/FDP_123.xpr/FDP/FDP.srcs/sim_1/new/test_bench.v" into library xil_defaultlib
INFO: [VRFC 10-311] analyzing module test_bench
INFO: [USF-XSim-69] 'compile' step finished in '1' seconds
INFO: [USF-XSim-3] XSim::Elaborate design
INFO: [USF-XSim-61] Executing 'ELABORATE' step in 'C:/Users/Tarun/Desktop/FDP_123.xpr/FDP/FDP.sim/sim_1/behav/xsim'
Vivado Simulator 2018.2
Copyright 1986-1999, 2001-2018 Xilinx, Inc. All Rights Reserved.
Running: C:/Xilinx/Vivado/2018.2/bin/unwrapped/win64.o/xelab.exe -wto 1b59260b1b364ad787c30c8f0666f63f --incr --debug typical --relax --mt 2 -L xil_defaultlib -L unisims_ver -L unimacro_ver -L secureip -L xpm --snapshot test_bench_behav xil_defaultlib.test_bench xil_defaultlib.glbl -log elaborate.log 
Using 2 slave threads.
Starting static elaboration
Completed static elaboration
Starting simulation data flow analysis
Completed simulation data flow analysis
Time Resolution for simulation is 1ps
Compiling module xil_defaultlib.Calculate
Compiling module xil_defaultlib.test_bench
Compiling module xil_defaultlib.glbl
Built simulation snapshot test_bench_behav
INFO: [USF-XSim-69] 'elaborate' step finished in '1' seconds
INFO: [USF-XSim-4] XSim::Simulate design
INFO: [USF-XSim-61] Executing 'SIMULATE' step in 'C:/Users/Tarun/Desktop/FDP_123.xpr/FDP/FDP.sim/sim_1/behav/xsim'
INFO: [USF-XSim-98] *** Running xsim
   with args "test_bench_behav -key {Behavioral:sim_1:Functional:test_bench} -tclbatch {test_bench.tcl} -log {simulate.log}"
INFO: [USF-XSim-8] Loading simulator feature
Vivado Simulator 2018.2
Time resolution is 1 ps
source test_bench.tcl
# set curr_wave [current_wave_config]
# if { [string length $curr_wave] == 0 } {
#   if { [llength [get_objects]] > 0} {
#     add_wave /
#     set_property needs_save false [current_wave_config]
#   } else {
#      send_msg_id Add_Wave-1 WARNING "No top level signals found. Simulator will start without a wave window. If you want to open a wave window go to 'File->New Waveform Configuration' or type 'create_wave_config' in the TCL console."
#   }
# }
# run 1000ns
SW: xxxx | REAL =        x (0.000000), IMAG =        x (0.000000)
SW: 0010 | REAL =        0 (0.000000), IMAG =        0 (0.000000)
SW: 0100 | REAL =     -160 (-10.000000), IMAG =       32 (2.000000)
SW: 1000 | REAL =    66960 (4185.000000), IMAG =     8480 (530.000000)
SW: 1000 | REAL =       13 (0.812500), IMAG =        0 (0.000000)
SW: 0001 | REAL =       13 (0.812500), IMAG =        0 (0.000000)
SW: 0010 | REAL =     2080 (130.000000), IMAG =      128 (8.000000)
SW: 0100 | REAL =     -160 (-10.000000), IMAG =       32 (2.000000)
SW: 0100 | REAL =    66960 (4185.000000), IMAG =     8480 (530.000000)
SW: 0100 | REAL =    66960 (4185.000000), IMAG =     8480 (530.000000)
INFO: [USF-XSim-96] XSim completed. Design snapshot 'test_bench_behav' loaded.
INFO: [USF-XSim-97] XSim simulation ran for 1000ns
close_sim
INFO: [Simtcl 6-16] Simulation closed
launch_simulation
INFO: [Vivado 12-5682] Launching behavioral simulation in 'C:/Users/Tarun/Desktop/FDP_123.xpr/FDP/FDP.sim/sim_1/behav/xsim'
INFO: [SIM-utils-51] Simulation object is 'sim_1'
INFO: [USF-XSim-7] Finding pre-compiled libraries...
INFO: [USF-XSim-11] File 'C:/Xilinx/Vivado/2018.2/data/xsim/xsim.ini' copied to run dir:'C:/Users/Tarun/Desktop/FDP_123.xpr/FDP/FDP.sim/sim_1/behav/xsim'
INFO: [SIM-utils-54] Inspecting design source files for 'test_bench' in fileset 'sim_1'...
INFO: [SIM-utils-43] Exported 'C:/Users/Tarun/Desktop/FDP_123.xpr/FDP/FDP.sim/sim_1/behav/xsim/blk_mem_gen_const.mif'
INFO: [SIM-utils-43] Exported 'C:/Users/Tarun/Desktop/FDP_123.xpr/FDP/FDP.sim/sim_1/behav/xsim/weights.coe'
INFO: [SIM-utils-43] Exported 'C:/Users/Tarun/Desktop/FDP_123.xpr/FDP/FDP.sim/sim_1/behav/xsim/blk_mem_gen_img.mif'
INFO: [SIM-utils-43] Exported 'C:/Users/Tarun/Desktop/FDP_123.xpr/FDP/FDP.sim/sim_1/behav/xsim/00.coe'
INFO: [USF-XSim-97] Finding global include files...
INFO: [USF-XSim-98] Fetching design files from 'sim_1'...
INFO: [USF-XSim-2] XSim::Compile design
INFO: [USF-XSim-61] Executing 'COMPILE and ANALYZE' step in 'C:/Users/Tarun/Desktop/FDP_123.xpr/FDP/FDP.sim/sim_1/behav/xsim'
"xvlog --incr --relax -prj test_bench_vlog.prj"
INFO: [VRFC 10-2263] Analyzing Verilog file "C:/Users/Tarun/Desktop/FDP_123.xpr/FDP/FDP.srcs/sources_1/new/Calculate.v" into library xil_defaultlib
INFO: [VRFC 10-311] analyzing module Calculate
INFO: [VRFC 10-2263] Analyzing Verilog file "C:/Users/Tarun/Desktop/FDP_123.xpr/FDP/FDP.srcs/sim_1/new/test_bench.v" into library xil_defaultlib
INFO: [VRFC 10-311] analyzing module test_bench
INFO: [USF-XSim-69] 'compile' step finished in '1' seconds
INFO: [USF-XSim-3] XSim::Elaborate design
INFO: [USF-XSim-61] Executing 'ELABORATE' step in 'C:/Users/Tarun/Desktop/FDP_123.xpr/FDP/FDP.sim/sim_1/behav/xsim'
Vivado Simulator 2018.2
Copyright 1986-1999, 2001-2018 Xilinx, Inc. All Rights Reserved.
Running: C:/Xilinx/Vivado/2018.2/bin/unwrapped/win64.o/xelab.exe -wto 1b59260b1b364ad787c30c8f0666f63f --incr --debug typical --relax --mt 2 -L xil_defaultlib -L unisims_ver -L unimacro_ver -L secureip -L xpm --snapshot test_bench_behav xil_defaultlib.test_bench xil_defaultlib.glbl -log elaborate.log 
Using 2 slave threads.
Starting static elaboration
Completed static elaboration
Starting simulation data flow analysis
Completed simulation data flow analysis
Time Resolution for simulation is 1ps
Compiling module xil_defaultlib.Calculate
Compiling module xil_defaultlib.test_bench
Compiling module xil_defaultlib.glbl
Built simulation snapshot test_bench_behav
INFO: [USF-XSim-69] 'elaborate' step finished in '1' seconds
INFO: [USF-XSim-4] XSim::Simulate design
INFO: [USF-XSim-61] Executing 'SIMULATE' step in 'C:/Users/Tarun/Desktop/FDP_123.xpr/FDP/FDP.sim/sim_1/behav/xsim'
INFO: [USF-XSim-98] *** Running xsim
   with args "test_bench_behav -key {Behavioral:sim_1:Functional:test_bench} -tclbatch {test_bench.tcl} -log {simulate.log}"
INFO: [USF-XSim-8] Loading simulator feature
Vivado Simulator 2018.2
Time resolution is 1 ps
source test_bench.tcl
# set curr_wave [current_wave_config]
# if { [string length $curr_wave] == 0 } {
#   if { [llength [get_objects]] > 0} {
#     add_wave /
#     set_property needs_save false [current_wave_config]
#   } else {
#      send_msg_id Add_Wave-1 WARNING "No top level signals found. Simulator will start without a wave window. If you want to open a wave window go to 'File->New Waveform Configuration' or type 'create_wave_config' in the TCL console."
#   }
# }
# run 1000ns
SW: xxxx | REAL =        x (0.000000), IMAG =        x (0.000000)
SW: 0010 | REAL =        0 (0.000000), IMAG =        0 (0.000000)
SW: 0100 | REAL =        0 (0.000000), IMAG =      752 (47.000000)
SW: 1000 | REAL =   154416 (9651.000000), IMAG =    83952 (5247.000000)
SW: 1000 | REAL =       16 (1.000000), IMAG =        7 (0.437500)
SW: 0001 | REAL =       16 (1.000000), IMAG =        7 (0.437500)
SW: 0010 | REAL =     3168 (198.000000), IMAG =      848 (53.000000)
SW: 0100 | REAL =        0 (0.000000), IMAG =      752 (47.000000)
SW: 0100 | REAL =   154416 (9651.000000), IMAG =    83952 (5247.000000)
SW: 0100 | REAL =   154416 (9651.000000), IMAG =    83952 (5247.000000)
INFO: [USF-XSim-96] XSim completed. Design snapshot 'test_bench_behav' loaded.
INFO: [USF-XSim-97] XSim simulation ran for 1000ns
add_wave -into {hw_ila_data_1.wcfg} -radix hex { {real_2} }
WARNING: [Wavedata 42-16] Error Unable to get wave configuration 'hw_ila_data_1.wcfg'.
ERROR: [Wavedata 42-41] Invalid -into argument. The argument to -into must be a group, virtual bus, or wave configuration.
save_wave_config {C:/Users/Tarun/Desktop/FDP_123.xpr/FDP/FDP.hw/hw_1/wave/hw_ila_data_1/hw_ila_data_1.wcfg}
run_hw_ila [get_hw_ilas -of_objects [get_hw_devices xc7a35t_0] -filter {CELL_NAME=~"u_ila_0"}]
INFO: [Labtools 27-1964] The ILA core 'hw_ila_1' trigger was armed at 2026-Apr-05 23:07:21
wait_on_hw_ila [get_hw_ilas -of_objects [get_hw_devices xc7a35t_0] -filter {CELL_NAME=~"u_ila_0"}]
display_hw_ila_data [upload_hw_ila_data [get_hw_ilas -of_objects [get_hw_devices xc7a35t_0] -filter {CELL_NAME=~"u_ila_0"}]]
INFO: [Labtools 27-1966] The ILA core 'hw_ila_1' triggered at 2026-Apr-05 23:07:21
INFO: [Labtools 27-3304] ILA Waveform data saved to file C:/Users/Tarun/Desktop/FDP_123.xpr/FDP/FDP.hw/backup/hw_ila_data_1.ila. Use Tcl command 'read_hw_ila_data' or Vivado File->Import->Import ILA Data menu item to import the previously saved data.
reset_run synth_1
WARNING: [Vivado 12-1017] Problems encountered:
1. Failed to delete one or more files in run directory C:/Users/Tarun/Desktop/FDP_123.xpr/FDP/FDP.runs/synth_1

launch_runs impl_1 -to_step write_bitstream -jobs 11
WARNING: [Project 1-478] Design 'synth_1' is stale and will not be used when launching 'impl_1'
[Sun Apr  5 23:08:45 2026] Launched synth_1...
Run output will be captured here: C:/Users/Tarun/Desktop/FDP_123.xpr/FDP/FDP.runs/synth_1/runme.log
[Sun Apr  5 23:08:45 2026] Launched impl_1...
Run output will be captured here: C:/Users/Tarun/Desktop/FDP_123.xpr/FDP/FDP.runs/impl_1/runme.log
set_property PROBES.FILE {C:/Users/Tarun/Desktop/FDP_123.xpr/FDP/FDP.runs/impl_1/Top_Student.ltx} [get_hw_devices xc7a35t_0]
set_property FULL_PROBES.FILE {C:/Users/Tarun/Desktop/FDP_123.xpr/FDP/FDP.runs/impl_1/Top_Student.ltx} [get_hw_devices xc7a35t_0]
set_property PROGRAM.FILE {C:/Users/Tarun/Desktop/FDP_123.xpr/FDP/FDP.runs/impl_1/Top_Student.bit} [get_hw_devices xc7a35t_0]
program_hw_devices [get_hw_devices xc7a35t_0]
INFO: [Labtools 27-3164] End of startup status: HIGH
refresh_hw_device [lindex [get_hw_devices xc7a35t_0] 0]
INFO: [Labtools 27-2302] Device xc7a35t (JTAG device index = 0) is programmed with a design that has 1 ILA core(s).
INFO: [Labtools 27-3304] ILA Waveform data saved to file C:/Users/Tarun/Desktop/FDP_123.xpr/FDP/FDP.hw/backup/hw_ila_data_1.ila. Use Tcl command 'read_hw_ila_data' or Vivado File->Import->Import ILA Data menu item to import the previously saved data.
run_hw_ila [get_hw_ilas -of_objects [get_hw_devices xc7a35t_0] -filter {CELL_NAME=~"u_ila_0"}]
INFO: [Labtools 27-1964] The ILA core 'hw_ila_1' trigger was armed at 2026-Apr-05 23:15:06
wait_on_hw_ila [get_hw_ilas -of_objects [get_hw_devices xc7a35t_0] -filter {CELL_NAME=~"u_ila_0"}]
display_hw_ila_data [upload_hw_ila_data [get_hw_ilas -of_objects [get_hw_devices xc7a35t_0] -filter {CELL_NAME=~"u_ila_0"}]]
INFO: [Labtools 27-1966] The ILA core 'hw_ila_1' triggered at 2026-Apr-05 23:15:06
INFO: [Labtools 27-3304] ILA Waveform data saved to file C:/Users/Tarun/Desktop/FDP_123.xpr/FDP/FDP.hw/backup/hw_ila_data_1.ila. Use Tcl command 'read_hw_ila_data' or Vivado File->Import->Import ILA Data menu item to import the previously saved data.
show_objects -name NET_ONLY [get_nets -hierarchical -top_net_of_hierarchical_group "*denom*" ]
WARNING: [Vivado 12-507] No nets matched '*denom*'.
WARNING: [Coretcl 2-1122] No objects found.
show_objects -name NET_ONLY [get_nets -hierarchical -top_net_of_hierarchical_group -filter { MARK_DEBUG == "TRUE" } ]
show_objects -name temp [get_cells -hierarchical -filter { PRIMITIVE_TYPE =~ CARRY.*.* } ]
refresh_design
INFO: [Netlist 29-17] Analyzing 4042 Unisim elements for replacement
INFO: [Netlist 29-28] Unisim Transformation completed in 0 CPU seconds
INFO: [Project 1-479] Netlist was created with Vivado 2018.2
INFO: [Project 1-570] Preparing netlist for logic optimization
Parsing XDC File [C:/Users/Tarun/Desktop/FDP_123.xpr/FDP/FDP.srcs/constrs_1/new/constraints.xdc]
CRITICAL WARNING: [Vivado 12-1419] Debug core 'dbg_hub' was not found. [C:/Users/Tarun/Desktop/FDP_123.xpr/FDP/FDP.srcs/constrs_1/new/constraints.xdc:10]
WARNING: [Vivado 12-584] No ports matched 'sw[4]'. [C:/Users/Tarun/Desktop/FDP_123.xpr/FDP/FDP.srcs/constrs_1/new/constraints.xdc:16]
CRITICAL WARNING: [Common 17-55] 'set_property' expects at least one object. [C:/Users/Tarun/Desktop/FDP_123.xpr/FDP/FDP.srcs/constrs_1/new/constraints.xdc:16]
Resolution: If [get_<value>] was used to populate the object, check to make sure this command returns at least one valid object.
Finished Parsing XDC File [C:/Users/Tarun/Desktop/FDP_123.xpr/FDP/FDP.srcs/constrs_1/new/constraints.xdc]
INFO: [Opt 31-138] Pushed 0 inverter(s) to 0 load pin(s).
refresh_design: Time (s): cpu = 00:00:07 ; elapsed = 00:00:05 . Memory (MB): peak = 2710.332 ; gain = 27.262
delete_debug_core [get_debug_cores {u_ila_0 }]
create_debug_core u_ila_0 ila
set_property C_DATA_DEPTH 1024 [get_debug_cores u_ila_0]
set_property C_TRIGIN_EN false [get_debug_cores u_ila_0]
set_property C_TRIGOUT_EN false [get_debug_cores u_ila_0]
set_property C_ADV_TRIGGER false [get_debug_cores u_ila_0]
set_property C_INPUT_PIPE_STAGES 0 [get_debug_cores u_ila_0]
set_property C_EN_STRG_QUAL false [get_debug_cores u_ila_0]
set_property ALL_PROBE_SAME_MU true [get_debug_cores u_ila_0]
set_property ALL_PROBE_SAME_MU_CNT 1 [get_debug_cores u_ila_0]
set_property port_width 1 [get_debug_ports u_ila_0/clk]
connect_debug_port u_ila_0/clk [get_nets [list clk_IBUF_BUFG ]]
set_property port_width 48 [get_debug_ports u_ila_0/probe0]
set_property PROBE_TYPE DATA_AND_TRIGGER [get_debug_ports u_ila_0/probe0]
connect_debug_port u_ila_0/probe0 [get_nets [list {m_Calculate/denom[0]} {m_Calculate/denom[1]} {m_Calculate/denom[2]} {m_Calculate/denom[3]} {m_Calculate/denom[4]} {m_Calculate/denom[5]} {m_Calculate/denom[6]} {m_Calculate/denom[7]} {m_Calculate/denom[8]} {m_Calculate/denom[9]} {m_Calculate/denom[10]} {m_Calculate/denom[11]} {m_Calculate/denom[12]} {m_Calculate/denom[13]} {m_Calculate/denom[14]} {m_Calculate/denom[15]} {m_Calculate/denom[16]} {m_Calculate/denom[17]} {m_Calculate/denom[18]} {m_Calculate/denom[19]} {m_Calculate/denom[20]} {m_Calculate/denom[21]} {m_Calculate/denom[22]} {m_Calculate/denom[23]} {m_Calculate/denom[24]} {m_Calculate/denom[25]} {m_Calculate/denom[26]} {m_Calculate/denom[27]} {m_Calculate/denom[28]} {m_Calculate/denom[29]} {m_Calculate/denom[30]} {m_Calculate/denom[31]} {m_Calculate/denom[32]} {m_Calculate/denom[33]} {m_Calculate/denom[34]} {m_Calculate/denom[35]} {m_Calculate/denom[36]} {m_Calculate/denom[37]} {m_Calculate/denom[38]} {m_Calculate/denom[39]} {m_Calculate/denom[40]} {m_Calculate/denom[41]} {m_Calculate/denom[42]} {m_Calculate/denom[43]} {m_Calculate/denom[44]} {m_Calculate/denom[45]} {m_Calculate/denom[46]} {m_Calculate/denom[47]} ]]
create_debug_port u_ila_0 probe
set_property port_width 48 [get_debug_ports u_ila_0/probe1]
set_property PROBE_TYPE DATA_AND_TRIGGER [get_debug_ports u_ila_0/probe1]
connect_debug_port u_ila_0/probe1 [get_nets [list {m_Calculate/temp_real[0]} {m_Calculate/temp_real[1]} {m_Calculate/temp_real[2]} {m_Calculate/temp_real[3]} {m_Calculate/temp_real[4]} {m_Calculate/temp_real[5]} {m_Calculate/temp_real[6]} {m_Calculate/temp_real[7]} {m_Calculate/temp_real[8]} {m_Calculate/temp_real[9]} {m_Calculate/temp_real[10]} {m_Calculate/temp_real[11]} {m_Calculate/temp_real[12]} {m_Calculate/temp_real[13]} {m_Calculate/temp_real[14]} {m_Calculate/temp_real[15]} {m_Calculate/temp_real[16]} {m_Calculate/temp_real[17]} {m_Calculate/temp_real[18]} {m_Calculate/temp_real[19]} {m_Calculate/temp_real[20]} {m_Calculate/temp_real[21]} {m_Calculate/temp_real[22]} {m_Calculate/temp_real[23]} {m_Calculate/temp_real[24]} {m_Calculate/temp_real[25]} {m_Calculate/temp_real[26]} {m_Calculate/temp_real[27]} {m_Calculate/temp_real[28]} {m_Calculate/temp_real[29]} {m_Calculate/temp_real[30]} {m_Calculate/temp_real[31]} {m_Calculate/temp_real[32]} {m_Calculate/temp_real[33]} {m_Calculate/temp_real[34]} {m_Calculate/temp_real[35]} {m_Calculate/temp_real[36]} {m_Calculate/temp_real[37]} {m_Calculate/temp_real[38]} {m_Calculate/temp_real[39]} {m_Calculate/temp_real[40]} {m_Calculate/temp_real[41]} {m_Calculate/temp_real[42]} {m_Calculate/temp_real[43]} {m_Calculate/temp_real[44]} {m_Calculate/temp_real[45]} {m_Calculate/temp_real[46]} {m_Calculate/temp_real[47]} ]]
create_debug_port u_ila_0 probe
set_property port_width 48 [get_debug_ports u_ila_0/probe2]
set_property PROBE_TYPE DATA_AND_TRIGGER [get_debug_ports u_ila_0/probe2]
connect_debug_port u_ila_0/probe2 [get_nets [list {m_Calculate/temp_imag[0]} {m_Calculate/temp_imag[1]} {m_Calculate/temp_imag[2]} {m_Calculate/temp_imag[3]} {m_Calculate/temp_imag[4]} {m_Calculate/temp_imag[5]} {m_Calculate/temp_imag[6]} {m_Calculate/temp_imag[7]} {m_Calculate/temp_imag[8]} {m_Calculate/temp_imag[9]} {m_Calculate/temp_imag[10]} {m_Calculate/temp_imag[11]} {m_Calculate/temp_imag[12]} {m_Calculate/temp_imag[13]} {m_Calculate/temp_imag[14]} {m_Calculate/temp_imag[15]} {m_Calculate/temp_imag[16]} {m_Calculate/temp_imag[17]} {m_Calculate/temp_imag[18]} {m_Calculate/temp_imag[19]} {m_Calculate/temp_imag[20]} {m_Calculate/temp_imag[21]} {m_Calculate/temp_imag[22]} {m_Calculate/temp_imag[23]} {m_Calculate/temp_imag[24]} {m_Calculate/temp_imag[25]} {m_Calculate/temp_imag[26]} {m_Calculate/temp_imag[27]} {m_Calculate/temp_imag[28]} {m_Calculate/temp_imag[29]} {m_Calculate/temp_imag[30]} {m_Calculate/temp_imag[31]} {m_Calculate/temp_imag[32]} {m_Calculate/temp_imag[33]} {m_Calculate/temp_imag[34]} {m_Calculate/temp_imag[35]} {m_Calculate/temp_imag[36]} {m_Calculate/temp_imag[37]} {m_Calculate/temp_imag[38]} {m_Calculate/temp_imag[39]} {m_Calculate/temp_imag[40]} {m_Calculate/temp_imag[41]} {m_Calculate/temp_imag[42]} {m_Calculate/temp_imag[43]} {m_Calculate/temp_imag[44]} {m_Calculate/temp_imag[45]} {m_Calculate/temp_imag[46]} {m_Calculate/temp_imag[47]} ]]
create_debug_port u_ila_0 probe
set_property port_width 7 [get_debug_ports u_ila_0/probe3]
set_property PROBE_TYPE DATA_AND_TRIGGER [get_debug_ports u_ila_0/probe3]
connect_debug_port u_ila_0/probe3 [get_nets [list {img_2[0]} {img_2[1]} {img_2[2]} {img_2[3]} {img_2[4]} {img_2[5]} {img_2[6]} ]]
create_debug_port u_ila_0 probe
set_property port_width 7 [get_debug_ports u_ila_0/probe4]
set_property PROBE_TYPE DATA_AND_TRIGGER [get_debug_ports u_ila_0/probe4]
connect_debug_port u_ila_0/probe4 [get_nets [list {img_1[0]} {img_1[1]} {img_1[2]} {img_1[3]} {img_1[4]} {img_1[5]} {img_1[6]} ]]
create_debug_port u_ila_0 probe
set_property port_width 20 [get_debug_ports u_ila_0/probe5]
set_property PROBE_TYPE DATA_AND_TRIGGER [get_debug_ports u_ila_0/probe5]
connect_debug_port u_ila_0/probe5 [get_nets [list {output1[0]} {output1[1]} {output1[2]} {output1[3]} {output1[4]} {output1[5]} {output1[6]} {output1[7]} {output1[8]} {output1[9]} {output1[10]} {output1[11]} {output1[12]} {output1[13]} {output1[14]} {output1[15]} {output1[16]} {output1[17]} {output1[18]} {output1[19]} ]]
create_debug_port u_ila_0 probe
set_property port_width 20 [get_debug_ports u_ila_0/probe6]
set_property PROBE_TYPE DATA_AND_TRIGGER [get_debug_ports u_ila_0/probe6]
connect_debug_port u_ila_0/probe6 [get_nets [list {output2[0]} {output2[1]} {output2[2]} {output2[3]} {output2[4]} {output2[5]} {output2[6]} {output2[7]} {output2[8]} {output2[9]} {output2[10]} {output2[11]} {output2[12]} {output2[13]} {output2[14]} {output2[15]} {output2[16]} {output2[17]} {output2[18]} {output2[19]} ]]
create_debug_port u_ila_0 probe
set_property port_width 7 [get_debug_ports u_ila_0/probe7]
set_property PROBE_TYPE DATA_AND_TRIGGER [get_debug_ports u_ila_0/probe7]
connect_debug_port u_ila_0/probe7 [get_nets [list {real_2[0]} {real_2[1]} {real_2[2]} {real_2[3]} {real_2[4]} {real_2[5]} {real_2[6]} ]]
create_debug_port u_ila_0 probe
set_property port_width 7 [get_debug_ports u_ila_0/probe8]
set_property PROBE_TYPE DATA_AND_TRIGGER [get_debug_ports u_ila_0/probe8]
connect_debug_port u_ila_0/probe8 [get_nets [list {real_1[0]} {real_1[1]} {real_1[2]} {real_1[3]} {real_1[4]} {real_1[5]} {real_1[6]} ]]
save_constraints
reset_run synth_1
WARNING: [Vivado 12-1017] Problems encountered:
1. Failed to delete one or more files in run directory C:/Users/Tarun/Desktop/FDP_123.xpr/FDP/FDP.runs/synth_1

launch_runs impl_1 -to_step write_bitstream -jobs 11
WARNING: [Project 1-478] Design 'synth_1' is stale and will not be used when launching 'impl_1'
[Sun Apr  5 23:22:09 2026] Launched synth_1...
Run output will be captured here: C:/Users/Tarun/Desktop/FDP_123.xpr/FDP/FDP.runs/synth_1/runme.log
[Sun Apr  5 23:22:09 2026] Launched impl_1...
Run output will be captured here: C:/Users/Tarun/Desktop/FDP_123.xpr/FDP/FDP.runs/impl_1/runme.log
set_property PROBES.FILE {C:/Users/Tarun/Desktop/FDP_123.xpr/FDP/FDP.runs/impl_1/Top_Student.ltx} [get_hw_devices xc7a35t_0]
set_property FULL_PROBES.FILE {C:/Users/Tarun/Desktop/FDP_123.xpr/FDP/FDP.runs/impl_1/Top_Student.ltx} [get_hw_devices xc7a35t_0]
set_property PROGRAM.FILE {C:/Users/Tarun/Desktop/FDP_123.xpr/FDP/FDP.runs/impl_1/Top_Student.bit} [get_hw_devices xc7a35t_0]
program_hw_devices [get_hw_devices xc7a35t_0]
INFO: [Labtools 27-3164] End of startup status: HIGH
refresh_hw_device [lindex [get_hw_devices xc7a35t_0] 0]
INFO: [Labtools 27-2302] Device xc7a35t (JTAG device index = 0) is programmed with a design that has 1 ILA core(s).
ERROR: [Common 17-70] Application Exception: CORE_LOCATION mismatch
probe_1=1:0-0 (img_1[6:0])
probe_2=uuid_23E7D65A79BC59F7BC47406C1714DFAE (m_Calculate/denom[47:0])
set_property PROBES.FILE {C:/Users/Tarun/Desktop/FDP_123.xpr/FDP/FDP.runs/impl_1/Top_Student.ltx} [get_hw_devices xc7a35t_0]
set_property FULL_PROBES.FILE {C:/Users/Tarun/Desktop/FDP_123.xpr/FDP/FDP.runs/impl_1/Top_Student.ltx} [get_hw_devices xc7a35t_0]
set_property PROGRAM.FILE {C:/Users/Tarun/Desktop/FDP_123.xpr/FDP/FDP.runs/impl_1/Top_Student.bit} [get_hw_devices xc7a35t_0]
program_hw_devices [get_hw_devices xc7a35t_0]
INFO: [Labtools 27-3164] End of startup status: HIGH
refresh_hw_device [lindex [get_hw_devices xc7a35t_0] 0]
INFO: [Labtools 27-2302] Device xc7a35t (JTAG device index = 0) is programmed with a design that has 1 ILA core(s).
ERROR: [Common 17-70] Application Exception: CORE_LOCATION mismatch
probe_1=1:0-0 (img_1[6:0])
probe_2=uuid_23E7D65A79BC59F7BC47406C1714DFAE (m_Calculate/denom[47:0])
refresh_hw_device [lindex [get_hw_devices xc7a35t_0] 0]
INFO: [Labtools 27-2302] Device xc7a35t (JTAG device index = 0) is programmed with a design that has 1 ILA core(s).
ERROR: [Common 17-70] Application Exception: CORE_LOCATION mismatch
probe_1=1:0-0 (img_1[6:0])
probe_2=uuid_23E7D65A79BC59F7BC47406C1714DFAE (m_Calculate/denom[47:0])
set_property PROBES.FILE {C:/Users/Tarun/Desktop/FDP_123.xpr/FDP/FDP.runs/impl_1/Top_Student.ltx} [get_hw_devices xc7a35t_0]
set_property FULL_PROBES.FILE {C:/Users/Tarun/Desktop/FDP_123.xpr/FDP/FDP.runs/impl_1/Top_Student.ltx} [get_hw_devices xc7a35t_0]
set_property PROGRAM.FILE {C:/Users/Tarun/Desktop/FDP_123.xpr/FDP/FDP.runs/impl_1/Top_Student.bit} [get_hw_devices xc7a35t_0]
program_hw_devices [get_hw_devices xc7a35t_0]
INFO: [Labtools 27-3164] End of startup status: HIGH
refresh_hw_device [lindex [get_hw_devices xc7a35t_0] 0]
INFO: [Labtools 27-2302] Device xc7a35t (JTAG device index = 0) is programmed with a design that has 1 ILA core(s).
ERROR: [Common 17-70] Application Exception: CORE_LOCATION mismatch
probe_1=1:0-0 (img_1[6:0])
probe_2=uuid_23E7D65A79BC59F7BC47406C1714DFAE (m_Calculate/denom[47:0])
set_property PROBES.FILE {C:/Users/Tarun/Desktop/FDP_123.xpr/FDP/FDP.runs/impl_1/Top_Student.ltx} [get_hw_devices xc7a35t_0]
set_property FULL_PROBES.FILE {C:/Users/Tarun/Desktop/FDP_123.xpr/FDP/FDP.runs/impl_1/Top_Student.ltx} [get_hw_devices xc7a35t_0]
set_property PROGRAM.FILE {C:/Users/Tarun/Desktop/FDP_123.xpr/FDP/FDP.runs/impl_1/Top_Student.bit} [get_hw_devices xc7a35t_0]
program_hw_devices [get_hw_devices xc7a35t_0]
INFO: [Labtools 27-3164] End of startup status: HIGH
refresh_hw_device [lindex [get_hw_devices xc7a35t_0] 0]
INFO: [Labtools 27-2302] Device xc7a35t (JTAG device index = 0) is programmed with a design that has 1 ILA core(s).
ERROR: [Common 17-70] Application Exception: CORE_LOCATION mismatch
probe_1=1:0-0 (img_1[6:0])
probe_2=uuid_23E7D65A79BC59F7BC47406C1714DFAE (m_Calculate/denom[47:0])
ERROR: [Labtoolstcl 44-513] HW Target shutdown. Closing target: localhost:3121/xilinx_tcf/Digilent/210183B40F44A
INFO: [Labtoolstcl 44-466] Opening hw_target localhost:3121/xilinx_tcf/Digilent/210183B40F44A
INFO: [Labtools 27-1434] Device xc7a35t (JTAG device index = 0) is programmed with a design that has no supported debug core(s) in it.
WARNING: [Labtools 27-3361] The debug hub core was not detected.
Resolution: 
1. Make sure the clock connected to the debug hub (dbg_hub) core is a free running clock and is active.
2. Make sure the BSCAN_SWITCH_USER_MASK device property in Vivado Hardware Manager reflects the user scan chain setting in the design and refresh the device.  To determine the user scan chain setting in the design, open the implemented design and use 'get_property C_USER_SCAN_CHAIN [get_debug_cores dbg_hub]'.
For more details on setting the scan chain property, consult the Vivado Debug and Programming User Guide (UG908).
WARNING: [Labtools 27-3413] Dropping logic core with cellname:'u_ila_0' at location 'uuid_23E7D65A79BC59F7BC47406C1714DFAE' from probes file, since it cannot be found on the programmed device.
WARNING: [Labtoolstcl 44-129] No matching hw_ila_data was found.
set_property PROBES.FILE {C:/Users/Tarun/Desktop/FDP_123.xpr/FDP/FDP.runs/impl_1/Top_Student.ltx} [get_hw_devices xc7a35t_0]
set_property FULL_PROBES.FILE {C:/Users/Tarun/Desktop/FDP_123.xpr/FDP/FDP.runs/impl_1/Top_Student.ltx} [get_hw_devices xc7a35t_0]
set_property PROGRAM.FILE {C:/Users/Tarun/Desktop/FDP_123.xpr/FDP/FDP.runs/impl_1/Top_Student.bit} [get_hw_devices xc7a35t_0]
program_hw_devices [get_hw_devices xc7a35t_0]
INFO: [Labtools 27-3164] End of startup status: HIGH
refresh_hw_device [lindex [get_hw_devices xc7a35t_0] 0]
INFO: [Labtools 27-2302] Device xc7a35t (JTAG device index = 0) is programmed with a design that has 1 ILA core(s).
display_hw_ila_data [ get_hw_ila_data hw_ila_data_1 -of_objects [get_hw_ilas -of_objects [get_hw_devices xc7a35t_0] -filter {CELL_NAME=~"u_ila_0"}]]
INFO: [Labtools 27-3304] ILA Waveform data saved to file C:/Users/Tarun/Desktop/FDP_123.xpr/FDP/FDP.hw/backup/hw_ila_data_1.ila. Use Tcl command 'read_hw_ila_data' or Vivado File->Import->Import ILA Data menu item to import the previously saved data.
run_hw_ila [get_hw_ilas -of_objects [get_hw_devices xc7a35t_0] -filter {CELL_NAME=~"u_ila_0"}]
INFO: [Labtools 27-1964] The ILA core 'hw_ila_1' trigger was armed at 2026-Apr-05 23:31:44
wait_on_hw_ila [get_hw_ilas -of_objects [get_hw_devices xc7a35t_0] -filter {CELL_NAME=~"u_ila_0"}]
display_hw_ila_data [upload_hw_ila_data [get_hw_ilas -of_objects [get_hw_devices xc7a35t_0] -filter {CELL_NAME=~"u_ila_0"}]]
INFO: [Labtools 27-1966] The ILA core 'hw_ila_1' triggered at 2026-Apr-05 23:31:44
INFO: [Labtools 27-3304] ILA Waveform data saved to file C:/Users/Tarun/Desktop/FDP_123.xpr/FDP/FDP.hw/backup/hw_ila_data_1.ila. Use Tcl command 'read_hw_ila_data' or Vivado File->Import->Import ILA Data menu item to import the previously saved data.
add_wave -into {hw_ila_data_1.wcfg} -radix hex { {m_Calculate/denom} }
run_hw_ila [get_hw_ilas -of_objects [get_hw_devices xc7a35t_0] -filter {CELL_NAME=~"u_ila_0"}]
INFO: [Labtools 27-1964] The ILA core 'hw_ila_1' trigger was armed at 2026-Apr-05 23:32:43
wait_on_hw_ila [get_hw_ilas -of_objects [get_hw_devices xc7a35t_0] -filter {CELL_NAME=~"u_ila_0"}]
display_hw_ila_data [upload_hw_ila_data [get_hw_ilas -of_objects [get_hw_devices xc7a35t_0] -filter {CELL_NAME=~"u_ila_0"}]]
INFO: [Labtools 27-1966] The ILA core 'hw_ila_1' triggered at 2026-Apr-05 23:32:43
INFO: [Labtools 27-3304] ILA Waveform data saved to file C:/Users/Tarun/Desktop/FDP_123.xpr/FDP/FDP.hw/backup/hw_ila_data_1.ila. Use Tcl command 'read_hw_ila_data' or Vivado File->Import->Import ILA Data menu item to import the previously saved data.
show_objects -name NET_ONLY [get_nets -hierarchical -top_net_of_hierarchical_group -filter { MARK_DEBUG == "TRUE" } ]
reset_run synth_1
WARNING: [Vivado 12-1017] Problems encountered:
1. Failed to delete one or more files in run directory C:/Users/Tarun/Desktop/FDP_123.xpr/FDP/FDP.runs/synth_1

launch_runs synth_1 -jobs 11
[Sun Apr  5 23:43:43 2026] Launched synth_1...
Run output will be captured here: C:/Users/Tarun/Desktop/FDP_123.xpr/FDP/FDP.runs/synth_1/runme.log
show_objects -name NET_ONLY [get_nets -hierarchical -top_net_of_hierarchical_group -filter { MARK_DEBUG == "TRUE" } ]
refresh_design
INFO: [Netlist 29-17] Analyzing 4042 Unisim elements for replacement
INFO: [Netlist 29-28] Unisim Transformation completed in 0 CPU seconds
INFO: [Project 1-479] Netlist was created with Vivado 2018.2
INFO: [Project 1-570] Preparing netlist for logic optimization
Parsing XDC File [C:/Users/Tarun/Desktop/FDP_123.xpr/FDP/FDP.srcs/constrs_1/new/constraints.xdc]
CRITICAL WARNING: [Vivado 12-1419] Debug core 'dbg_hub' was not found. [C:/Users/Tarun/Desktop/FDP_123.xpr/FDP/FDP.srcs/constrs_1/new/constraints.xdc:10]
WARNING: [Vivado 12-584] No ports matched 'sw[4]'. [C:/Users/Tarun/Desktop/FDP_123.xpr/FDP/FDP.srcs/constrs_1/new/constraints.xdc:16]
CRITICAL WARNING: [Common 17-55] 'set_property' expects at least one object. [C:/Users/Tarun/Desktop/FDP_123.xpr/FDP/FDP.srcs/constrs_1/new/constraints.xdc:16]
Resolution: If [get_<value>] was used to populate the object, check to make sure this command returns at least one valid object.
WARNING: [Vivado 12-507] No nets matched 'm_Calculate/denom[0]'. [C:/Users/Tarun/Desktop/FDP_123.xpr/FDP/FDP.srcs/constrs_1/new/constraints.xdc:175]
WARNING: [Vivado 12-507] No nets matched 'm_Calculate/denom[1]'. [C:/Users/Tarun/Desktop/FDP_123.xpr/FDP/FDP.srcs/constrs_1/new/constraints.xdc:175]
WARNING: [Vivado 12-507] No nets matched 'm_Calculate/denom[2]'. [C:/Users/Tarun/Desktop/FDP_123.xpr/FDP/FDP.srcs/constrs_1/new/constraints.xdc:175]
WARNING: [Vivado 12-507] No nets matched 'm_Calculate/denom[3]'. [C:/Users/Tarun/Desktop/FDP_123.xpr/FDP/FDP.srcs/constrs_1/new/constraints.xdc:175]
WARNING: [Vivado 12-507] No nets matched 'm_Calculate/denom[4]'. [C:/Users/Tarun/Desktop/FDP_123.xpr/FDP/FDP.srcs/constrs_1/new/constraints.xdc:175]
WARNING: [Vivado 12-507] No nets matched 'm_Calculate/denom[5]'. [C:/Users/Tarun/Desktop/FDP_123.xpr/FDP/FDP.srcs/constrs_1/new/constraints.xdc:175]
WARNING: [Vivado 12-507] No nets matched 'm_Calculate/denom[6]'. [C:/Users/Tarun/Desktop/FDP_123.xpr/FDP/FDP.srcs/constrs_1/new/constraints.xdc:175]
WARNING: [Vivado 12-507] No nets matched 'm_Calculate/denom[7]'. [C:/Users/Tarun/Desktop/FDP_123.xpr/FDP/FDP.srcs/constrs_1/new/constraints.xdc:175]
WARNING: [Vivado 12-507] No nets matched 'm_Calculate/denom[8]'. [C:/Users/Tarun/Desktop/FDP_123.xpr/FDP/FDP.srcs/constrs_1/new/constraints.xdc:175]
WARNING: [Vivado 12-507] No nets matched 'm_Calculate/denom[9]'. [C:/Users/Tarun/Desktop/FDP_123.xpr/FDP/FDP.srcs/constrs_1/new/constraints.xdc:175]
WARNING: [Vivado 12-507] No nets matched 'm_Calculate/denom[10]'. [C:/Users/Tarun/Desktop/FDP_123.xpr/FDP/FDP.srcs/constrs_1/new/constraints.xdc:175]
WARNING: [Vivado 12-507] No nets matched 'm_Calculate/denom[11]'. [C:/Users/Tarun/Desktop/FDP_123.xpr/FDP/FDP.srcs/constrs_1/new/constraints.xdc:175]
WARNING: [Vivado 12-507] No nets matched 'm_Calculate/denom[12]'. [C:/Users/Tarun/Desktop/FDP_123.xpr/FDP/FDP.srcs/constrs_1/new/constraints.xdc:175]
WARNING: [Vivado 12-507] No nets matched 'm_Calculate/denom[13]'. [C:/Users/Tarun/Desktop/FDP_123.xpr/FDP/FDP.srcs/constrs_1/new/constraints.xdc:175]
WARNING: [Vivado 12-507] No nets matched 'm_Calculate/denom[14]'. [C:/Users/Tarun/Desktop/FDP_123.xpr/FDP/FDP.srcs/constrs_1/new/constraints.xdc:175]
WARNING: [Vivado 12-507] No nets matched 'm_Calculate/denom[15]'. [C:/Users/Tarun/Desktop/FDP_123.xpr/FDP/FDP.srcs/constrs_1/new/constraints.xdc:175]
WARNING: [Vivado 12-507] No nets matched 'm_Calculate/denom[16]'. [C:/Users/Tarun/Desktop/FDP_123.xpr/FDP/FDP.srcs/constrs_1/new/constraints.xdc:175]
WARNING: [Vivado 12-507] No nets matched 'm_Calculate/denom[17]'. [C:/Users/Tarun/Desktop/FDP_123.xpr/FDP/FDP.srcs/constrs_1/new/constraints.xdc:175]
WARNING: [Vivado 12-507] No nets matched 'm_Calculate/denom[18]'. [C:/Users/Tarun/Desktop/FDP_123.xpr/FDP/FDP.srcs/constrs_1/new/constraints.xdc:175]
WARNING: [Vivado 12-507] No nets matched 'm_Calculate/denom[19]'. [C:/Users/Tarun/Desktop/FDP_123.xpr/FDP/FDP.srcs/constrs_1/new/constraints.xdc:175]
WARNING: [Vivado 12-507] No nets matched 'm_Calculate/denom[20]'. [C:/Users/Tarun/Desktop/FDP_123.xpr/FDP/FDP.srcs/constrs_1/new/constraints.xdc:175]
WARNING: [Vivado 12-507] No nets matched 'm_Calculate/denom[21]'. [C:/Users/Tarun/Desktop/FDP_123.xpr/FDP/FDP.srcs/constrs_1/new/constraints.xdc:175]
WARNING: [Vivado 12-507] No nets matched 'm_Calculate/denom[22]'. [C:/Users/Tarun/Desktop/FDP_123.xpr/FDP/FDP.srcs/constrs_1/new/constraints.xdc:175]
WARNING: [Vivado 12-507] No nets matched 'm_Calculate/denom[23]'. [C:/Users/Tarun/Desktop/FDP_123.xpr/FDP/FDP.srcs/constrs_1/new/constraints.xdc:175]
WARNING: [Vivado 12-507] No nets matched 'm_Calculate/denom[24]'. [C:/Users/Tarun/Desktop/FDP_123.xpr/FDP/FDP.srcs/constrs_1/new/constraints.xdc:175]
WARNING: [Vivado 12-507] No nets matched 'm_Calculate/denom[25]'. [C:/Users/Tarun/Desktop/FDP_123.xpr/FDP/FDP.srcs/constrs_1/new/constraints.xdc:175]
WARNING: [Vivado 12-507] No nets matched 'm_Calculate/denom[26]'. [C:/Users/Tarun/Desktop/FDP_123.xpr/FDP/FDP.srcs/constrs_1/new/constraints.xdc:175]
WARNING: [Vivado 12-507] No nets matched 'm_Calculate/denom[27]'. [C:/Users/Tarun/Desktop/FDP_123.xpr/FDP/FDP.srcs/constrs_1/new/constraints.xdc:175]
WARNING: [Vivado 12-507] No nets matched 'm_Calculate/denom[28]'. [C:/Users/Tarun/Desktop/FDP_123.xpr/FDP/FDP.srcs/constrs_1/new/constraints.xdc:175]
WARNING: [Vivado 12-507] No nets matched 'm_Calculate/denom[29]'. [C:/Users/Tarun/Desktop/FDP_123.xpr/FDP/FDP.srcs/constrs_1/new/constraints.xdc:175]
WARNING: [Vivado 12-507] No nets matched 'm_Calculate/denom[30]'. [C:/Users/Tarun/Desktop/FDP_123.xpr/FDP/FDP.srcs/constrs_1/new/constraints.xdc:175]
WARNING: [Vivado 12-507] No nets matched 'm_Calculate/denom[31]'. [C:/Users/Tarun/Desktop/FDP_123.xpr/FDP/FDP.srcs/constrs_1/new/constraints.xdc:175]
WARNING: [Vivado 12-507] No nets matched 'm_Calculate/denom[32]'. [C:/Users/Tarun/Desktop/FDP_123.xpr/FDP/FDP.srcs/constrs_1/new/constraints.xdc:175]
WARNING: [Vivado 12-507] No nets matched 'm_Calculate/denom[33]'. [C:/Users/Tarun/Desktop/FDP_123.xpr/FDP/FDP.srcs/constrs_1/new/constraints.xdc:175]
WARNING: [Vivado 12-507] No nets matched 'm_Calculate/denom[34]'. [C:/Users/Tarun/Desktop/FDP_123.xpr/FDP/FDP.srcs/constrs_1/new/constraints.xdc:175]
WARNING: [Vivado 12-507] No nets matched 'm_Calculate/denom[35]'. [C:/Users/Tarun/Desktop/FDP_123.xpr/FDP/FDP.srcs/constrs_1/new/constraints.xdc:175]
WARNING: [Vivado 12-507] No nets matched 'm_Calculate/denom[36]'. [C:/Users/Tarun/Desktop/FDP_123.xpr/FDP/FDP.srcs/constrs_1/new/constraints.xdc:175]
WARNING: [Vivado 12-507] No nets matched 'm_Calculate/denom[37]'. [C:/Users/Tarun/Desktop/FDP_123.xpr/FDP/FDP.srcs/constrs_1/new/constraints.xdc:175]
WARNING: [Vivado 12-507] No nets matched 'm_Calculate/denom[38]'. [C:/Users/Tarun/Desktop/FDP_123.xpr/FDP/FDP.srcs/constrs_1/new/constraints.xdc:175]
WARNING: [Vivado 12-507] No nets matched 'm_Calculate/denom[39]'. [C:/Users/Tarun/Desktop/FDP_123.xpr/FDP/FDP.srcs/constrs_1/new/constraints.xdc:175]
WARNING: [Vivado 12-507] No nets matched 'm_Calculate/denom[40]'. [C:/Users/Tarun/Desktop/FDP_123.xpr/FDP/FDP.srcs/constrs_1/new/constraints.xdc:175]
WARNING: [Vivado 12-507] No nets matched 'm_Calculate/denom[41]'. [C:/Users/Tarun/Desktop/FDP_123.xpr/FDP/FDP.srcs/constrs_1/new/constraints.xdc:175]
WARNING: [Vivado 12-507] No nets matched 'm_Calculate/denom[42]'. [C:/Users/Tarun/Desktop/FDP_123.xpr/FDP/FDP.srcs/constrs_1/new/constraints.xdc:175]
WARNING: [Vivado 12-507] No nets matched 'm_Calculate/denom[43]'. [C:/Users/Tarun/Desktop/FDP_123.xpr/FDP/FDP.srcs/constrs_1/new/constraints.xdc:175]
WARNING: [Vivado 12-507] No nets matched 'm_Calculate/denom[44]'. [C:/Users/Tarun/Desktop/FDP_123.xpr/FDP/FDP.srcs/constrs_1/new/constraints.xdc:175]
WARNING: [Vivado 12-507] No nets matched 'm_Calculate/denom[45]'. [C:/Users/Tarun/Desktop/FDP_123.xpr/FDP/FDP.srcs/constrs_1/new/constraints.xdc:175]
WARNING: [Vivado 12-507] No nets matched 'm_Calculate/denom[46]'. [C:/Users/Tarun/Desktop/FDP_123.xpr/FDP/FDP.srcs/constrs_1/new/constraints.xdc:175]
WARNING: [Vivado 12-507] No nets matched 'm_Calculate/denom[47]'. [C:/Users/Tarun/Desktop/FDP_123.xpr/FDP/FDP.srcs/constrs_1/new/constraints.xdc:175]
CRITICAL WARNING: [Common 17-162] Invalid option value specified for '-nets'. [C:/Users/Tarun/Desktop/FDP_123.xpr/FDP/FDP.srcs/constrs_1/new/constraints.xdc:175]
WARNING: [Vivado 12-507] No nets matched 'm_Calculate/temp_real[0]'. [C:/Users/Tarun/Desktop/FDP_123.xpr/FDP/FDP.srcs/constrs_1/new/constraints.xdc:179]
WARNING: [Vivado 12-507] No nets matched 'm_Calculate/temp_real[1]'. [C:/Users/Tarun/Desktop/FDP_123.xpr/FDP/FDP.srcs/constrs_1/new/constraints.xdc:179]
WARNING: [Vivado 12-507] No nets matched 'm_Calculate/temp_real[2]'. [C:/Users/Tarun/Desktop/FDP_123.xpr/FDP/FDP.srcs/constrs_1/new/constraints.xdc:179]
WARNING: [Vivado 12-507] No nets matched 'm_Calculate/temp_real[3]'. [C:/Users/Tarun/Desktop/FDP_123.xpr/FDP/FDP.srcs/constrs_1/new/constraints.xdc:179]
WARNING: [Vivado 12-507] No nets matched 'm_Calculate/temp_real[4]'. [C:/Users/Tarun/Desktop/FDP_123.xpr/FDP/FDP.srcs/constrs_1/new/constraints.xdc:179]
WARNING: [Vivado 12-507] No nets matched 'm_Calculate/temp_real[5]'. [C:/Users/Tarun/Desktop/FDP_123.xpr/FDP/FDP.srcs/constrs_1/new/constraints.xdc:179]
WARNING: [Vivado 12-507] No nets matched 'm_Calculate/temp_real[6]'. [C:/Users/Tarun/Desktop/FDP_123.xpr/FDP/FDP.srcs/constrs_1/new/constraints.xdc:179]
WARNING: [Vivado 12-507] No nets matched 'm_Calculate/temp_real[7]'. [C:/Users/Tarun/Desktop/FDP_123.xpr/FDP/FDP.srcs/constrs_1/new/constraints.xdc:179]
WARNING: [Vivado 12-507] No nets matched 'm_Calculate/temp_real[8]'. [C:/Users/Tarun/Desktop/FDP_123.xpr/FDP/FDP.srcs/constrs_1/new/constraints.xdc:179]
WARNING: [Vivado 12-507] No nets matched 'm_Calculate/temp_real[9]'. [C:/Users/Tarun/Desktop/FDP_123.xpr/FDP/FDP.srcs/constrs_1/new/constraints.xdc:179]
WARNING: [Vivado 12-507] No nets matched 'm_Calculate/temp_real[10]'. [C:/Users/Tarun/Desktop/FDP_123.xpr/FDP/FDP.srcs/constrs_1/new/constraints.xdc:179]
WARNING: [Vivado 12-507] No nets matched 'm_Calculate/temp_real[11]'. [C:/Users/Tarun/Desktop/FDP_123.xpr/FDP/FDP.srcs/constrs_1/new/constraints.xdc:179]
WARNING: [Vivado 12-507] No nets matched 'm_Calculate/temp_real[12]'. [C:/Users/Tarun/Desktop/FDP_123.xpr/FDP/FDP.srcs/constrs_1/new/constraints.xdc:179]
WARNING: [Vivado 12-507] No nets matched 'm_Calculate/temp_real[13]'. [C:/Users/Tarun/Desktop/FDP_123.xpr/FDP/FDP.srcs/constrs_1/new/constraints.xdc:179]
WARNING: [Vivado 12-507] No nets matched 'm_Calculate/temp_real[14]'. [C:/Users/Tarun/Desktop/FDP_123.xpr/FDP/FDP.srcs/constrs_1/new/constraints.xdc:179]
WARNING: [Vivado 12-507] No nets matched 'm_Calculate/temp_real[15]'. [C:/Users/Tarun/Desktop/FDP_123.xpr/FDP/FDP.srcs/constrs_1/new/constraints.xdc:179]
WARNING: [Vivado 12-507] No nets matched 'm_Calculate/temp_real[16]'. [C:/Users/Tarun/Desktop/FDP_123.xpr/FDP/FDP.srcs/constrs_1/new/constraints.xdc:179]
WARNING: [Vivado 12-507] No nets matched 'm_Calculate/temp_real[17]'. [C:/Users/Tarun/Desktop/FDP_123.xpr/FDP/FDP.srcs/constrs_1/new/constraints.xdc:179]
WARNING: [Vivado 12-507] No nets matched 'm_Calculate/temp_real[18]'. [C:/Users/Tarun/Desktop/FDP_123.xpr/FDP/FDP.srcs/constrs_1/new/constraints.xdc:179]
WARNING: [Vivado 12-507] No nets matched 'm_Calculate/temp_real[19]'. [C:/Users/Tarun/Desktop/FDP_123.xpr/FDP/FDP.srcs/constrs_1/new/constraints.xdc:179]
WARNING: [Vivado 12-507] No nets matched 'm_Calculate/temp_real[20]'. [C:/Users/Tarun/Desktop/FDP_123.xpr/FDP/FDP.srcs/constrs_1/new/constraints.xdc:179]
WARNING: [Vivado 12-507] No nets matched 'm_Calculate/temp_real[21]'. [C:/Users/Tarun/Desktop/FDP_123.xpr/FDP/FDP.srcs/constrs_1/new/constraints.xdc:179]
WARNING: [Vivado 12-507] No nets matched 'm_Calculate/temp_real[22]'. [C:/Users/Tarun/Desktop/FDP_123.xpr/FDP/FDP.srcs/constrs_1/new/constraints.xdc:179]
WARNING: [Vivado 12-507] No nets matched 'm_Calculate/temp_real[23]'. [C:/Users/Tarun/Desktop/FDP_123.xpr/FDP/FDP.srcs/constrs_1/new/constraints.xdc:179]
WARNING: [Vivado 12-507] No nets matched 'm_Calculate/temp_real[24]'. [C:/Users/Tarun/Desktop/FDP_123.xpr/FDP/FDP.srcs/constrs_1/new/constraints.xdc:179]
WARNING: [Vivado 12-507] No nets matched 'm_Calculate/temp_real[25]'. [C:/Users/Tarun/Desktop/FDP_123.xpr/FDP/FDP.srcs/constrs_1/new/constraints.xdc:179]
WARNING: [Vivado 12-507] No nets matched 'm_Calculate/temp_real[26]'. [C:/Users/Tarun/Desktop/FDP_123.xpr/FDP/FDP.srcs/constrs_1/new/constraints.xdc:179]
WARNING: [Vivado 12-507] No nets matched 'm_Calculate/temp_real[27]'. [C:/Users/Tarun/Desktop/FDP_123.xpr/FDP/FDP.srcs/constrs_1/new/constraints.xdc:179]
WARNING: [Vivado 12-507] No nets matched 'm_Calculate/temp_real[28]'. [C:/Users/Tarun/Desktop/FDP_123.xpr/FDP/FDP.srcs/constrs_1/new/constraints.xdc:179]
WARNING: [Vivado 12-507] No nets matched 'm_Calculate/temp_real[29]'. [C:/Users/Tarun/Desktop/FDP_123.xpr/FDP/FDP.srcs/constrs_1/new/constraints.xdc:179]
WARNING: [Vivado 12-507] No nets matched 'm_Calculate/temp_real[30]'. [C:/Users/Tarun/Desktop/FDP_123.xpr/FDP/FDP.srcs/constrs_1/new/constraints.xdc:179]
WARNING: [Vivado 12-507] No nets matched 'm_Calculate/temp_real[31]'. [C:/Users/Tarun/Desktop/FDP_123.xpr/FDP/FDP.srcs/constrs_1/new/constraints.xdc:179]
WARNING: [Vivado 12-507] No nets matched 'm_Calculate/temp_real[32]'. [C:/Users/Tarun/Desktop/FDP_123.xpr/FDP/FDP.srcs/constrs_1/new/constraints.xdc:179]
WARNING: [Vivado 12-507] No nets matched 'm_Calculate/temp_real[33]'. [C:/Users/Tarun/Desktop/FDP_123.xpr/FDP/FDP.srcs/constrs_1/new/constraints.xdc:179]
WARNING: [Vivado 12-507] No nets matched 'm_Calculate/temp_real[34]'. [C:/Users/Tarun/Desktop/FDP_123.xpr/FDP/FDP.srcs/constrs_1/new/constraints.xdc:179]
WARNING: [Vivado 12-507] No nets matched 'm_Calculate/temp_real[35]'. [C:/Users/Tarun/Desktop/FDP_123.xpr/FDP/FDP.srcs/constrs_1/new/constraints.xdc:179]
WARNING: [Vivado 12-507] No nets matched 'm_Calculate/temp_real[36]'. [C:/Users/Tarun/Desktop/FDP_123.xpr/FDP/FDP.srcs/constrs_1/new/constraints.xdc:179]
WARNING: [Vivado 12-507] No nets matched 'm_Calculate/temp_real[37]'. [C:/Users/Tarun/Desktop/FDP_123.xpr/FDP/FDP.srcs/constrs_1/new/constraints.xdc:179]
WARNING: [Vivado 12-507] No nets matched 'm_Calculate/temp_real[38]'. [C:/Users/Tarun/Desktop/FDP_123.xpr/FDP/FDP.srcs/constrs_1/new/constraints.xdc:179]
WARNING: [Vivado 12-507] No nets matched 'm_Calculate/temp_real[39]'. [C:/Users/Tarun/Desktop/FDP_123.xpr/FDP/FDP.srcs/constrs_1/new/constraints.xdc:179]
WARNING: [Vivado 12-507] No nets matched 'm_Calculate/temp_real[40]'. [C:/Users/Tarun/Desktop/FDP_123.xpr/FDP/FDP.srcs/constrs_1/new/constraints.xdc:179]
WARNING: [Vivado 12-507] No nets matched 'm_Calculate/temp_real[41]'. [C:/Users/Tarun/Desktop/FDP_123.xpr/FDP/FDP.srcs/constrs_1/new/constraints.xdc:179]
WARNING: [Vivado 12-507] No nets matched 'm_Calculate/temp_real[42]'. [C:/Users/Tarun/Desktop/FDP_123.xpr/FDP/FDP.srcs/constrs_1/new/constraints.xdc:179]
WARNING: [Vivado 12-507] No nets matched 'm_Calculate/temp_real[43]'. [C:/Users/Tarun/Desktop/FDP_123.xpr/FDP/FDP.srcs/constrs_1/new/constraints.xdc:179]
WARNING: [Vivado 12-507] No nets matched 'm_Calculate/temp_real[44]'. [C:/Users/Tarun/Desktop/FDP_123.xpr/FDP/FDP.srcs/constrs_1/new/constraints.xdc:179]
WARNING: [Vivado 12-507] No nets matched 'm_Calculate/temp_real[45]'. [C:/Users/Tarun/Desktop/FDP_123.xpr/FDP/FDP.srcs/constrs_1/new/constraints.xdc:179]
WARNING: [Vivado 12-507] No nets matched 'm_Calculate/temp_real[46]'. [C:/Users/Tarun/Desktop/FDP_123.xpr/FDP/FDP.srcs/constrs_1/new/constraints.xdc:179]
WARNING: [Vivado 12-507] No nets matched 'm_Calculate/temp_real[47]'. [C:/Users/Tarun/Desktop/FDP_123.xpr/FDP/FDP.srcs/constrs_1/new/constraints.xdc:179]
CRITICAL WARNING: [Common 17-162] Invalid option value specified for '-nets'. [C:/Users/Tarun/Desktop/FDP_123.xpr/FDP/FDP.srcs/constrs_1/new/constraints.xdc:179]
WARNING: [Vivado 12-507] No nets matched 'm_Calculate/temp_imag[0]'. [C:/Users/Tarun/Desktop/FDP_123.xpr/FDP/FDP.srcs/constrs_1/new/constraints.xdc:183]
WARNING: [Vivado 12-507] No nets matched 'm_Calculate/temp_imag[1]'. [C:/Users/Tarun/Desktop/FDP_123.xpr/FDP/FDP.srcs/constrs_1/new/constraints.xdc:183]
WARNING: [Vivado 12-507] No nets matched 'm_Calculate/temp_imag[2]'. [C:/Users/Tarun/Desktop/FDP_123.xpr/FDP/FDP.srcs/constrs_1/new/constraints.xdc:183]
WARNING: [Vivado 12-507] No nets matched 'm_Calculate/temp_imag[3]'. [C:/Users/Tarun/Desktop/FDP_123.xpr/FDP/FDP.srcs/constrs_1/new/constraints.xdc:183]
INFO: [Common 17-14] Message 'Vivado 12-507' appears 100 times and further instances of the messages will be disabled. Use the Tcl command set_msg_config to change the current settings. [C:/Users/Tarun/Desktop/FDP_123.xpr/FDP/FDP.srcs/constrs_1/new/constraints.xdc:183]
CRITICAL WARNING: [Common 17-162] Invalid option value specified for '-nets'. [C:/Users/Tarun/Desktop/FDP_123.xpr/FDP/FDP.srcs/constrs_1/new/constraints.xdc:183]
Finished Parsing XDC File [C:/Users/Tarun/Desktop/FDP_123.xpr/FDP/FDP.srcs/constrs_1/new/constraints.xdc]
INFO: [Opt 31-138] Pushed 0 inverter(s) to 0 load pin(s).
refresh_design
INFO: [Project 1-570] Preparing netlist for logic optimization
Parsing XDC File [C:/Users/Tarun/Desktop/FDP_123.xpr/FDP/FDP.srcs/constrs_1/new/constraints.xdc]
WARNING: [Vivado 12-584] No ports matched 'sw[4]'. [C:/Users/Tarun/Desktop/FDP_123.xpr/FDP/FDP.srcs/constrs_1/new/constraints.xdc:16]
CRITICAL WARNING: [Common 17-55] 'set_property' expects at least one object. [C:/Users/Tarun/Desktop/FDP_123.xpr/FDP/FDP.srcs/constrs_1/new/constraints.xdc:16]
Resolution: If [get_<value>] was used to populate the object, check to make sure this command returns at least one valid object.
Finished Parsing XDC File [C:/Users/Tarun/Desktop/FDP_123.xpr/FDP/FDP.srcs/constrs_1/new/constraints.xdc]
INFO: [Opt 31-138] Pushed 0 inverter(s) to 0 load pin(s).
refresh_design
INFO: [Netlist 29-17] Analyzing 4042 Unisim elements for replacement
INFO: [Netlist 29-28] Unisim Transformation completed in 0 CPU seconds
INFO: [Project 1-479] Netlist was created with Vivado 2018.2
INFO: [Project 1-570] Preparing netlist for logic optimization
Parsing XDC File [C:/Users/Tarun/Desktop/FDP_123.xpr/FDP/FDP.srcs/constrs_1/new/constraints.xdc]
CRITICAL WARNING: [Vivado 12-1419] Debug core 'dbg_hub' was not found. [C:/Users/Tarun/Desktop/FDP_123.xpr/FDP/FDP.srcs/constrs_1/new/constraints.xdc:10]
WARNING: [Vivado 12-584] No ports matched 'sw[4]'. [C:/Users/Tarun/Desktop/FDP_123.xpr/FDP/FDP.srcs/constrs_1/new/constraints.xdc:16]
CRITICAL WARNING: [Common 17-55] 'set_property' expects at least one object. [C:/Users/Tarun/Desktop/FDP_123.xpr/FDP/FDP.srcs/constrs_1/new/constraints.xdc:16]
Resolution: If [get_<value>] was used to populate the object, check to make sure this command returns at least one valid object.
Finished Parsing XDC File [C:/Users/Tarun/Desktop/FDP_123.xpr/FDP/FDP.srcs/constrs_1/new/constraints.xdc]
INFO: [Opt 31-138] Pushed 0 inverter(s) to 0 load pin(s).
reset_run synth_1
WARNING: [Vivado 12-1017] Problems encountered:
1. Failed to delete one or more files in run directory C:/Users/Tarun/Desktop/FDP_123.xpr/FDP/FDP.runs/synth_1

launch_runs impl_1 -to_step write_bitstream -jobs 11
WARNING: [Project 1-478] Design 'synth_1' is stale and will not be used when launching 'impl_1'
[Mon Apr  6 00:03:54 2026] Launched synth_1...
Run output will be captured here: C:/Users/Tarun/Desktop/FDP_123.xpr/FDP/FDP.runs/synth_1/runme.log
[Mon Apr  6 00:03:54 2026] Launched impl_1...
Run output will be captured here: C:/Users/Tarun/Desktop/FDP_123.xpr/FDP/FDP.runs/impl_1/runme.log
set_property PROBES.FILE {} [get_hw_devices xc7a35t_0]
set_property FULL_PROBES.FILE {} [get_hw_devices xc7a35t_0]
set_property PROGRAM.FILE {C:/Users/Tarun/Desktop/FDP_123.xpr/FDP/FDP.runs/impl_1/Top_Student.bit} [get_hw_devices xc7a35t_0]
program_hw_devices [get_hw_devices xc7a35t_0]
INFO: [Labtools 27-3164] End of startup status: HIGH
refresh_hw_device [lindex [get_hw_devices xc7a35t_0] 0]
INFO: [Labtools 27-1434] Device xc7a35t (JTAG device index = 0) is programmed with a design that has no supported debug core(s) in it.
WARNING: [Labtools 27-3361] The debug hub core was not detected.
Resolution: 
1. Make sure the clock connected to the debug hub (dbg_hub) core is a free running clock and is active.
2. Make sure the BSCAN_SWITCH_USER_MASK device property in Vivado Hardware Manager reflects the user scan chain setting in the design and refresh the device.  To determine the user scan chain setting in the design, open the implemented design and use 'get_property C_USER_SCAN_CHAIN [get_debug_cores dbg_hub]'.
For more details on setting the scan chain property, consult the Vivado Debug and Programming User Guide (UG908).
save_wave_config {C:/Users/Tarun/Desktop/FDP_123.xpr/FDP/FDP.hw/hw_1/wave/hw_ila_data_1/hw_ila_data_1.wcfg}
reset_run synth_1
WARNING: [Vivado 12-1017] Problems encountered:
1. Failed to delete one or more files in run directory C:/Users/Tarun/Desktop/FDP_123.xpr/FDP/FDP.runs/synth_1

launch_runs impl_1 -to_step write_bitstream -jobs 11
WARNING: [Project 1-478] Design 'synth_1' is stale and will not be used when launching 'impl_1'
[Mon Apr  6 00:21:02 2026] Launched synth_1...
Run output will be captured here: C:/Users/Tarun/Desktop/FDP_123.xpr/FDP/FDP.runs/synth_1/runme.log
[Mon Apr  6 00:21:02 2026] Launched impl_1...
Run output will be captured here: C:/Users/Tarun/Desktop/FDP_123.xpr/FDP/FDP.runs/impl_1/runme.log
set_property PROBES.FILE {} [get_hw_devices xc7a35t_0]
set_property FULL_PROBES.FILE {} [get_hw_devices xc7a35t_0]
set_property PROGRAM.FILE {C:/Users/Tarun/Desktop/FDP_123.xpr/FDP/FDP.runs/impl_1/Top_Student.bit} [get_hw_devices xc7a35t_0]
program_hw_devices [get_hw_devices xc7a35t_0]
INFO: [Labtools 27-3164] End of startup status: HIGH
refresh_hw_device [lindex [get_hw_devices xc7a35t_0] 0]
INFO: [Labtools 27-1434] Device xc7a35t (JTAG device index = 0) is programmed with a design that has no supported debug core(s) in it.
WARNING: [Labtools 27-3361] The debug hub core was not detected.
Resolution: 
1. Make sure the clock connected to the debug hub (dbg_hub) core is a free running clock and is active.
2. Make sure the BSCAN_SWITCH_USER_MASK device property in Vivado Hardware Manager reflects the user scan chain setting in the design and refresh the device.  To determine the user scan chain setting in the design, open the implemented design and use 'get_property C_USER_SCAN_CHAIN [get_debug_cores dbg_hub]'.
For more details on setting the scan chain property, consult the Vivado Debug and Programming User Guide (UG908).
reset_run synth_1
WARNING: [Vivado 12-1017] Problems encountered:
1. Failed to delete one or more files in run directory C:/Users/Tarun/Desktop/FDP_123.xpr/FDP/FDP.runs/synth_1

launch_runs impl_1 -to_step write_bitstream -jobs 11
WARNING: [Project 1-478] Design 'synth_1' is stale and will not be used when launching 'impl_1'
[Mon Apr  6 00:33:46 2026] Launched synth_1...
Run output will be captured here: C:/Users/Tarun/Desktop/FDP_123.xpr/FDP/FDP.runs/synth_1/runme.log
[Mon Apr  6 00:33:46 2026] Launched impl_1...
Run output will be captured here: C:/Users/Tarun/Desktop/FDP_123.xpr/FDP/FDP.runs/impl_1/runme.log
set_property PROBES.FILE {} [get_hw_devices xc7a35t_0]
set_property FULL_PROBES.FILE {} [get_hw_devices xc7a35t_0]
set_property PROGRAM.FILE {C:/Users/Tarun/Desktop/FDP_123.xpr/FDP/FDP.runs/impl_1/Top_Student.bit} [get_hw_devices xc7a35t_0]
program_hw_devices [get_hw_devices xc7a35t_0]
INFO: [Labtools 27-3164] End of startup status: HIGH
refresh_hw_device [lindex [get_hw_devices xc7a35t_0] 0]
INFO: [Labtools 27-1434] Device xc7a35t (JTAG device index = 0) is programmed with a design that has no supported debug core(s) in it.
WARNING: [Labtools 27-3361] The debug hub core was not detected.
Resolution: 
1. Make sure the clock connected to the debug hub (dbg_hub) core is a free running clock and is active.
2. Make sure the BSCAN_SWITCH_USER_MASK device property in Vivado Hardware Manager reflects the user scan chain setting in the design and refresh the device.  To determine the user scan chain setting in the design, open the implemented design and use 'get_property C_USER_SCAN_CHAIN [get_debug_cores dbg_hub]'.
For more details on setting the scan chain property, consult the Vivado Debug and Programming User Guide (UG908).
reset_run synth_1
WARNING: [Vivado 12-1017] Problems encountered:
1. Failed to delete one or more files in run directory C:/Users/Tarun/Desktop/FDP_123.xpr/FDP/FDP.runs/synth_1

launch_runs impl_1 -to_step write_bitstream -jobs 11
WARNING: [Project 1-478] Design 'synth_1' is stale and will not be used when launching 'impl_1'
[Mon Apr  6 00:46:11 2026] Launched synth_1...
Run output will be captured here: C:/Users/Tarun/Desktop/FDP_123.xpr/FDP/FDP.runs/synth_1/runme.log
[Mon Apr  6 00:46:11 2026] Launched impl_1...
Run output will be captured here: C:/Users/Tarun/Desktop/FDP_123.xpr/FDP/FDP.runs/impl_1/runme.log
reset_run synth_1
WARNING: [Vivado 12-1017] Problems encountered:
1. Failed to delete one or more files in run directory C:/Users/Tarun/Desktop/FDP_123.xpr/FDP/FDP.runs/synth_1

launch_runs impl_1 -to_step write_bitstream -jobs 11
WARNING: [Project 1-478] Design 'synth_1' is stale and will not be used when launching 'impl_1'
[Mon Apr  6 00:53:16 2026] Launched synth_1...
Run output will be captured here: C:/Users/Tarun/Desktop/FDP_123.xpr/FDP/FDP.runs/synth_1/runme.log
[Mon Apr  6 00:53:16 2026] Launched impl_1...
Run output will be captured here: C:/Users/Tarun/Desktop/FDP_123.xpr/FDP/FDP.runs/impl_1/runme.log
open_run impl_1
INFO: [Netlist 29-17] Analyzing 4068 Unisim elements for replacement
INFO: [Netlist 29-28] Unisim Transformation completed in 0 CPU seconds
WARNING: [Netlist 29-101] Netlist 'Top_Student' is not ideal for floorplanning, since the cellview 'Calculate' contains a large number of primitives.  Please consider enabling hierarchy in synthesis if you want to do floorplanning.
INFO: [Project 1-479] Netlist was created with Vivado 2018.2
INFO: [Project 1-570] Preparing netlist for logic optimization
INFO: [Timing 38-478] Restoring timing data from binary archive.
INFO: [Timing 38-479] Binary timing data restore complete.
INFO: [Project 1-856] Restoring constraints from binary archive.
INFO: [Project 1-853] Binary constraint restore complete.
Reading XDEF placement.
Reading placer database...
Reading XDEF routing.
Read XDEF File: Time (s): cpu = 00:00:01 ; elapsed = 00:00:00.974 . Memory (MB): peak = 2966.723 ; gain = 6.980
Restored from archive | CPU: 1.000000 secs | Memory: 0.000000 MB |
Finished XDEF File Restore: Time (s): cpu = 00:00:01 ; elapsed = 00:00:00.974 . Memory (MB): peak = 2966.723 ; gain = 6.980
INFO: [Project 1-111] Unisim Transformation Summary:
No Unisim elements were transformed.

set_property PROBES.FILE {} [get_hw_devices xc7a35t_0]
set_property FULL_PROBES.FILE {} [get_hw_devices xc7a35t_0]
set_property PROGRAM.FILE {C:/Users/Tarun/Desktop/FDP_123.xpr/FDP/FDP.runs/impl_1/Top_Student.bit} [get_hw_devices xc7a35t_0]
program_hw_devices [get_hw_devices xc7a35t_0]
INFO: [Labtools 27-3164] End of startup status: HIGH
refresh_hw_device [lindex [get_hw_devices xc7a35t_0] 0]
INFO: [Labtools 27-1434] Device xc7a35t (JTAG device index = 0) is programmed with a design that has no supported debug core(s) in it.
WARNING: [Labtools 27-3361] The debug hub core was not detected.
Resolution: 
1. Make sure the clock connected to the debug hub (dbg_hub) core is a free running clock and is active.
2. Make sure the BSCAN_SWITCH_USER_MASK device property in Vivado Hardware Manager reflects the user scan chain setting in the design and refresh the device.  To determine the user scan chain setting in the design, open the implemented design and use 'get_property C_USER_SCAN_CHAIN [get_debug_cores dbg_hub]'.
For more details on setting the scan chain property, consult the Vivado Debug and Programming User Guide (UG908).
reset_run synth_1
WARNING: [Vivado 12-1017] Problems encountered:
1. Failed to delete one or more files in run directory C:/Users/Tarun/Desktop/FDP_123.xpr/FDP/FDP.runs/synth_1

launch_runs impl_1 -to_step write_bitstream -jobs 11
WARNING: [Project 1-478] Design 'synth_1' is stale and will not be used when launching 'impl_1'
[Mon Apr  6 00:59:05 2026] Launched synth_1...
Run output will be captured here: C:/Users/Tarun/Desktop/FDP_123.xpr/FDP/FDP.runs/synth_1/runme.log
[Mon Apr  6 00:59:05 2026] Launched impl_1...
Run output will be captured here: C:/Users/Tarun/Desktop/FDP_123.xpr/FDP/FDP.runs/impl_1/runme.log
reset_run impl_1
reset_run synth_1
WARNING: [Vivado 12-1017] Problems encountered:
1. Failed to delete one or more files in run directory C:/Users/Tarun/Desktop/FDP_123.xpr/FDP/FDP.runs/synth_1

launch_runs impl_1 -to_step write_bitstream -jobs 11
WARNING: [Project 1-478] Design 'synth_1' is stale and will not be used when launching 'impl_1'
[Mon Apr  6 01:01:48 2026] Launched synth_1...
Run output will be captured here: C:/Users/Tarun/Desktop/FDP_123.xpr/FDP/FDP.runs/synth_1/runme.log
[Mon Apr  6 01:01:48 2026] Launched impl_1...
Run output will be captured here: C:/Users/Tarun/Desktop/FDP_123.xpr/FDP/FDP.runs/impl_1/runme.log
set_property PROBES.FILE {} [get_hw_devices xc7a35t_0]
set_property FULL_PROBES.FILE {} [get_hw_devices xc7a35t_0]
set_property PROGRAM.FILE {C:/Users/Tarun/Desktop/FDP_123.xpr/FDP/FDP.runs/impl_1/Top_Student.bit} [get_hw_devices xc7a35t_0]
program_hw_devices [get_hw_devices xc7a35t_0]
INFO: [Labtools 27-3164] End of startup status: HIGH
refresh_hw_device [lindex [get_hw_devices xc7a35t_0] 0]
INFO: [Labtools 27-1434] Device xc7a35t (JTAG device index = 0) is programmed with a design that has no supported debug core(s) in it.
WARNING: [Labtools 27-3361] The debug hub core was not detected.
Resolution: 
1. Make sure the clock connected to the debug hub (dbg_hub) core is a free running clock and is active.
2. Make sure the BSCAN_SWITCH_USER_MASK device property in Vivado Hardware Manager reflects the user scan chain setting in the design and refresh the device.  To determine the user scan chain setting in the design, open the implemented design and use 'get_property C_USER_SCAN_CHAIN [get_debug_cores dbg_hub]'.
For more details on setting the scan chain property, consult the Vivado Debug and Programming User Guide (UG908).
reset_run impl_1 -prev_step 
launch_runs impl_1 -to_step write_bitstream -jobs 11
WARNING: [Vivado 12-872] Run step 'Design Initialization' is out-of-date.
[Mon Apr  6 01:05:14 2026] Launched impl_1...
Run output will be captured here: C:/Users/Tarun/Desktop/FDP_123.xpr/FDP/FDP.runs/impl_1/runme.log
set_property PROBES.FILE {} [get_hw_devices xc7a35t_0]
set_property FULL_PROBES.FILE {} [get_hw_devices xc7a35t_0]
set_property PROGRAM.FILE {C:/Users/Tarun/Desktop/FDP_123.xpr/FDP/FDP.runs/impl_1/Top_Student.bit} [get_hw_devices xc7a35t_0]
program_hw_devices [get_hw_devices xc7a35t_0]
INFO: [Labtools 27-3164] End of startup status: HIGH
refresh_hw_device [lindex [get_hw_devices xc7a35t_0] 0]
INFO: [Labtools 27-1434] Device xc7a35t (JTAG device index = 0) is programmed with a design that has no supported debug core(s) in it.
WARNING: [Labtools 27-3361] The debug hub core was not detected.
Resolution: 
1. Make sure the clock connected to the debug hub (dbg_hub) core is a free running clock and is active.
2. Make sure the BSCAN_SWITCH_USER_MASK device property in Vivado Hardware Manager reflects the user scan chain setting in the design and refresh the device.  To determine the user scan chain setting in the design, open the implemented design and use 'get_property C_USER_SCAN_CHAIN [get_debug_cores dbg_hub]'.
For more details on setting the scan chain property, consult the Vivado Debug and Programming User Guide (UG908).
set_property PROBES.FILE {} [get_hw_devices xc7a35t_0]
set_property FULL_PROBES.FILE {} [get_hw_devices xc7a35t_0]
set_property PROGRAM.FILE {C:/Users/Tarun/Desktop/FDP_123.xpr/FDP/FDP.runs/impl_1/Top_Student.bit} [get_hw_devices xc7a35t_0]
program_hw_devices [get_hw_devices xc7a35t_0]
INFO: [Labtools 27-3164] End of startup status: HIGH
refresh_hw_device [lindex [get_hw_devices xc7a35t_0] 0]
INFO: [Labtools 27-1434] Device xc7a35t (JTAG device index = 0) is programmed with a design that has no supported debug core(s) in it.
WARNING: [Labtools 27-3361] The debug hub core was not detected.
Resolution: 
1. Make sure the clock connected to the debug hub (dbg_hub) core is a free running clock and is active.
2. Make sure the BSCAN_SWITCH_USER_MASK device property in Vivado Hardware Manager reflects the user scan chain setting in the design and refresh the device.  To determine the user scan chain setting in the design, open the implemented design and use 'get_property C_USER_SCAN_CHAIN [get_debug_cores dbg_hub]'.
For more details on setting the scan chain property, consult the Vivado Debug and Programming User Guide (UG908).
reset_run synth_1
WARNING: [Vivado 12-1017] Problems encountered:
1. Failed to delete one or more files in run directory C:/Users/Tarun/Desktop/FDP_123.xpr/FDP/FDP.runs/synth_1

launch_runs impl_1 -to_step write_bitstream -jobs 11
WARNING: [Project 1-478] Design 'synth_1' is stale and will not be used when launching 'impl_1'
[Mon Apr  6 01:08:37 2026] Launched synth_1...
Run output will be captured here: C:/Users/Tarun/Desktop/FDP_123.xpr/FDP/FDP.runs/synth_1/runme.log
[Mon Apr  6 01:08:37 2026] Launched impl_1...
Run output will be captured here: C:/Users/Tarun/Desktop/FDP_123.xpr/FDP/FDP.runs/impl_1/runme.log
set_property PROBES.FILE {} [get_hw_devices xc7a35t_0]
set_property FULL_PROBES.FILE {} [get_hw_devices xc7a35t_0]
set_property PROGRAM.FILE {C:/Users/Tarun/Desktop/FDP_123.xpr/FDP/FDP.runs/impl_1/Top_Student.bit} [get_hw_devices xc7a35t_0]
program_hw_devices [get_hw_devices xc7a35t_0]
INFO: [Labtools 27-3164] End of startup status: HIGH
refresh_hw_device [lindex [get_hw_devices xc7a35t_0] 0]
INFO: [Labtools 27-1434] Device xc7a35t (JTAG device index = 0) is programmed with a design that has no supported debug core(s) in it.
WARNING: [Labtools 27-3361] The debug hub core was not detected.
Resolution: 
1. Make sure the clock connected to the debug hub (dbg_hub) core is a free running clock and is active.
2. Make sure the BSCAN_SWITCH_USER_MASK device property in Vivado Hardware Manager reflects the user scan chain setting in the design and refresh the device.  To determine the user scan chain setting in the design, open the implemented design and use 'get_property C_USER_SCAN_CHAIN [get_debug_cores dbg_hub]'.
For more details on setting the scan chain property, consult the Vivado Debug and Programming User Guide (UG908).
close_sim
INFO: [Simtcl 6-16] Simulation closed
exit
INFO: [Common 17-206] Exiting Vivado at Mon Apr  6 01:15:05 2026...
