Copyright 1986-2018 Xilinx, Inc. All Rights Reserved.
--------------------------------------------------------------------------------------------------------------------------------------------------------------------------------------------------------
| Tool Version : Vivado v.2018.2 (win64) Build 2258646 Thu Jun 14 20:03:12 MDT 2018
| Date         : Fri Apr  3 22:52:17 2026
| Host         : Tarun running 64-bit major release  (build 9200)
| Command      : report_timing_summary -max_paths 10 -file Top_Student_timing_summary_routed.rpt -pb Top_Student_timing_summary_routed.pb -rpx Top_Student_timing_summary_routed.rpx -warn_on_violation
| Design       : Top_Student
| Device       : 7a35t-cpg236
| Speed File   : -1  PRODUCTION 1.22 2018-03-21
--------------------------------------------------------------------------------------------------------------------------------------------------------------------------------------------------------

Timing Summary Report

------------------------------------------------------------------------------------------------
| Timer Settings
| --------------
------------------------------------------------------------------------------------------------

  Enable Multi Corner Analysis               :  Yes
  Enable Pessimism Removal                   :  Yes
  Pessimism Removal Resolution               :  Nearest Common Node
  Enable Input Delay Default Clock           :  No
  Enable Preset / Clear Arcs                 :  No
  Disable Flight Delays                      :  No
  Ignore I/O Paths                           :  No
  Timing Early Launch at Borrowing Latches   :  false

  Corner  Analyze    Analyze    
  Name    Max Paths  Min Paths  
  ------  ---------  ---------  
  Slow    Yes        Yes        
  Fast    Yes        Yes        



check_timing report

Table of Contents
-----------------
1. checking no_clock
2. checking constant_clock
3. checking pulse_width_clock
4. checking unconstrained_internal_endpoints
5. checking no_input_delay
6. checking no_output_delay
7. checking multiple_clock
8. checking generated_clocks
9. checking loops
10. checking partial_input_delay
11. checking partial_output_delay
12. checking latch_loops

1. checking no_clock
--------------------
 There are 3 register/latch pins with no clock driven by root clock pin: clk_25MHz_inst/my_clock_reg/Q (HIGH)

 There are 89 register/latch pins with no clock driven by root clock pin: clk_500Hz_inst/my_clock_reg/Q (HIGH)

 There are 115 register/latch pins with no clock driven by root clock pin: clk_6p25MHz_inst/my_clock_reg/Q (HIGH)


2. checking constant_clock
--------------------------
 There are 0 register/latch pins with constant_clock.


3. checking pulse_width_clock
-----------------------------
 There are 0 register/latch pins which need pulse_width check


4. checking unconstrained_internal_endpoints
--------------------------------------------
 There are 576 pins that are not constrained for maximum delay. (HIGH)

 There are 0 pins that are not constrained for maximum delay due to constant clock.


5. checking no_input_delay
--------------------------
 There are 11 input ports with no input delay specified. (HIGH)

 There are 0 input ports with no input delay but user has a false path constraint.


6. checking no_output_delay
---------------------------
 There are 18 ports with no output delay specified. (HIGH)

 There are 0 ports with no output delay but user has a false path constraint

 There are 0 ports with no output delay but with a timing clock defined on it or propagating through it


7. checking multiple_clock
--------------------------
 There are 0 register/latch pins with multiple clocks.


8. checking generated_clocks
----------------------------
 There are 0 generated clocks that are not connected to a clock source.


9. checking loops
-----------------
 There are 0 combinational loops in the design.


10. checking partial_input_delay
--------------------------------
 There are 0 input ports with partial input delay specified.


11. checking partial_output_delay
---------------------------------
 There are 0 ports with partial output delay specified.


12. checking latch_loops
------------------------
 There are 0 combinational latch loops in the design through latch input



------------------------------------------------------------------------------------------------
| Design Timing Summary
| ---------------------
------------------------------------------------------------------------------------------------

    WNS(ns)      TNS(ns)  TNS Failing Endpoints  TNS Total Endpoints      WHS(ns)      THS(ns)  THS Failing Endpoints  THS Total Endpoints     WPWS(ns)     TPWS(ns)  TPWS Failing Endpoints  TPWS Total Endpoints  
    -------      -------  ---------------------  -------------------      -------      -------  ---------------------  -------------------     --------     --------  ----------------------  --------------------  
      5.321        0.000                      0                  260        0.201        0.000                      0                  260        4.500        0.000                       0                   241  


All user specified timing constraints are met.


------------------------------------------------------------------------------------------------
| Clock Summary
| -------------
------------------------------------------------------------------------------------------------

Clock        Waveform(ns)       Period(ns)      Frequency(MHz)
-----        ------------       ----------      --------------
sys_clk_pin  {0.000 5.000}      10.000          100.000         


------------------------------------------------------------------------------------------------
| Intra Clock Table
| -----------------
------------------------------------------------------------------------------------------------

Clock             WNS(ns)      TNS(ns)  TNS Failing Endpoints  TNS Total Endpoints      WHS(ns)      THS(ns)  THS Failing Endpoints  THS Total Endpoints     WPWS(ns)     TPWS(ns)  TPWS Failing Endpoints  TPWS Total Endpoints  
-----             -------      -------  ---------------------  -------------------      -------      -------  ---------------------  -------------------     --------     --------  ----------------------  --------------------  
sys_clk_pin         5.321        0.000                      0                  260        0.201        0.000                      0                  260        4.500        0.000                       0                   241  


------------------------------------------------------------------------------------------------
| Inter Clock Table
| -----------------
------------------------------------------------------------------------------------------------

From Clock    To Clock          WNS(ns)      TNS(ns)  TNS Failing Endpoints  TNS Total Endpoints      WHS(ns)      THS(ns)  THS Failing Endpoints  THS Total Endpoints  
----------    --------          -------      -------  ---------------------  -------------------      -------      -------  ---------------------  -------------------  


------------------------------------------------------------------------------------------------
| Other Path Groups Table
| -----------------------
------------------------------------------------------------------------------------------------

Path Group    From Clock    To Clock          WNS(ns)      TNS(ns)  TNS Failing Endpoints  TNS Total Endpoints      WHS(ns)      THS(ns)  THS Failing Endpoints  THS Total Endpoints  
----------    ----------    --------          -------      -------  ---------------------  -------------------      -------      -------  ---------------------  -------------------  


------------------------------------------------------------------------------------------------
| Timing Details
| --------------
------------------------------------------------------------------------------------------------


---------------------------------------------------------------------------------------------------
From Clock:  sys_clk_pin
  To Clock:  sys_clk_pin

Setup :            0  Failing Endpoints,  Worst Slack        5.321ns,  Total Violation        0.000ns
Hold  :            0  Failing Endpoints,  Worst Slack        0.201ns,  Total Violation        0.000ns
PW    :            0  Failing Endpoints,  Worst Slack        4.500ns,  Total Violation        0.000ns
---------------------------------------------------------------------------------------------------


Max Delay Paths
--------------------------------------------------------------------------------------
Slack (MET) :             5.321ns  (required time - arrival time)
  Source:                 clk_2Hz_inst/count_reg[15]/C
                            (rising edge-triggered cell FDRE clocked by sys_clk_pin  {rise@0.000ns fall@5.000ns period=10.000ns})
  Destination:            clk_2Hz_inst/count_reg[28]/R
                            (rising edge-triggered cell FDRE clocked by sys_clk_pin  {rise@0.000ns fall@5.000ns period=10.000ns})
  Path Group:             sys_clk_pin
  Path Type:              Setup (Max at Slow Process Corner)
  Requirement:            10.000ns  (sys_clk_pin rise@10.000ns - sys_clk_pin rise@0.000ns)
  Data Path Delay:        4.092ns  (logic 0.890ns (21.752%)  route 3.202ns (78.248%))
  Logic Levels:           3  (LUT6=3)
  Clock Path Skew:        -0.028ns (DCD - SCD + CPR)
    Destination Clock Delay (DCD):    4.856ns = ( 14.856 - 10.000 ) 
    Source Clock Delay      (SCD):    5.158ns
    Clock Pessimism Removal (CPR):    0.274ns
  Clock Uncertainty:      0.035ns  ((TSJ^2 + TIJ^2)^1/2 + DJ) / 2 + PE
    Total System Jitter     (TSJ):    0.071ns
    Total Input Jitter      (TIJ):    0.000ns
    Discrete Jitter          (DJ):    0.000ns
    Phase Error              (PE):    0.000ns

    Location             Delay type                Incr(ns)  Path(ns)    Netlist Resource(s)
  -------------------------------------------------------------------    -------------------
                         (clock sys_clk_pin rise edge)
                                                      0.000     0.000 r  
    W5                                                0.000     0.000 r  clk (IN)
                         net (fo=0)                   0.000     0.000    clk
    W5                   IBUF (Prop_ibuf_I_O)         1.458     1.458 r  clk_IBUF_inst/O
                         net (fo=1, routed)           1.967     3.425    clk_IBUF
    BUFGCTRL_X0Y0        BUFG (Prop_bufg_I_O)         0.096     3.521 r  clk_IBUF_BUFG_inst/O
                         net (fo=240, routed)         1.637     5.158    clk_2Hz_inst/clk_IBUF_BUFG
    SLICE_X64Y8          FDRE                                         r  clk_2Hz_inst/count_reg[15]/C
  -------------------------------------------------------------------    -------------------
    SLICE_X64Y8          FDRE (Prop_fdre_C_Q)         0.518     5.676 f  clk_2Hz_inst/count_reg[15]/Q
                         net (fo=3, routed)           1.084     6.760    clk_2Hz_inst/count_reg[15]
    SLICE_X65Y8          LUT6 (Prop_lut6_I3_O)        0.124     6.884 r  clk_2Hz_inst/count[0]_i_8__0/O
                         net (fo=1, routed)           0.401     7.286    clk_2Hz_inst/count[0]_i_8__0_n_0
    SLICE_X65Y7          LUT6 (Prop_lut6_I0_O)        0.124     7.410 r  clk_2Hz_inst/count[0]_i_4__0/O
                         net (fo=1, routed)           0.401     7.811    clk_2Hz_inst/count[0]_i_4__0_n_0
    SLICE_X65Y6          LUT6 (Prop_lut6_I3_O)        0.124     7.935 r  clk_2Hz_inst/count[0]_i_1__0/O
                         net (fo=32, routed)          1.315     9.250    clk_2Hz_inst/count[0]_i_1__0_n_0
    SLICE_X64Y12         FDRE                                         r  clk_2Hz_inst/count_reg[28]/R
  -------------------------------------------------------------------    -------------------

                         (clock sys_clk_pin rise edge)
                                                     10.000    10.000 r  
    W5                                                0.000    10.000 r  clk (IN)
                         net (fo=0)                   0.000    10.000    clk
    W5                   IBUF (Prop_ibuf_I_O)         1.388    11.388 r  clk_IBUF_inst/O
                         net (fo=1, routed)           1.862    13.250    clk_IBUF
    BUFGCTRL_X0Y0        BUFG (Prop_bufg_I_O)         0.091    13.341 r  clk_IBUF_BUFG_inst/O
                         net (fo=240, routed)         1.515    14.856    clk_2Hz_inst/clk_IBUF_BUFG
    SLICE_X64Y12         FDRE                                         r  clk_2Hz_inst/count_reg[28]/C
                         clock pessimism              0.274    15.130    
                         clock uncertainty           -0.035    15.095    
    SLICE_X64Y12         FDRE (Setup_fdre_C_R)       -0.524    14.571    clk_2Hz_inst/count_reg[28]
  -------------------------------------------------------------------
                         required time                         14.571    
                         arrival time                          -9.250    
  -------------------------------------------------------------------
                         slack                                  5.321    

Slack (MET) :             5.321ns  (required time - arrival time)
  Source:                 clk_2Hz_inst/count_reg[15]/C
                            (rising edge-triggered cell FDRE clocked by sys_clk_pin  {rise@0.000ns fall@5.000ns period=10.000ns})
  Destination:            clk_2Hz_inst/count_reg[29]/R
                            (rising edge-triggered cell FDRE clocked by sys_clk_pin  {rise@0.000ns fall@5.000ns period=10.000ns})
  Path Group:             sys_clk_pin
  Path Type:              Setup (Max at Slow Process Corner)
  Requirement:            10.000ns  (sys_clk_pin rise@10.000ns - sys_clk_pin rise@0.000ns)
  Data Path Delay:        4.092ns  (logic 0.890ns (21.752%)  route 3.202ns (78.248%))
  Logic Levels:           3  (LUT6=3)
  Clock Path Skew:        -0.028ns (DCD - SCD + CPR)
    Destination Clock Delay (DCD):    4.856ns = ( 14.856 - 10.000 ) 
    Source Clock Delay      (SCD):    5.158ns
    Clock Pessimism Removal (CPR):    0.274ns
  Clock Uncertainty:      0.035ns  ((TSJ^2 + TIJ^2)^1/2 + DJ) / 2 + PE
    Total System Jitter     (TSJ):    0.071ns
    Total Input Jitter      (TIJ):    0.000ns
    Discrete Jitter          (DJ):    0.000ns
    Phase Error              (PE):    0.000ns

    Location             Delay type                Incr(ns)  Path(ns)    Netlist Resource(s)
  -------------------------------------------------------------------    -------------------
                         (clock sys_clk_pin rise edge)
                                                      0.000     0.000 r  
    W5                                                0.000     0.000 r  clk (IN)
                         net (fo=0)                   0.000     0.000    clk
    W5                   IBUF (Prop_ibuf_I_O)         1.458     1.458 r  clk_IBUF_inst/O
                         net (fo=1, routed)           1.967     3.425    clk_IBUF
    BUFGCTRL_X0Y0        BUFG (Prop_bufg_I_O)         0.096     3.521 r  clk_IBUF_BUFG_inst/O
                         net (fo=240, routed)         1.637     5.158    clk_2Hz_inst/clk_IBUF_BUFG
    SLICE_X64Y8          FDRE                                         r  clk_2Hz_inst/count_reg[15]/C
  -------------------------------------------------------------------    -------------------
    SLICE_X64Y8          FDRE (Prop_fdre_C_Q)         0.518     5.676 f  clk_2Hz_inst/count_reg[15]/Q
                         net (fo=3, routed)           1.084     6.760    clk_2Hz_inst/count_reg[15]
    SLICE_X65Y8          LUT6 (Prop_lut6_I3_O)        0.124     6.884 r  clk_2Hz_inst/count[0]_i_8__0/O
                         net (fo=1, routed)           0.401     7.286    clk_2Hz_inst/count[0]_i_8__0_n_0
    SLICE_X65Y7          LUT6 (Prop_lut6_I0_O)        0.124     7.410 r  clk_2Hz_inst/count[0]_i_4__0/O
                         net (fo=1, routed)           0.401     7.811    clk_2Hz_inst/count[0]_i_4__0_n_0
    SLICE_X65Y6          LUT6 (Prop_lut6_I3_O)        0.124     7.935 r  clk_2Hz_inst/count[0]_i_1__0/O
                         net (fo=32, routed)          1.315     9.250    clk_2Hz_inst/count[0]_i_1__0_n_0
    SLICE_X64Y12         FDRE                                         r  clk_2Hz_inst/count_reg[29]/R
  -------------------------------------------------------------------    -------------------

                         (clock sys_clk_pin rise edge)
                                                     10.000    10.000 r  
    W5                                                0.000    10.000 r  clk (IN)
                         net (fo=0)                   0.000    10.000    clk
    W5                   IBUF (Prop_ibuf_I_O)         1.388    11.388 r  clk_IBUF_inst/O
                         net (fo=1, routed)           1.862    13.250    clk_IBUF
    BUFGCTRL_X0Y0        BUFG (Prop_bufg_I_O)         0.091    13.341 r  clk_IBUF_BUFG_inst/O
                         net (fo=240, routed)         1.515    14.856    clk_2Hz_inst/clk_IBUF_BUFG
    SLICE_X64Y12         FDRE                                         r  clk_2Hz_inst/count_reg[29]/C
                         clock pessimism              0.274    15.130    
                         clock uncertainty           -0.035    15.095    
    SLICE_X64Y12         FDRE (Setup_fdre_C_R)       -0.524    14.571    clk_2Hz_inst/count_reg[29]
  -------------------------------------------------------------------
                         required time                         14.571    
                         arrival time                          -9.250    
  -------------------------------------------------------------------
                         slack                                  5.321    

Slack (MET) :             5.321ns  (required time - arrival time)
  Source:                 clk_2Hz_inst/count_reg[15]/C
                            (rising edge-triggered cell FDRE clocked by sys_clk_pin  {rise@0.000ns fall@5.000ns period=10.000ns})
  Destination:            clk_2Hz_inst/count_reg[30]/R
                            (rising edge-triggered cell FDRE clocked by sys_clk_pin  {rise@0.000ns fall@5.000ns period=10.000ns})
  Path Group:             sys_clk_pin
  Path Type:              Setup (Max at Slow Process Corner)
  Requirement:            10.000ns  (sys_clk_pin rise@10.000ns - sys_clk_pin rise@0.000ns)
  Data Path Delay:        4.092ns  (logic 0.890ns (21.752%)  route 3.202ns (78.248%))
  Logic Levels:           3  (LUT6=3)
  Clock Path Skew:        -0.028ns (DCD - SCD + CPR)
    Destination Clock Delay (DCD):    4.856ns = ( 14.856 - 10.000 ) 
    Source Clock Delay      (SCD):    5.158ns
    Clock Pessimism Removal (CPR):    0.274ns
  Clock Uncertainty:      0.035ns  ((TSJ^2 + TIJ^2)^1/2 + DJ) / 2 + PE
    Total System Jitter     (TSJ):    0.071ns
    Total Input Jitter      (TIJ):    0.000ns
    Discrete Jitter          (DJ):    0.000ns
    Phase Error              (PE):    0.000ns

    Location             Delay type                Incr(ns)  Path(ns)    Netlist Resource(s)
  -------------------------------------------------------------------    -------------------
                         (clock sys_clk_pin rise edge)
                                                      0.000     0.000 r  
    W5                                                0.000     0.000 r  clk (IN)
                         net (fo=0)                   0.000     0.000    clk
    W5                   IBUF (Prop_ibuf_I_O)         1.458     1.458 r  clk_IBUF_inst/O
                         net (fo=1, routed)           1.967     3.425    clk_IBUF
    BUFGCTRL_X0Y0        BUFG (Prop_bufg_I_O)         0.096     3.521 r  clk_IBUF_BUFG_inst/O
                         net (fo=240, routed)         1.637     5.158    clk_2Hz_inst/clk_IBUF_BUFG
    SLICE_X64Y8          FDRE                                         r  clk_2Hz_inst/count_reg[15]/C
  -------------------------------------------------------------------    -------------------
    SLICE_X64Y8          FDRE (Prop_fdre_C_Q)         0.518     5.676 f  clk_2Hz_inst/count_reg[15]/Q
                         net (fo=3, routed)           1.084     6.760    clk_2Hz_inst/count_reg[15]
    SLICE_X65Y8          LUT6 (Prop_lut6_I3_O)        0.124     6.884 r  clk_2Hz_inst/count[0]_i_8__0/O
                         net (fo=1, routed)           0.401     7.286    clk_2Hz_inst/count[0]_i_8__0_n_0
    SLICE_X65Y7          LUT6 (Prop_lut6_I0_O)        0.124     7.410 r  clk_2Hz_inst/count[0]_i_4__0/O
                         net (fo=1, routed)           0.401     7.811    clk_2Hz_inst/count[0]_i_4__0_n_0
    SLICE_X65Y6          LUT6 (Prop_lut6_I3_O)        0.124     7.935 r  clk_2Hz_inst/count[0]_i_1__0/O
                         net (fo=32, routed)          1.315     9.250    clk_2Hz_inst/count[0]_i_1__0_n_0
    SLICE_X64Y12         FDRE                                         r  clk_2Hz_inst/count_reg[30]/R
  -------------------------------------------------------------------    -------------------

                         (clock sys_clk_pin rise edge)
                                                     10.000    10.000 r  
    W5                                                0.000    10.000 r  clk (IN)
                         net (fo=0)                   0.000    10.000    clk
    W5                   IBUF (Prop_ibuf_I_O)         1.388    11.388 r  clk_IBUF_inst/O
                         net (fo=1, routed)           1.862    13.250    clk_IBUF
    BUFGCTRL_X0Y0        BUFG (Prop_bufg_I_O)         0.091    13.341 r  clk_IBUF_BUFG_inst/O
                         net (fo=240, routed)         1.515    14.856    clk_2Hz_inst/clk_IBUF_BUFG
    SLICE_X64Y12         FDRE                                         r  clk_2Hz_inst/count_reg[30]/C
                         clock pessimism              0.274    15.130    
                         clock uncertainty           -0.035    15.095    
    SLICE_X64Y12         FDRE (Setup_fdre_C_R)       -0.524    14.571    clk_2Hz_inst/count_reg[30]
  -------------------------------------------------------------------
                         required time                         14.571    
                         arrival time                          -9.250    
  -------------------------------------------------------------------
                         slack                                  5.321    

Slack (MET) :             5.321ns  (required time - arrival time)
  Source:                 clk_2Hz_inst/count_reg[15]/C
                            (rising edge-triggered cell FDRE clocked by sys_clk_pin  {rise@0.000ns fall@5.000ns period=10.000ns})
  Destination:            clk_2Hz_inst/count_reg[31]/R
                            (rising edge-triggered cell FDRE clocked by sys_clk_pin  {rise@0.000ns fall@5.000ns period=10.000ns})
  Path Group:             sys_clk_pin
  Path Type:              Setup (Max at Slow Process Corner)
  Requirement:            10.000ns  (sys_clk_pin rise@10.000ns - sys_clk_pin rise@0.000ns)
  Data Path Delay:        4.092ns  (logic 0.890ns (21.752%)  route 3.202ns (78.248%))
  Logic Levels:           3  (LUT6=3)
  Clock Path Skew:        -0.028ns (DCD - SCD + CPR)
    Destination Clock Delay (DCD):    4.856ns = ( 14.856 - 10.000 ) 
    Source Clock Delay      (SCD):    5.158ns
    Clock Pessimism Removal (CPR):    0.274ns
  Clock Uncertainty:      0.035ns  ((TSJ^2 + TIJ^2)^1/2 + DJ) / 2 + PE
    Total System Jitter     (TSJ):    0.071ns
    Total Input Jitter      (TIJ):    0.000ns
    Discrete Jitter          (DJ):    0.000ns
    Phase Error              (PE):    0.000ns

    Location             Delay type                Incr(ns)  Path(ns)    Netlist Resource(s)
  -------------------------------------------------------------------    -------------------
                         (clock sys_clk_pin rise edge)
                                                      0.000     0.000 r  
    W5                                                0.000     0.000 r  clk (IN)
                         net (fo=0)                   0.000     0.000    clk
    W5                   IBUF (Prop_ibuf_I_O)         1.458     1.458 r  clk_IBUF_inst/O
                         net (fo=1, routed)           1.967     3.425    clk_IBUF
    BUFGCTRL_X0Y0        BUFG (Prop_bufg_I_O)         0.096     3.521 r  clk_IBUF_BUFG_inst/O
                         net (fo=240, routed)         1.637     5.158    clk_2Hz_inst/clk_IBUF_BUFG
    SLICE_X64Y8          FDRE                                         r  clk_2Hz_inst/count_reg[15]/C
  -------------------------------------------------------------------    -------------------
    SLICE_X64Y8          FDRE (Prop_fdre_C_Q)         0.518     5.676 f  clk_2Hz_inst/count_reg[15]/Q
                         net (fo=3, routed)           1.084     6.760    clk_2Hz_inst/count_reg[15]
    SLICE_X65Y8          LUT6 (Prop_lut6_I3_O)        0.124     6.884 r  clk_2Hz_inst/count[0]_i_8__0/O
                         net (fo=1, routed)           0.401     7.286    clk_2Hz_inst/count[0]_i_8__0_n_0
    SLICE_X65Y7          LUT6 (Prop_lut6_I0_O)        0.124     7.410 r  clk_2Hz_inst/count[0]_i_4__0/O
                         net (fo=1, routed)           0.401     7.811    clk_2Hz_inst/count[0]_i_4__0_n_0
    SLICE_X65Y6          LUT6 (Prop_lut6_I3_O)        0.124     7.935 r  clk_2Hz_inst/count[0]_i_1__0/O
                         net (fo=32, routed)          1.315     9.250    clk_2Hz_inst/count[0]_i_1__0_n_0
    SLICE_X64Y12         FDRE                                         r  clk_2Hz_inst/count_reg[31]/R
  -------------------------------------------------------------------    -------------------

                         (clock sys_clk_pin rise edge)
                                                     10.000    10.000 r  
    W5                                                0.000    10.000 r  clk (IN)
                         net (fo=0)                   0.000    10.000    clk
    W5                   IBUF (Prop_ibuf_I_O)         1.388    11.388 r  clk_IBUF_inst/O
                         net (fo=1, routed)           1.862    13.250    clk_IBUF
    BUFGCTRL_X0Y0        BUFG (Prop_bufg_I_O)         0.091    13.341 r  clk_IBUF_BUFG_inst/O
                         net (fo=240, routed)         1.515    14.856    clk_2Hz_inst/clk_IBUF_BUFG
    SLICE_X64Y12         FDRE                                         r  clk_2Hz_inst/count_reg[31]/C
                         clock pessimism              0.274    15.130    
                         clock uncertainty           -0.035    15.095    
    SLICE_X64Y12         FDRE (Setup_fdre_C_R)       -0.524    14.571    clk_2Hz_inst/count_reg[31]
  -------------------------------------------------------------------
                         required time                         14.571    
                         arrival time                          -9.250    
  -------------------------------------------------------------------
                         slack                                  5.321    

Slack (MET) :             5.460ns  (required time - arrival time)
  Source:                 clk_2Hz_inst/count_reg[15]/C
                            (rising edge-triggered cell FDRE clocked by sys_clk_pin  {rise@0.000ns fall@5.000ns period=10.000ns})
  Destination:            clk_2Hz_inst/count_reg[24]/R
                            (rising edge-triggered cell FDRE clocked by sys_clk_pin  {rise@0.000ns fall@5.000ns period=10.000ns})
  Path Group:             sys_clk_pin
  Path Type:              Setup (Max at Slow Process Corner)
  Requirement:            10.000ns  (sys_clk_pin rise@10.000ns - sys_clk_pin rise@0.000ns)
  Data Path Delay:        3.953ns  (logic 0.890ns (22.513%)  route 3.063ns (77.487%))
  Logic Levels:           3  (LUT6=3)
  Clock Path Skew:        -0.027ns (DCD - SCD + CPR)
    Destination Clock Delay (DCD):    4.857ns = ( 14.857 - 10.000 ) 
    Source Clock Delay      (SCD):    5.158ns
    Clock Pessimism Removal (CPR):    0.274ns
  Clock Uncertainty:      0.035ns  ((TSJ^2 + TIJ^2)^1/2 + DJ) / 2 + PE
    Total System Jitter     (TSJ):    0.071ns
    Total Input Jitter      (TIJ):    0.000ns
    Discrete Jitter          (DJ):    0.000ns
    Phase Error              (PE):    0.000ns

    Location             Delay type                Incr(ns)  Path(ns)    Netlist Resource(s)
  -------------------------------------------------------------------    -------------------
                         (clock sys_clk_pin rise edge)
                                                      0.000     0.000 r  
    W5                                                0.000     0.000 r  clk (IN)
                         net (fo=0)                   0.000     0.000    clk
    W5                   IBUF (Prop_ibuf_I_O)         1.458     1.458 r  clk_IBUF_inst/O
                         net (fo=1, routed)           1.967     3.425    clk_IBUF
    BUFGCTRL_X0Y0        BUFG (Prop_bufg_I_O)         0.096     3.521 r  clk_IBUF_BUFG_inst/O
                         net (fo=240, routed)         1.637     5.158    clk_2Hz_inst/clk_IBUF_BUFG
    SLICE_X64Y8          FDRE                                         r  clk_2Hz_inst/count_reg[15]/C
  -------------------------------------------------------------------    -------------------
    SLICE_X64Y8          FDRE (Prop_fdre_C_Q)         0.518     5.676 f  clk_2Hz_inst/count_reg[15]/Q
                         net (fo=3, routed)           1.084     6.760    clk_2Hz_inst/count_reg[15]
    SLICE_X65Y8          LUT6 (Prop_lut6_I3_O)        0.124     6.884 r  clk_2Hz_inst/count[0]_i_8__0/O
                         net (fo=1, routed)           0.401     7.286    clk_2Hz_inst/count[0]_i_8__0_n_0
    SLICE_X65Y7          LUT6 (Prop_lut6_I0_O)        0.124     7.410 r  clk_2Hz_inst/count[0]_i_4__0/O
                         net (fo=1, routed)           0.401     7.811    clk_2Hz_inst/count[0]_i_4__0_n_0
    SLICE_X65Y6          LUT6 (Prop_lut6_I3_O)        0.124     7.935 r  clk_2Hz_inst/count[0]_i_1__0/O
                         net (fo=32, routed)          1.177     9.111    clk_2Hz_inst/count[0]_i_1__0_n_0
    SLICE_X64Y11         FDRE                                         r  clk_2Hz_inst/count_reg[24]/R
  -------------------------------------------------------------------    -------------------

                         (clock sys_clk_pin rise edge)
                                                     10.000    10.000 r  
    W5                                                0.000    10.000 r  clk (IN)
                         net (fo=0)                   0.000    10.000    clk
    W5                   IBUF (Prop_ibuf_I_O)         1.388    11.388 r  clk_IBUF_inst/O
                         net (fo=1, routed)           1.862    13.250    clk_IBUF
    BUFGCTRL_X0Y0        BUFG (Prop_bufg_I_O)         0.091    13.341 r  clk_IBUF_BUFG_inst/O
                         net (fo=240, routed)         1.516    14.857    clk_2Hz_inst/clk_IBUF_BUFG
    SLICE_X64Y11         FDRE                                         r  clk_2Hz_inst/count_reg[24]/C
                         clock pessimism              0.274    15.131    
                         clock uncertainty           -0.035    15.096    
    SLICE_X64Y11         FDRE (Setup_fdre_C_R)       -0.524    14.572    clk_2Hz_inst/count_reg[24]
  -------------------------------------------------------------------
                         required time                         14.572    
                         arrival time                          -9.111    
  -------------------------------------------------------------------
                         slack                                  5.460    

Slack (MET) :             5.460ns  (required time - arrival time)
  Source:                 clk_2Hz_inst/count_reg[15]/C
                            (rising edge-triggered cell FDRE clocked by sys_clk_pin  {rise@0.000ns fall@5.000ns period=10.000ns})
  Destination:            clk_2Hz_inst/count_reg[25]/R
                            (rising edge-triggered cell FDRE clocked by sys_clk_pin  {rise@0.000ns fall@5.000ns period=10.000ns})
  Path Group:             sys_clk_pin
  Path Type:              Setup (Max at Slow Process Corner)
  Requirement:            10.000ns  (sys_clk_pin rise@10.000ns - sys_clk_pin rise@0.000ns)
  Data Path Delay:        3.953ns  (logic 0.890ns (22.513%)  route 3.063ns (77.487%))
  Logic Levels:           3  (LUT6=3)
  Clock Path Skew:        -0.027ns (DCD - SCD + CPR)
    Destination Clock Delay (DCD):    4.857ns = ( 14.857 - 10.000 ) 
    Source Clock Delay      (SCD):    5.158ns
    Clock Pessimism Removal (CPR):    0.274ns
  Clock Uncertainty:      0.035ns  ((TSJ^2 + TIJ^2)^1/2 + DJ) / 2 + PE
    Total System Jitter     (TSJ):    0.071ns
    Total Input Jitter      (TIJ):    0.000ns
    Discrete Jitter          (DJ):    0.000ns
    Phase Error              (PE):    0.000ns

    Location             Delay type                Incr(ns)  Path(ns)    Netlist Resource(s)
  -------------------------------------------------------------------    -------------------
                         (clock sys_clk_pin rise edge)
                                                      0.000     0.000 r  
    W5                                                0.000     0.000 r  clk (IN)
                         net (fo=0)                   0.000     0.000    clk
    W5                   IBUF (Prop_ibuf_I_O)         1.458     1.458 r  clk_IBUF_inst/O
                         net (fo=1, routed)           1.967     3.425    clk_IBUF
    BUFGCTRL_X0Y0        BUFG (Prop_bufg_I_O)         0.096     3.521 r  clk_IBUF_BUFG_inst/O
                         net (fo=240, routed)         1.637     5.158    clk_2Hz_inst/clk_IBUF_BUFG
    SLICE_X64Y8          FDRE                                         r  clk_2Hz_inst/count_reg[15]/C
  -------------------------------------------------------------------    -------------------
    SLICE_X64Y8          FDRE (Prop_fdre_C_Q)         0.518     5.676 f  clk_2Hz_inst/count_reg[15]/Q
                         net (fo=3, routed)           1.084     6.760    clk_2Hz_inst/count_reg[15]
    SLICE_X65Y8          LUT6 (Prop_lut6_I3_O)        0.124     6.884 r  clk_2Hz_inst/count[0]_i_8__0/O
                         net (fo=1, routed)           0.401     7.286    clk_2Hz_inst/count[0]_i_8__0_n_0
    SLICE_X65Y7          LUT6 (Prop_lut6_I0_O)        0.124     7.410 r  clk_2Hz_inst/count[0]_i_4__0/O
                         net (fo=1, routed)           0.401     7.811    clk_2Hz_inst/count[0]_i_4__0_n_0
    SLICE_X65Y6          LUT6 (Prop_lut6_I3_O)        0.124     7.935 r  clk_2Hz_inst/count[0]_i_1__0/O
                         net (fo=32, routed)          1.177     9.111    clk_2Hz_inst/count[0]_i_1__0_n_0
    SLICE_X64Y11         FDRE                                         r  clk_2Hz_inst/count_reg[25]/R
  -------------------------------------------------------------------    -------------------

                         (clock sys_clk_pin rise edge)
                                                     10.000    10.000 r  
    W5                                                0.000    10.000 r  clk (IN)
                         net (fo=0)                   0.000    10.000    clk
    W5                   IBUF (Prop_ibuf_I_O)         1.388    11.388 r  clk_IBUF_inst/O
                         net (fo=1, routed)           1.862    13.250    clk_IBUF
    BUFGCTRL_X0Y0        BUFG (Prop_bufg_I_O)         0.091    13.341 r  clk_IBUF_BUFG_inst/O
                         net (fo=240, routed)         1.516    14.857    clk_2Hz_inst/clk_IBUF_BUFG
    SLICE_X64Y11         FDRE                                         r  clk_2Hz_inst/count_reg[25]/C
                         clock pessimism              0.274    15.131    
                         clock uncertainty           -0.035    15.096    
    SLICE_X64Y11         FDRE (Setup_fdre_C_R)       -0.524    14.572    clk_2Hz_inst/count_reg[25]
  -------------------------------------------------------------------
                         required time                         14.572    
                         arrival time                          -9.111    
  -------------------------------------------------------------------
                         slack                                  5.460    

Slack (MET) :             5.460ns  (required time - arrival time)
  Source:                 clk_2Hz_inst/count_reg[15]/C
                            (rising edge-triggered cell FDRE clocked by sys_clk_pin  {rise@0.000ns fall@5.000ns period=10.000ns})
  Destination:            clk_2Hz_inst/count_reg[26]/R
                            (rising edge-triggered cell FDRE clocked by sys_clk_pin  {rise@0.000ns fall@5.000ns period=10.000ns})
  Path Group:             sys_clk_pin
  Path Type:              Setup (Max at Slow Process Corner)
  Requirement:            10.000ns  (sys_clk_pin rise@10.000ns - sys_clk_pin rise@0.000ns)
  Data Path Delay:        3.953ns  (logic 0.890ns (22.513%)  route 3.063ns (77.487%))
  Logic Levels:           3  (LUT6=3)
  Clock Path Skew:        -0.027ns (DCD - SCD + CPR)
    Destination Clock Delay (DCD):    4.857ns = ( 14.857 - 10.000 ) 
    Source Clock Delay      (SCD):    5.158ns
    Clock Pessimism Removal (CPR):    0.274ns
  Clock Uncertainty:      0.035ns  ((TSJ^2 + TIJ^2)^1/2 + DJ) / 2 + PE
    Total System Jitter     (TSJ):    0.071ns
    Total Input Jitter      (TIJ):    0.000ns
    Discrete Jitter          (DJ):    0.000ns
    Phase Error              (PE):    0.000ns

    Location             Delay type                Incr(ns)  Path(ns)    Netlist Resource(s)
  -------------------------------------------------------------------    -------------------
                         (clock sys_clk_pin rise edge)
                                                      0.000     0.000 r  
    W5                                                0.000     0.000 r  clk (IN)
                         net (fo=0)                   0.000     0.000    clk
    W5                   IBUF (Prop_ibuf_I_O)         1.458     1.458 r  clk_IBUF_inst/O
                         net (fo=1, routed)           1.967     3.425    clk_IBUF
    BUFGCTRL_X0Y0        BUFG (Prop_bufg_I_O)         0.096     3.521 r  clk_IBUF_BUFG_inst/O
                         net (fo=240, routed)         1.637     5.158    clk_2Hz_inst/clk_IBUF_BUFG
    SLICE_X64Y8          FDRE                                         r  clk_2Hz_inst/count_reg[15]/C
  -------------------------------------------------------------------    -------------------
    SLICE_X64Y8          FDRE (Prop_fdre_C_Q)         0.518     5.676 f  clk_2Hz_inst/count_reg[15]/Q
                         net (fo=3, routed)           1.084     6.760    clk_2Hz_inst/count_reg[15]
    SLICE_X65Y8          LUT6 (Prop_lut6_I3_O)        0.124     6.884 r  clk_2Hz_inst/count[0]_i_8__0/O
                         net (fo=1, routed)           0.401     7.286    clk_2Hz_inst/count[0]_i_8__0_n_0
    SLICE_X65Y7          LUT6 (Prop_lut6_I0_O)        0.124     7.410 r  clk_2Hz_inst/count[0]_i_4__0/O
                         net (fo=1, routed)           0.401     7.811    clk_2Hz_inst/count[0]_i_4__0_n_0
    SLICE_X65Y6          LUT6 (Prop_lut6_I3_O)        0.124     7.935 r  clk_2Hz_inst/count[0]_i_1__0/O
                         net (fo=32, routed)          1.177     9.111    clk_2Hz_inst/count[0]_i_1__0_n_0
    SLICE_X64Y11         FDRE                                         r  clk_2Hz_inst/count_reg[26]/R
  -------------------------------------------------------------------    -------------------

                         (clock sys_clk_pin rise edge)
                                                     10.000    10.000 r  
    W5                                                0.000    10.000 r  clk (IN)
                         net (fo=0)                   0.000    10.000    clk
    W5                   IBUF (Prop_ibuf_I_O)         1.388    11.388 r  clk_IBUF_inst/O
                         net (fo=1, routed)           1.862    13.250    clk_IBUF
    BUFGCTRL_X0Y0        BUFG (Prop_bufg_I_O)         0.091    13.341 r  clk_IBUF_BUFG_inst/O
                         net (fo=240, routed)         1.516    14.857    clk_2Hz_inst/clk_IBUF_BUFG
    SLICE_X64Y11         FDRE                                         r  clk_2Hz_inst/count_reg[26]/C
                         clock pessimism              0.274    15.131    
                         clock uncertainty           -0.035    15.096    
    SLICE_X64Y11         FDRE (Setup_fdre_C_R)       -0.524    14.572    clk_2Hz_inst/count_reg[26]
  -------------------------------------------------------------------
                         required time                         14.572    
                         arrival time                          -9.111    
  -------------------------------------------------------------------
                         slack                                  5.460    

Slack (MET) :             5.460ns  (required time - arrival time)
  Source:                 clk_2Hz_inst/count_reg[15]/C
                            (rising edge-triggered cell FDRE clocked by sys_clk_pin  {rise@0.000ns fall@5.000ns period=10.000ns})
  Destination:            clk_2Hz_inst/count_reg[27]/R
                            (rising edge-triggered cell FDRE clocked by sys_clk_pin  {rise@0.000ns fall@5.000ns period=10.000ns})
  Path Group:             sys_clk_pin
  Path Type:              Setup (Max at Slow Process Corner)
  Requirement:            10.000ns  (sys_clk_pin rise@10.000ns - sys_clk_pin rise@0.000ns)
  Data Path Delay:        3.953ns  (logic 0.890ns (22.513%)  route 3.063ns (77.487%))
  Logic Levels:           3  (LUT6=3)
  Clock Path Skew:        -0.027ns (DCD - SCD + CPR)
    Destination Clock Delay (DCD):    4.857ns = ( 14.857 - 10.000 ) 
    Source Clock Delay      (SCD):    5.158ns
    Clock Pessimism Removal (CPR):    0.274ns
  Clock Uncertainty:      0.035ns  ((TSJ^2 + TIJ^2)^1/2 + DJ) / 2 + PE
    Total System Jitter     (TSJ):    0.071ns
    Total Input Jitter      (TIJ):    0.000ns
    Discrete Jitter          (DJ):    0.000ns
    Phase Error              (PE):    0.000ns

    Location             Delay type                Incr(ns)  Path(ns)    Netlist Resource(s)
  -------------------------------------------------------------------    -------------------
                         (clock sys_clk_pin rise edge)
                                                      0.000     0.000 r  
    W5                                                0.000     0.000 r  clk (IN)
                         net (fo=0)                   0.000     0.000    clk
    W5                   IBUF (Prop_ibuf_I_O)         1.458     1.458 r  clk_IBUF_inst/O
                         net (fo=1, routed)           1.967     3.425    clk_IBUF
    BUFGCTRL_X0Y0        BUFG (Prop_bufg_I_O)         0.096     3.521 r  clk_IBUF_BUFG_inst/O
                         net (fo=240, routed)         1.637     5.158    clk_2Hz_inst/clk_IBUF_BUFG
    SLICE_X64Y8          FDRE                                         r  clk_2Hz_inst/count_reg[15]/C
  -------------------------------------------------------------------    -------------------
    SLICE_X64Y8          FDRE (Prop_fdre_C_Q)         0.518     5.676 f  clk_2Hz_inst/count_reg[15]/Q
                         net (fo=3, routed)           1.084     6.760    clk_2Hz_inst/count_reg[15]
    SLICE_X65Y8          LUT6 (Prop_lut6_I3_O)        0.124     6.884 r  clk_2Hz_inst/count[0]_i_8__0/O
                         net (fo=1, routed)           0.401     7.286    clk_2Hz_inst/count[0]_i_8__0_n_0
    SLICE_X65Y7          LUT6 (Prop_lut6_I0_O)        0.124     7.410 r  clk_2Hz_inst/count[0]_i_4__0/O
                         net (fo=1, routed)           0.401     7.811    clk_2Hz_inst/count[0]_i_4__0_n_0
    SLICE_X65Y6          LUT6 (Prop_lut6_I3_O)        0.124     7.935 r  clk_2Hz_inst/count[0]_i_1__0/O
                         net (fo=32, routed)          1.177     9.111    clk_2Hz_inst/count[0]_i_1__0_n_0
    SLICE_X64Y11         FDRE                                         r  clk_2Hz_inst/count_reg[27]/R
  -------------------------------------------------------------------    -------------------

                         (clock sys_clk_pin rise edge)
                                                     10.000    10.000 r  
    W5                                                0.000    10.000 r  clk (IN)
                         net (fo=0)                   0.000    10.000    clk
    W5                   IBUF (Prop_ibuf_I_O)         1.388    11.388 r  clk_IBUF_inst/O
                         net (fo=1, routed)           1.862    13.250    clk_IBUF
    BUFGCTRL_X0Y0        BUFG (Prop_bufg_I_O)         0.091    13.341 r  clk_IBUF_BUFG_inst/O
                         net (fo=240, routed)         1.516    14.857    clk_2Hz_inst/clk_IBUF_BUFG
    SLICE_X64Y11         FDRE                                         r  clk_2Hz_inst/count_reg[27]/C
                         clock pessimism              0.274    15.131    
                         clock uncertainty           -0.035    15.096    
    SLICE_X64Y11         FDRE (Setup_fdre_C_R)       -0.524    14.572    clk_2Hz_inst/count_reg[27]
  -------------------------------------------------------------------
                         required time                         14.572    
                         arrival time                          -9.111    
  -------------------------------------------------------------------
                         slack                                  5.460    

Slack (MET) :             5.484ns  (required time - arrival time)
  Source:                 clk_6p25MHz_inst/count_reg[13]/C
                            (rising edge-triggered cell FDRE clocked by sys_clk_pin  {rise@0.000ns fall@5.000ns period=10.000ns})
  Destination:            clk_6p25MHz_inst/count_reg[28]/R
                            (rising edge-triggered cell FDRE clocked by sys_clk_pin  {rise@0.000ns fall@5.000ns period=10.000ns})
  Path Group:             sys_clk_pin
  Path Type:              Setup (Max at Slow Process Corner)
  Requirement:            10.000ns  (sys_clk_pin rise@10.000ns - sys_clk_pin rise@0.000ns)
  Data Path Delay:        4.032ns  (logic 0.828ns (20.535%)  route 3.204ns (79.465%))
  Logic Levels:           3  (LUT3=1 LUT5=1 LUT6=1)
  Clock Path Skew:        -0.019ns (DCD - SCD + CPR)
    Destination Clock Delay (DCD):    5.017ns = ( 15.017 - 10.000 ) 
    Source Clock Delay      (SCD):    5.317ns
    Clock Pessimism Removal (CPR):    0.281ns
  Clock Uncertainty:      0.035ns  ((TSJ^2 + TIJ^2)^1/2 + DJ) / 2 + PE
    Total System Jitter     (TSJ):    0.071ns
    Total Input Jitter      (TIJ):    0.000ns
    Discrete Jitter          (DJ):    0.000ns
    Phase Error              (PE):    0.000ns

    Location             Delay type                Incr(ns)  Path(ns)    Netlist Resource(s)
  -------------------------------------------------------------------    -------------------
                         (clock sys_clk_pin rise edge)
                                                      0.000     0.000 r  
    W5                                                0.000     0.000 r  clk (IN)
                         net (fo=0)                   0.000     0.000    clk
    W5                   IBUF (Prop_ibuf_I_O)         1.458     1.458 r  clk_IBUF_inst/O
                         net (fo=1, routed)           1.967     3.425    clk_IBUF
    BUFGCTRL_X0Y0        BUFG (Prop_bufg_I_O)         0.096     3.521 r  clk_IBUF_BUFG_inst/O
                         net (fo=240, routed)         1.796     5.317    clk_6p25MHz_inst/clk_IBUF_BUFG
    SLICE_X5Y130         FDRE                                         r  clk_6p25MHz_inst/count_reg[13]/C
  -------------------------------------------------------------------    -------------------
    SLICE_X5Y130         FDRE (Prop_fdre_C_Q)         0.456     5.773 f  clk_6p25MHz_inst/count_reg[13]/Q
                         net (fo=2, routed)           0.875     6.648    clk_6p25MHz_inst/count_reg[13]
    SLICE_X4Y129         LUT6 (Prop_lut6_I4_O)        0.124     6.772 r  clk_6p25MHz_inst/count[0]_i_7__2/O
                         net (fo=1, routed)           0.640     7.412    clk_6p25MHz_inst/count[0]_i_7__2_n_0
    SLICE_X4Y131         LUT3 (Prop_lut3_I0_O)        0.124     7.536 r  clk_6p25MHz_inst/count[0]_i_4__2/O
                         net (fo=2, routed)           0.456     7.992    clk_6p25MHz_inst/count[0]_i_4__2_n_0
    SLICE_X4Y127         LUT5 (Prop_lut5_I3_O)        0.124     8.116 r  clk_6p25MHz_inst/count[0]_i_1__2/O
                         net (fo=32, routed)          1.234     9.349    clk_6p25MHz_inst/count[0]_i_1__2_n_0
    SLICE_X5Y134         FDRE                                         r  clk_6p25MHz_inst/count_reg[28]/R
  -------------------------------------------------------------------    -------------------

                         (clock sys_clk_pin rise edge)
                                                     10.000    10.000 r  
    W5                                                0.000    10.000 r  clk (IN)
                         net (fo=0)                   0.000    10.000    clk
    W5                   IBUF (Prop_ibuf_I_O)         1.388    11.388 r  clk_IBUF_inst/O
                         net (fo=1, routed)           1.862    13.250    clk_IBUF
    BUFGCTRL_X0Y0        BUFG (Prop_bufg_I_O)         0.091    13.341 r  clk_IBUF_BUFG_inst/O
                         net (fo=240, routed)         1.676    15.017    clk_6p25MHz_inst/clk_IBUF_BUFG
    SLICE_X5Y134         FDRE                                         r  clk_6p25MHz_inst/count_reg[28]/C
                         clock pessimism              0.281    15.298    
                         clock uncertainty           -0.035    15.263    
    SLICE_X5Y134         FDRE (Setup_fdre_C_R)       -0.429    14.834    clk_6p25MHz_inst/count_reg[28]
  -------------------------------------------------------------------
                         required time                         14.834    
                         arrival time                          -9.349    
  -------------------------------------------------------------------
                         slack                                  5.484    

Slack (MET) :             5.484ns  (required time - arrival time)
  Source:                 clk_6p25MHz_inst/count_reg[13]/C
                            (rising edge-triggered cell FDRE clocked by sys_clk_pin  {rise@0.000ns fall@5.000ns period=10.000ns})
  Destination:            clk_6p25MHz_inst/count_reg[29]/R
                            (rising edge-triggered cell FDRE clocked by sys_clk_pin  {rise@0.000ns fall@5.000ns period=10.000ns})
  Path Group:             sys_clk_pin
  Path Type:              Setup (Max at Slow Process Corner)
  Requirement:            10.000ns  (sys_clk_pin rise@10.000ns - sys_clk_pin rise@0.000ns)
  Data Path Delay:        4.032ns  (logic 0.828ns (20.535%)  route 3.204ns (79.465%))
  Logic Levels:           3  (LUT3=1 LUT5=1 LUT6=1)
  Clock Path Skew:        -0.019ns (DCD - SCD + CPR)
    Destination Clock Delay (DCD):    5.017ns = ( 15.017 - 10.000 ) 
    Source Clock Delay      (SCD):    5.317ns
    Clock Pessimism Removal (CPR):    0.281ns
  Clock Uncertainty:      0.035ns  ((TSJ^2 + TIJ^2)^1/2 + DJ) / 2 + PE
    Total System Jitter     (TSJ):    0.071ns
    Total Input Jitter      (TIJ):    0.000ns
    Discrete Jitter          (DJ):    0.000ns
    Phase Error              (PE):    0.000ns

    Location             Delay type                Incr(ns)  Path(ns)    Netlist Resource(s)
  -------------------------------------------------------------------    -------------------
                         (clock sys_clk_pin rise edge)
                                                      0.000     0.000 r  
    W5                                                0.000     0.000 r  clk (IN)
                         net (fo=0)                   0.000     0.000    clk
    W5                   IBUF (Prop_ibuf_I_O)         1.458     1.458 r  clk_IBUF_inst/O
                         net (fo=1, routed)           1.967     3.425    clk_IBUF
    BUFGCTRL_X0Y0        BUFG (Prop_bufg_I_O)         0.096     3.521 r  clk_IBUF_BUFG_inst/O
                         net (fo=240, routed)         1.796     5.317    clk_6p25MHz_inst/clk_IBUF_BUFG
    SLICE_X5Y130         FDRE                                         r  clk_6p25MHz_inst/count_reg[13]/C
  -------------------------------------------------------------------    -------------------
    SLICE_X5Y130         FDRE (Prop_fdre_C_Q)         0.456     5.773 f  clk_6p25MHz_inst/count_reg[13]/Q
                         net (fo=2, routed)           0.875     6.648    clk_6p25MHz_inst/count_reg[13]
    SLICE_X4Y129         LUT6 (Prop_lut6_I4_O)        0.124     6.772 r  clk_6p25MHz_inst/count[0]_i_7__2/O
                         net (fo=1, routed)           0.640     7.412    clk_6p25MHz_inst/count[0]_i_7__2_n_0
    SLICE_X4Y131         LUT3 (Prop_lut3_I0_O)        0.124     7.536 r  clk_6p25MHz_inst/count[0]_i_4__2/O
                         net (fo=2, routed)           0.456     7.992    clk_6p25MHz_inst/count[0]_i_4__2_n_0
    SLICE_X4Y127         LUT5 (Prop_lut5_I3_O)        0.124     8.116 r  clk_6p25MHz_inst/count[0]_i_1__2/O
                         net (fo=32, routed)          1.234     9.349    clk_6p25MHz_inst/count[0]_i_1__2_n_0
    SLICE_X5Y134         FDRE                                         r  clk_6p25MHz_inst/count_reg[29]/R
  -------------------------------------------------------------------    -------------------

                         (clock sys_clk_pin rise edge)
                                                     10.000    10.000 r  
    W5                                                0.000    10.000 r  clk (IN)
                         net (fo=0)                   0.000    10.000    clk
    W5                   IBUF (Prop_ibuf_I_O)         1.388    11.388 r  clk_IBUF_inst/O
                         net (fo=1, routed)           1.862    13.250    clk_IBUF
    BUFGCTRL_X0Y0        BUFG (Prop_bufg_I_O)         0.091    13.341 r  clk_IBUF_BUFG_inst/O
                         net (fo=240, routed)         1.676    15.017    clk_6p25MHz_inst/clk_IBUF_BUFG
    SLICE_X5Y134         FDRE                                         r  clk_6p25MHz_inst/count_reg[29]/C
                         clock pessimism              0.281    15.298    
                         clock uncertainty           -0.035    15.263    
    SLICE_X5Y134         FDRE (Setup_fdre_C_R)       -0.429    14.834    clk_6p25MHz_inst/count_reg[29]
  -------------------------------------------------------------------
                         required time                         14.834    
                         arrival time                          -9.349    
  -------------------------------------------------------------------
                         slack                                  5.484    





Min Delay Paths
--------------------------------------------------------------------------------------
Slack (MET) :             0.201ns  (arrival time - required time)
  Source:                 clk_6p25MHz_inst/count_reg[0]/C
                            (rising edge-triggered cell FDRE clocked by sys_clk_pin  {rise@0.000ns fall@5.000ns period=10.000ns})
  Destination:            clk_6p25MHz_inst/my_clock_reg/D
                            (rising edge-triggered cell FDRE clocked by sys_clk_pin  {rise@0.000ns fall@5.000ns period=10.000ns})
  Path Group:             sys_clk_pin
  Path Type:              Hold (Min at Fast Process Corner)
  Requirement:            0.000ns  (sys_clk_pin rise@0.000ns - sys_clk_pin rise@0.000ns)
  Data Path Delay:        0.305ns  (logic 0.186ns (60.969%)  route 0.119ns (39.031%))
  Logic Levels:           1  (LUT6=1)
  Clock Path Skew:        0.013ns (DCD - SCD - CPR)
    Destination Clock Delay (DCD):    2.063ns
    Source Clock Delay      (SCD):    1.548ns
    Clock Pessimism Removal (CPR):    0.502ns

    Location             Delay type                Incr(ns)  Path(ns)    Netlist Resource(s)
  -------------------------------------------------------------------    -------------------
                         (clock sys_clk_pin rise edge)
                                                      0.000     0.000 r  
    W5                                                0.000     0.000 r  clk (IN)
                         net (fo=0)                   0.000     0.000    clk
    W5                   IBUF (Prop_ibuf_I_O)         0.226     0.226 r  clk_IBUF_inst/O
                         net (fo=1, routed)           0.631     0.858    clk_IBUF
    BUFGCTRL_X0Y0        BUFG (Prop_bufg_I_O)         0.026     0.884 r  clk_IBUF_BUFG_inst/O
                         net (fo=240, routed)         0.664     1.548    clk_6p25MHz_inst/clk_IBUF_BUFG
    SLICE_X5Y127         FDRE                                         r  clk_6p25MHz_inst/count_reg[0]/C
  -------------------------------------------------------------------    -------------------
    SLICE_X5Y127         FDRE (Prop_fdre_C_Q)         0.141     1.689 r  clk_6p25MHz_inst/count_reg[0]/Q
                         net (fo=3, routed)           0.119     1.808    clk_6p25MHz_inst/count_reg[0]
    SLICE_X4Y127         LUT6 (Prop_lut6_I3_O)        0.045     1.853 r  clk_6p25MHz_inst/my_clock_i_1__2/O
                         net (fo=1, routed)           0.000     1.853    clk_6p25MHz_inst/my_clock_i_1__2_n_0
    SLICE_X4Y127         FDRE                                         r  clk_6p25MHz_inst/my_clock_reg/D
  -------------------------------------------------------------------    -------------------

                         (clock sys_clk_pin rise edge)
                                                      0.000     0.000 r  
    W5                                                0.000     0.000 r  clk (IN)
                         net (fo=0)                   0.000     0.000    clk
    W5                   IBUF (Prop_ibuf_I_O)         0.414     0.414 r  clk_IBUF_inst/O
                         net (fo=1, routed)           0.685     1.099    clk_IBUF
    BUFGCTRL_X0Y0        BUFG (Prop_bufg_I_O)         0.029     1.128 r  clk_IBUF_BUFG_inst/O
                         net (fo=240, routed)         0.935     2.063    clk_6p25MHz_inst/clk_IBUF_BUFG
    SLICE_X4Y127         FDRE                                         r  clk_6p25MHz_inst/my_clock_reg/C
                         clock pessimism             -0.502     1.561    
    SLICE_X4Y127         FDRE (Hold_fdre_C_D)         0.091     1.652    clk_6p25MHz_inst/my_clock_reg
  -------------------------------------------------------------------
                         required time                         -1.652    
                         arrival time                           1.853    
  -------------------------------------------------------------------
                         slack                                  0.201    

Slack (MET) :             0.261ns  (arrival time - required time)
  Source:                 clk_6p25MHz_inst/count_reg[11]/C
                            (rising edge-triggered cell FDRE clocked by sys_clk_pin  {rise@0.000ns fall@5.000ns period=10.000ns})
  Destination:            clk_6p25MHz_inst/count_reg[11]/D
                            (rising edge-triggered cell FDRE clocked by sys_clk_pin  {rise@0.000ns fall@5.000ns period=10.000ns})
  Path Group:             sys_clk_pin
  Path Type:              Hold (Min at Fast Process Corner)
  Requirement:            0.000ns  (sys_clk_pin rise@0.000ns - sys_clk_pin rise@0.000ns)
  Data Path Delay:        0.366ns  (logic 0.249ns (67.994%)  route 0.117ns (32.006%))
  Logic Levels:           1  (CARRY4=1)
  Clock Path Skew:        0.000ns (DCD - SCD - CPR)
    Destination Clock Delay (DCD):    2.065ns
    Source Clock Delay      (SCD):    1.549ns
    Clock Pessimism Removal (CPR):    0.516ns

    Location             Delay type                Incr(ns)  Path(ns)    Netlist Resource(s)
  -------------------------------------------------------------------    -------------------
                         (clock sys_clk_pin rise edge)
                                                      0.000     0.000 r  
    W5                                                0.000     0.000 r  clk (IN)
                         net (fo=0)                   0.000     0.000    clk
    W5                   IBUF (Prop_ibuf_I_O)         0.226     0.226 r  clk_IBUF_inst/O
                         net (fo=1, routed)           0.631     0.858    clk_IBUF
    BUFGCTRL_X0Y0        BUFG (Prop_bufg_I_O)         0.026     0.884 r  clk_IBUF_BUFG_inst/O
                         net (fo=240, routed)         0.665     1.549    clk_6p25MHz_inst/clk_IBUF_BUFG
    SLICE_X5Y129         FDRE                                         r  clk_6p25MHz_inst/count_reg[11]/C
  -------------------------------------------------------------------    -------------------
    SLICE_X5Y129         FDRE (Prop_fdre_C_Q)         0.141     1.690 r  clk_6p25MHz_inst/count_reg[11]/Q
                         net (fo=2, routed)           0.117     1.807    clk_6p25MHz_inst/count_reg[11]
    SLICE_X5Y129         CARRY4 (Prop_carry4_S[3]_O[3])
                                                      0.108     1.915 r  clk_6p25MHz_inst/count_reg[8]_i_1__2/O[3]
                         net (fo=1, routed)           0.000     1.915    clk_6p25MHz_inst/count_reg[8]_i_1__2_n_4
    SLICE_X5Y129         FDRE                                         r  clk_6p25MHz_inst/count_reg[11]/D
  -------------------------------------------------------------------    -------------------

                         (clock sys_clk_pin rise edge)
                                                      0.000     0.000 r  
    W5                                                0.000     0.000 r  clk (IN)
                         net (fo=0)                   0.000     0.000    clk
    W5                   IBUF (Prop_ibuf_I_O)         0.414     0.414 r  clk_IBUF_inst/O
                         net (fo=1, routed)           0.685     1.099    clk_IBUF
    BUFGCTRL_X0Y0        BUFG (Prop_bufg_I_O)         0.029     1.128 r  clk_IBUF_BUFG_inst/O
                         net (fo=240, routed)         0.937     2.065    clk_6p25MHz_inst/clk_IBUF_BUFG
    SLICE_X5Y129         FDRE                                         r  clk_6p25MHz_inst/count_reg[11]/C
                         clock pessimism             -0.516     1.549    
    SLICE_X5Y129         FDRE (Hold_fdre_C_D)         0.105     1.654    clk_6p25MHz_inst/count_reg[11]
  -------------------------------------------------------------------
                         required time                         -1.654    
                         arrival time                           1.915    
  -------------------------------------------------------------------
                         slack                                  0.261    

Slack (MET) :             0.261ns  (arrival time - required time)
  Source:                 clk_6p25MHz_inst/count_reg[31]/C
                            (rising edge-triggered cell FDRE clocked by sys_clk_pin  {rise@0.000ns fall@5.000ns period=10.000ns})
  Destination:            clk_6p25MHz_inst/count_reg[31]/D
                            (rising edge-triggered cell FDRE clocked by sys_clk_pin  {rise@0.000ns fall@5.000ns period=10.000ns})
  Path Group:             sys_clk_pin
  Path Type:              Hold (Min at Fast Process Corner)
  Requirement:            0.000ns  (sys_clk_pin rise@0.000ns - sys_clk_pin rise@0.000ns)
  Data Path Delay:        0.366ns  (logic 0.249ns (67.994%)  route 0.117ns (32.006%))
  Logic Levels:           1  (CARRY4=1)
  Clock Path Skew:        0.000ns (DCD - SCD - CPR)
    Destination Clock Delay (DCD):    2.070ns
    Source Clock Delay      (SCD):    1.554ns
    Clock Pessimism Removal (CPR):    0.516ns

    Location             Delay type                Incr(ns)  Path(ns)    Netlist Resource(s)
  -------------------------------------------------------------------    -------------------
                         (clock sys_clk_pin rise edge)
                                                      0.000     0.000 r  
    W5                                                0.000     0.000 r  clk (IN)
                         net (fo=0)                   0.000     0.000    clk
    W5                   IBUF (Prop_ibuf_I_O)         0.226     0.226 r  clk_IBUF_inst/O
                         net (fo=1, routed)           0.631     0.858    clk_IBUF
    BUFGCTRL_X0Y0        BUFG (Prop_bufg_I_O)         0.026     0.884 r  clk_IBUF_BUFG_inst/O
                         net (fo=240, routed)         0.670     1.554    clk_6p25MHz_inst/clk_IBUF_BUFG
    SLICE_X5Y134         FDRE                                         r  clk_6p25MHz_inst/count_reg[31]/C
  -------------------------------------------------------------------    -------------------
    SLICE_X5Y134         FDRE (Prop_fdre_C_Q)         0.141     1.695 r  clk_6p25MHz_inst/count_reg[31]/Q
                         net (fo=2, routed)           0.117     1.812    clk_6p25MHz_inst/count_reg[31]
    SLICE_X5Y134         CARRY4 (Prop_carry4_S[3]_O[3])
                                                      0.108     1.920 r  clk_6p25MHz_inst/count_reg[28]_i_1__2/O[3]
                         net (fo=1, routed)           0.000     1.920    clk_6p25MHz_inst/count_reg[28]_i_1__2_n_4
    SLICE_X5Y134         FDRE                                         r  clk_6p25MHz_inst/count_reg[31]/D
  -------------------------------------------------------------------    -------------------

                         (clock sys_clk_pin rise edge)
                                                      0.000     0.000 r  
    W5                                                0.000     0.000 r  clk (IN)
                         net (fo=0)                   0.000     0.000    clk
    W5                   IBUF (Prop_ibuf_I_O)         0.414     0.414 r  clk_IBUF_inst/O
                         net (fo=1, routed)           0.685     1.099    clk_IBUF
    BUFGCTRL_X0Y0        BUFG (Prop_bufg_I_O)         0.029     1.128 r  clk_IBUF_BUFG_inst/O
                         net (fo=240, routed)         0.942     2.070    clk_6p25MHz_inst/clk_IBUF_BUFG
    SLICE_X5Y134         FDRE                                         r  clk_6p25MHz_inst/count_reg[31]/C
                         clock pessimism             -0.516     1.554    
    SLICE_X5Y134         FDRE (Hold_fdre_C_D)         0.105     1.659    clk_6p25MHz_inst/count_reg[31]
  -------------------------------------------------------------------
                         required time                         -1.659    
                         arrival time                           1.920    
  -------------------------------------------------------------------
                         slack                                  0.261    

Slack (MET) :             0.261ns  (arrival time - required time)
  Source:                 clk_6p25MHz_inst/count_reg[23]/C
                            (rising edge-triggered cell FDRE clocked by sys_clk_pin  {rise@0.000ns fall@5.000ns period=10.000ns})
  Destination:            clk_6p25MHz_inst/count_reg[23]/D
                            (rising edge-triggered cell FDRE clocked by sys_clk_pin  {rise@0.000ns fall@5.000ns period=10.000ns})
  Path Group:             sys_clk_pin
  Path Type:              Hold (Min at Fast Process Corner)
  Requirement:            0.000ns  (sys_clk_pin rise@0.000ns - sys_clk_pin rise@0.000ns)
  Data Path Delay:        0.366ns  (logic 0.249ns (67.994%)  route 0.117ns (32.006%))
  Logic Levels:           1  (CARRY4=1)
  Clock Path Skew:        0.000ns (DCD - SCD - CPR)
    Destination Clock Delay (DCD):    2.068ns
    Source Clock Delay      (SCD):    1.552ns
    Clock Pessimism Removal (CPR):    0.516ns

    Location             Delay type                Incr(ns)  Path(ns)    Netlist Resource(s)
  -------------------------------------------------------------------    -------------------
                         (clock sys_clk_pin rise edge)
                                                      0.000     0.000 r  
    W5                                                0.000     0.000 r  clk (IN)
                         net (fo=0)                   0.000     0.000    clk
    W5                   IBUF (Prop_ibuf_I_O)         0.226     0.226 r  clk_IBUF_inst/O
                         net (fo=1, routed)           0.631     0.858    clk_IBUF
    BUFGCTRL_X0Y0        BUFG (Prop_bufg_I_O)         0.026     0.884 r  clk_IBUF_BUFG_inst/O
                         net (fo=240, routed)         0.668     1.552    clk_6p25MHz_inst/clk_IBUF_BUFG
    SLICE_X5Y132         FDRE                                         r  clk_6p25MHz_inst/count_reg[23]/C
  -------------------------------------------------------------------    -------------------
    SLICE_X5Y132         FDRE (Prop_fdre_C_Q)         0.141     1.693 r  clk_6p25MHz_inst/count_reg[23]/Q
                         net (fo=2, routed)           0.117     1.810    clk_6p25MHz_inst/count_reg[23]
    SLICE_X5Y132         CARRY4 (Prop_carry4_S[3]_O[3])
                                                      0.108     1.918 r  clk_6p25MHz_inst/count_reg[20]_i_1__2/O[3]
                         net (fo=1, routed)           0.000     1.918    clk_6p25MHz_inst/count_reg[20]_i_1__2_n_4
    SLICE_X5Y132         FDRE                                         r  clk_6p25MHz_inst/count_reg[23]/D
  -------------------------------------------------------------------    -------------------

                         (clock sys_clk_pin rise edge)
                                                      0.000     0.000 r  
    W5                                                0.000     0.000 r  clk (IN)
                         net (fo=0)                   0.000     0.000    clk
    W5                   IBUF (Prop_ibuf_I_O)         0.414     0.414 r  clk_IBUF_inst/O
                         net (fo=1, routed)           0.685     1.099    clk_IBUF
    BUFGCTRL_X0Y0        BUFG (Prop_bufg_I_O)         0.029     1.128 r  clk_IBUF_BUFG_inst/O
                         net (fo=240, routed)         0.940     2.068    clk_6p25MHz_inst/clk_IBUF_BUFG
    SLICE_X5Y132         FDRE                                         r  clk_6p25MHz_inst/count_reg[23]/C
                         clock pessimism             -0.516     1.552    
    SLICE_X5Y132         FDRE (Hold_fdre_C_D)         0.105     1.657    clk_6p25MHz_inst/count_reg[23]
  -------------------------------------------------------------------
                         required time                         -1.657    
                         arrival time                           1.918    
  -------------------------------------------------------------------
                         slack                                  0.261    

Slack (MET) :             0.261ns  (arrival time - required time)
  Source:                 clk_6p25MHz_inst/count_reg[19]/C
                            (rising edge-triggered cell FDRE clocked by sys_clk_pin  {rise@0.000ns fall@5.000ns period=10.000ns})
  Destination:            clk_6p25MHz_inst/count_reg[19]/D
                            (rising edge-triggered cell FDRE clocked by sys_clk_pin  {rise@0.000ns fall@5.000ns period=10.000ns})
  Path Group:             sys_clk_pin
  Path Type:              Hold (Min at Fast Process Corner)
  Requirement:            0.000ns  (sys_clk_pin rise@0.000ns - sys_clk_pin rise@0.000ns)
  Data Path Delay:        0.366ns  (logic 0.249ns (67.994%)  route 0.117ns (32.006%))
  Logic Levels:           1  (CARRY4=1)
  Clock Path Skew:        0.000ns (DCD - SCD - CPR)
    Destination Clock Delay (DCD):    2.067ns
    Source Clock Delay      (SCD):    1.551ns
    Clock Pessimism Removal (CPR):    0.516ns

    Location             Delay type                Incr(ns)  Path(ns)    Netlist Resource(s)
  -------------------------------------------------------------------    -------------------
                         (clock sys_clk_pin rise edge)
                                                      0.000     0.000 r  
    W5                                                0.000     0.000 r  clk (IN)
                         net (fo=0)                   0.000     0.000    clk
    W5                   IBUF (Prop_ibuf_I_O)         0.226     0.226 r  clk_IBUF_inst/O
                         net (fo=1, routed)           0.631     0.858    clk_IBUF
    BUFGCTRL_X0Y0        BUFG (Prop_bufg_I_O)         0.026     0.884 r  clk_IBUF_BUFG_inst/O
                         net (fo=240, routed)         0.667     1.551    clk_6p25MHz_inst/clk_IBUF_BUFG
    SLICE_X5Y131         FDRE                                         r  clk_6p25MHz_inst/count_reg[19]/C
  -------------------------------------------------------------------    -------------------
    SLICE_X5Y131         FDRE (Prop_fdre_C_Q)         0.141     1.692 r  clk_6p25MHz_inst/count_reg[19]/Q
                         net (fo=2, routed)           0.117     1.809    clk_6p25MHz_inst/count_reg[19]
    SLICE_X5Y131         CARRY4 (Prop_carry4_S[3]_O[3])
                                                      0.108     1.917 r  clk_6p25MHz_inst/count_reg[16]_i_1__2/O[3]
                         net (fo=1, routed)           0.000     1.917    clk_6p25MHz_inst/count_reg[16]_i_1__2_n_4
    SLICE_X5Y131         FDRE                                         r  clk_6p25MHz_inst/count_reg[19]/D
  -------------------------------------------------------------------    -------------------

                         (clock sys_clk_pin rise edge)
                                                      0.000     0.000 r  
    W5                                                0.000     0.000 r  clk (IN)
                         net (fo=0)                   0.000     0.000    clk
    W5                   IBUF (Prop_ibuf_I_O)         0.414     0.414 r  clk_IBUF_inst/O
                         net (fo=1, routed)           0.685     1.099    clk_IBUF
    BUFGCTRL_X0Y0        BUFG (Prop_bufg_I_O)         0.029     1.128 r  clk_IBUF_BUFG_inst/O
                         net (fo=240, routed)         0.939     2.067    clk_6p25MHz_inst/clk_IBUF_BUFG
    SLICE_X5Y131         FDRE                                         r  clk_6p25MHz_inst/count_reg[19]/C
                         clock pessimism             -0.516     1.551    
    SLICE_X5Y131         FDRE (Hold_fdre_C_D)         0.105     1.656    clk_6p25MHz_inst/count_reg[19]
  -------------------------------------------------------------------
                         required time                         -1.656    
                         arrival time                           1.917    
  -------------------------------------------------------------------
                         slack                                  0.261    

Slack (MET) :             0.263ns  (arrival time - required time)
  Source:                 clk_25MHz_inst/my_clock_reg/C
                            (rising edge-triggered cell FDRE clocked by sys_clk_pin  {rise@0.000ns fall@5.000ns period=10.000ns})
  Destination:            clk_25MHz_inst/my_clock_reg/D
                            (rising edge-triggered cell FDRE clocked by sys_clk_pin  {rise@0.000ns fall@5.000ns period=10.000ns})
  Path Group:             sys_clk_pin
  Path Type:              Hold (Min at Fast Process Corner)
  Requirement:            0.000ns  (sys_clk_pin rise@0.000ns - sys_clk_pin rise@0.000ns)
  Data Path Delay:        0.354ns  (logic 0.186ns (52.498%)  route 0.168ns (47.502%))
  Logic Levels:           1  (LUT6=1)
  Clock Path Skew:        0.000ns (DCD - SCD - CPR)
    Destination Clock Delay (DCD):    2.043ns
    Source Clock Delay      (SCD):    1.527ns
    Clock Pessimism Removal (CPR):    0.516ns

    Location             Delay type                Incr(ns)  Path(ns)    Netlist Resource(s)
  -------------------------------------------------------------------    -------------------
                         (clock sys_clk_pin rise edge)
                                                      0.000     0.000 r  
    W5                                                0.000     0.000 r  clk (IN)
                         net (fo=0)                   0.000     0.000    clk
    W5                   IBUF (Prop_ibuf_I_O)         0.226     0.226 r  clk_IBUF_inst/O
                         net (fo=1, routed)           0.631     0.858    clk_IBUF
    BUFGCTRL_X0Y0        BUFG (Prop_bufg_I_O)         0.026     0.884 r  clk_IBUF_BUFG_inst/O
                         net (fo=240, routed)         0.643     1.527    clk_25MHz_inst/clk_IBUF_BUFG
    SLICE_X19Y137        FDRE                                         r  clk_25MHz_inst/my_clock_reg/C
  -------------------------------------------------------------------    -------------------
    SLICE_X19Y137        FDRE (Prop_fdre_C_Q)         0.141     1.668 r  clk_25MHz_inst/my_clock_reg/Q
                         net (fo=4, routed)           0.168     1.836    clk_25MHz_inst/clk_25MHz
    SLICE_X19Y137        LUT6 (Prop_lut6_I5_O)        0.045     1.881 r  clk_25MHz_inst/my_clock_i_1__1/O
                         net (fo=1, routed)           0.000     1.881    clk_25MHz_inst/my_clock_i_1__1_n_0
    SLICE_X19Y137        FDRE                                         r  clk_25MHz_inst/my_clock_reg/D
  -------------------------------------------------------------------    -------------------

                         (clock sys_clk_pin rise edge)
                                                      0.000     0.000 r  
    W5                                                0.000     0.000 r  clk (IN)
                         net (fo=0)                   0.000     0.000    clk
    W5                   IBUF (Prop_ibuf_I_O)         0.414     0.414 r  clk_IBUF_inst/O
                         net (fo=1, routed)           0.685     1.099    clk_IBUF
    BUFGCTRL_X0Y0        BUFG (Prop_bufg_I_O)         0.029     1.128 r  clk_IBUF_BUFG_inst/O
                         net (fo=240, routed)         0.915     2.043    clk_25MHz_inst/clk_IBUF_BUFG
    SLICE_X19Y137        FDRE                                         r  clk_25MHz_inst/my_clock_reg/C
                         clock pessimism             -0.516     1.527    
    SLICE_X19Y137        FDRE (Hold_fdre_C_D)         0.091     1.618    clk_25MHz_inst/my_clock_reg
  -------------------------------------------------------------------
                         required time                         -1.618    
                         arrival time                           1.881    
  -------------------------------------------------------------------
                         slack                                  0.263    

Slack (MET) :             0.264ns  (arrival time - required time)
  Source:                 clk_6p25MHz_inst/count_reg[27]/C
                            (rising edge-triggered cell FDRE clocked by sys_clk_pin  {rise@0.000ns fall@5.000ns period=10.000ns})
  Destination:            clk_6p25MHz_inst/count_reg[27]/D
                            (rising edge-triggered cell FDRE clocked by sys_clk_pin  {rise@0.000ns fall@5.000ns period=10.000ns})
  Path Group:             sys_clk_pin
  Path Type:              Hold (Min at Fast Process Corner)
  Requirement:            0.000ns  (sys_clk_pin rise@0.000ns - sys_clk_pin rise@0.000ns)
  Data Path Delay:        0.369ns  (logic 0.249ns (67.424%)  route 0.120ns (32.576%))
  Logic Levels:           1  (CARRY4=1)
  Clock Path Skew:        0.000ns (DCD - SCD - CPR)
    Destination Clock Delay (DCD):    2.069ns
    Source Clock Delay      (SCD):    1.553ns
    Clock Pessimism Removal (CPR):    0.516ns

    Location             Delay type                Incr(ns)  Path(ns)    Netlist Resource(s)
  -------------------------------------------------------------------    -------------------
                         (clock sys_clk_pin rise edge)
                                                      0.000     0.000 r  
    W5                                                0.000     0.000 r  clk (IN)
                         net (fo=0)                   0.000     0.000    clk
    W5                   IBUF (Prop_ibuf_I_O)         0.226     0.226 r  clk_IBUF_inst/O
                         net (fo=1, routed)           0.631     0.858    clk_IBUF
    BUFGCTRL_X0Y0        BUFG (Prop_bufg_I_O)         0.026     0.884 r  clk_IBUF_BUFG_inst/O
                         net (fo=240, routed)         0.669     1.553    clk_6p25MHz_inst/clk_IBUF_BUFG
    SLICE_X5Y133         FDRE                                         r  clk_6p25MHz_inst/count_reg[27]/C
  -------------------------------------------------------------------    -------------------
    SLICE_X5Y133         FDRE (Prop_fdre_C_Q)         0.141     1.694 r  clk_6p25MHz_inst/count_reg[27]/Q
                         net (fo=2, routed)           0.120     1.814    clk_6p25MHz_inst/count_reg[27]
    SLICE_X5Y133         CARRY4 (Prop_carry4_S[3]_O[3])
                                                      0.108     1.922 r  clk_6p25MHz_inst/count_reg[24]_i_1__2/O[3]
                         net (fo=1, routed)           0.000     1.922    clk_6p25MHz_inst/count_reg[24]_i_1__2_n_4
    SLICE_X5Y133         FDRE                                         r  clk_6p25MHz_inst/count_reg[27]/D
  -------------------------------------------------------------------    -------------------

                         (clock sys_clk_pin rise edge)
                                                      0.000     0.000 r  
    W5                                                0.000     0.000 r  clk (IN)
                         net (fo=0)                   0.000     0.000    clk
    W5                   IBUF (Prop_ibuf_I_O)         0.414     0.414 r  clk_IBUF_inst/O
                         net (fo=1, routed)           0.685     1.099    clk_IBUF
    BUFGCTRL_X0Y0        BUFG (Prop_bufg_I_O)         0.029     1.128 r  clk_IBUF_BUFG_inst/O
                         net (fo=240, routed)         0.941     2.069    clk_6p25MHz_inst/clk_IBUF_BUFG
    SLICE_X5Y133         FDRE                                         r  clk_6p25MHz_inst/count_reg[27]/C
                         clock pessimism             -0.516     1.553    
    SLICE_X5Y133         FDRE (Hold_fdre_C_D)         0.105     1.658    clk_6p25MHz_inst/count_reg[27]
  -------------------------------------------------------------------
                         required time                         -1.658    
                         arrival time                           1.922    
  -------------------------------------------------------------------
                         slack                                  0.264    

Slack (MET) :             0.264ns  (arrival time - required time)
  Source:                 clk_6p25MHz_inst/count_reg[15]/C
                            (rising edge-triggered cell FDRE clocked by sys_clk_pin  {rise@0.000ns fall@5.000ns period=10.000ns})
  Destination:            clk_6p25MHz_inst/count_reg[15]/D
                            (rising edge-triggered cell FDRE clocked by sys_clk_pin  {rise@0.000ns fall@5.000ns period=10.000ns})
  Path Group:             sys_clk_pin
  Path Type:              Hold (Min at Fast Process Corner)
  Requirement:            0.000ns  (sys_clk_pin rise@0.000ns - sys_clk_pin rise@0.000ns)
  Data Path Delay:        0.369ns  (logic 0.249ns (67.424%)  route 0.120ns (32.576%))
  Logic Levels:           1  (CARRY4=1)
  Clock Path Skew:        0.000ns (DCD - SCD - CPR)
    Destination Clock Delay (DCD):    2.066ns
    Source Clock Delay      (SCD):    1.550ns
    Clock Pessimism Removal (CPR):    0.516ns

    Location             Delay type                Incr(ns)  Path(ns)    Netlist Resource(s)
  -------------------------------------------------------------------    -------------------
                         (clock sys_clk_pin rise edge)
                                                      0.000     0.000 r  
    W5                                                0.000     0.000 r  clk (IN)
                         net (fo=0)                   0.000     0.000    clk
    W5                   IBUF (Prop_ibuf_I_O)         0.226     0.226 r  clk_IBUF_inst/O
                         net (fo=1, routed)           0.631     0.858    clk_IBUF
    BUFGCTRL_X0Y0        BUFG (Prop_bufg_I_O)         0.026     0.884 r  clk_IBUF_BUFG_inst/O
                         net (fo=240, routed)         0.666     1.550    clk_6p25MHz_inst/clk_IBUF_BUFG
    SLICE_X5Y130         FDRE                                         r  clk_6p25MHz_inst/count_reg[15]/C
  -------------------------------------------------------------------    -------------------
    SLICE_X5Y130         FDRE (Prop_fdre_C_Q)         0.141     1.691 r  clk_6p25MHz_inst/count_reg[15]/Q
                         net (fo=2, routed)           0.120     1.811    clk_6p25MHz_inst/count_reg[15]
    SLICE_X5Y130         CARRY4 (Prop_carry4_S[3]_O[3])
                                                      0.108     1.919 r  clk_6p25MHz_inst/count_reg[12]_i_1__2/O[3]
                         net (fo=1, routed)           0.000     1.919    clk_6p25MHz_inst/count_reg[12]_i_1__2_n_4
    SLICE_X5Y130         FDRE                                         r  clk_6p25MHz_inst/count_reg[15]/D
  -------------------------------------------------------------------    -------------------

                         (clock sys_clk_pin rise edge)
                                                      0.000     0.000 r  
    W5                                                0.000     0.000 r  clk (IN)
                         net (fo=0)                   0.000     0.000    clk
    W5                   IBUF (Prop_ibuf_I_O)         0.414     0.414 r  clk_IBUF_inst/O
                         net (fo=1, routed)           0.685     1.099    clk_IBUF
    BUFGCTRL_X0Y0        BUFG (Prop_bufg_I_O)         0.029     1.128 r  clk_IBUF_BUFG_inst/O
                         net (fo=240, routed)         0.938     2.066    clk_6p25MHz_inst/clk_IBUF_BUFG
    SLICE_X5Y130         FDRE                                         r  clk_6p25MHz_inst/count_reg[15]/C
                         clock pessimism             -0.516     1.550    
    SLICE_X5Y130         FDRE (Hold_fdre_C_D)         0.105     1.655    clk_6p25MHz_inst/count_reg[15]
  -------------------------------------------------------------------
                         required time                         -1.655    
                         arrival time                           1.919    
  -------------------------------------------------------------------
                         slack                                  0.264    

Slack (MET) :             0.264ns  (arrival time - required time)
  Source:                 clk_6p25MHz_inst/count_reg[3]/C
                            (rising edge-triggered cell FDRE clocked by sys_clk_pin  {rise@0.000ns fall@5.000ns period=10.000ns})
  Destination:            clk_6p25MHz_inst/count_reg[3]/D
                            (rising edge-triggered cell FDRE clocked by sys_clk_pin  {rise@0.000ns fall@5.000ns period=10.000ns})
  Path Group:             sys_clk_pin
  Path Type:              Hold (Min at Fast Process Corner)
  Requirement:            0.000ns  (sys_clk_pin rise@0.000ns - sys_clk_pin rise@0.000ns)
  Data Path Delay:        0.369ns  (logic 0.249ns (67.424%)  route 0.120ns (32.576%))
  Logic Levels:           1  (CARRY4=1)
  Clock Path Skew:        0.000ns (DCD - SCD - CPR)
    Destination Clock Delay (DCD):    2.063ns
    Source Clock Delay      (SCD):    1.548ns
    Clock Pessimism Removal (CPR):    0.515ns

    Location             Delay type                Incr(ns)  Path(ns)    Netlist Resource(s)
  -------------------------------------------------------------------    -------------------
                         (clock sys_clk_pin rise edge)
                                                      0.000     0.000 r  
    W5                                                0.000     0.000 r  clk (IN)
                         net (fo=0)                   0.000     0.000    clk
    W5                   IBUF (Prop_ibuf_I_O)         0.226     0.226 r  clk_IBUF_inst/O
                         net (fo=1, routed)           0.631     0.858    clk_IBUF
    BUFGCTRL_X0Y0        BUFG (Prop_bufg_I_O)         0.026     0.884 r  clk_IBUF_BUFG_inst/O
                         net (fo=240, routed)         0.664     1.548    clk_6p25MHz_inst/clk_IBUF_BUFG
    SLICE_X5Y127         FDRE                                         r  clk_6p25MHz_inst/count_reg[3]/C
  -------------------------------------------------------------------    -------------------
    SLICE_X5Y127         FDRE (Prop_fdre_C_Q)         0.141     1.689 r  clk_6p25MHz_inst/count_reg[3]/Q
                         net (fo=3, routed)           0.120     1.809    clk_6p25MHz_inst/count_reg[3]
    SLICE_X5Y127         CARRY4 (Prop_carry4_S[3]_O[3])
                                                      0.108     1.917 r  clk_6p25MHz_inst/count_reg[0]_i_2__2/O[3]
                         net (fo=1, routed)           0.000     1.917    clk_6p25MHz_inst/count_reg[0]_i_2__2_n_4
    SLICE_X5Y127         FDRE                                         r  clk_6p25MHz_inst/count_reg[3]/D
  -------------------------------------------------------------------    -------------------

                         (clock sys_clk_pin rise edge)
                                                      0.000     0.000 r  
    W5                                                0.000     0.000 r  clk (IN)
                         net (fo=0)                   0.000     0.000    clk
    W5                   IBUF (Prop_ibuf_I_O)         0.414     0.414 r  clk_IBUF_inst/O
                         net (fo=1, routed)           0.685     1.099    clk_IBUF
    BUFGCTRL_X0Y0        BUFG (Prop_bufg_I_O)         0.029     1.128 r  clk_IBUF_BUFG_inst/O
                         net (fo=240, routed)         0.935     2.063    clk_6p25MHz_inst/clk_IBUF_BUFG
    SLICE_X5Y127         FDRE                                         r  clk_6p25MHz_inst/count_reg[3]/C
                         clock pessimism             -0.515     1.548    
    SLICE_X5Y127         FDRE (Hold_fdre_C_D)         0.105     1.653    clk_6p25MHz_inst/count_reg[3]
  -------------------------------------------------------------------
                         required time                         -1.653    
                         arrival time                           1.917    
  -------------------------------------------------------------------
                         slack                                  0.264    

Slack (MET) :             0.265ns  (arrival time - required time)
  Source:                 clk_500Hz_inst/my_clock_reg/C
                            (rising edge-triggered cell FDRE clocked by sys_clk_pin  {rise@0.000ns fall@5.000ns period=10.000ns})
  Destination:            clk_500Hz_inst/my_clock_reg/D
                            (rising edge-triggered cell FDRE clocked by sys_clk_pin  {rise@0.000ns fall@5.000ns period=10.000ns})
  Path Group:             sys_clk_pin
  Path Type:              Hold (Min at Fast Process Corner)
  Requirement:            0.000ns  (sys_clk_pin rise@0.000ns - sys_clk_pin rise@0.000ns)
  Data Path Delay:        0.356ns  (logic 0.186ns (52.178%)  route 0.170ns (47.822%))
  Logic Levels:           1  (LUT3=1)
  Clock Path Skew:        0.000ns (DCD - SCD - CPR)
    Destination Clock Delay (DCD):    2.073ns
    Source Clock Delay      (SCD):    1.555ns
    Clock Pessimism Removal (CPR):    0.518ns

    Location             Delay type                Incr(ns)  Path(ns)    Netlist Resource(s)
  -------------------------------------------------------------------    -------------------
                         (clock sys_clk_pin rise edge)
                                                      0.000     0.000 r  
    W5                                                0.000     0.000 r  clk (IN)
                         net (fo=0)                   0.000     0.000    clk
    W5                   IBUF (Prop_ibuf_I_O)         0.226     0.226 r  clk_IBUF_inst/O
                         net (fo=1, routed)           0.631     0.858    clk_IBUF
    BUFGCTRL_X0Y0        BUFG (Prop_bufg_I_O)         0.026     0.884 r  clk_IBUF_BUFG_inst/O
                         net (fo=240, routed)         0.671     1.555    clk_500Hz_inst/clk_IBUF_BUFG
    SLICE_X3Y113         FDRE                                         r  clk_500Hz_inst/my_clock_reg/C
  -------------------------------------------------------------------    -------------------
    SLICE_X3Y113         FDRE (Prop_fdre_C_Q)         0.141     1.696 r  clk_500Hz_inst/my_clock_reg/Q
                         net (fo=2, routed)           0.170     1.866    clk_500Hz_inst/my_clock_reg_0
    SLICE_X3Y113         LUT3 (Prop_lut3_I2_O)        0.045     1.911 r  clk_500Hz_inst/my_clock_i_1/O
                         net (fo=1, routed)           0.000     1.911    clk_500Hz_inst/my_clock_i_1_n_0
    SLICE_X3Y113         FDRE                                         r  clk_500Hz_inst/my_clock_reg/D
  -------------------------------------------------------------------    -------------------

                         (clock sys_clk_pin rise edge)
                                                      0.000     0.000 r  
    W5                                                0.000     0.000 r  clk (IN)
                         net (fo=0)                   0.000     0.000    clk
    W5                   IBUF (Prop_ibuf_I_O)         0.414     0.414 r  clk_IBUF_inst/O
                         net (fo=1, routed)           0.685     1.099    clk_IBUF
    BUFGCTRL_X0Y0        BUFG (Prop_bufg_I_O)         0.029     1.128 r  clk_IBUF_BUFG_inst/O
                         net (fo=240, routed)         0.945     2.073    clk_500Hz_inst/clk_IBUF_BUFG
    SLICE_X3Y113         FDRE                                         r  clk_500Hz_inst/my_clock_reg/C
                         clock pessimism             -0.518     1.555    
    SLICE_X3Y113         FDRE (Hold_fdre_C_D)         0.091     1.646    clk_500Hz_inst/my_clock_reg
  -------------------------------------------------------------------
                         required time                         -1.646    
                         arrival time                           1.911    
  -------------------------------------------------------------------
                         slack                                  0.265    





Pulse Width Checks
--------------------------------------------------------------------------------------
Clock Name:         sys_clk_pin
Waveform(ns):       { 0.000 5.000 }
Period(ns):         10.000
Sources:            { clk }

Check Type        Corner  Lib Pin  Reference Pin  Required(ns)  Actual(ns)  Slack(ns)  Location       Pin
Min Period        n/a     BUFG/I   n/a            2.155         10.000      7.845      BUFGCTRL_X0Y0  clk_IBUF_BUFG_inst/I
Min Period        n/a     FDRE/C   n/a            1.000         10.000      9.000      SLICE_X18Y132  clk_25MHz_inst/count_reg[0]/C
Min Period        n/a     FDRE/C   n/a            1.000         10.000      9.000      SLICE_X18Y134  clk_25MHz_inst/count_reg[10]/C
Min Period        n/a     FDRE/C   n/a            1.000         10.000      9.000      SLICE_X18Y134  clk_25MHz_inst/count_reg[11]/C
Min Period        n/a     FDRE/C   n/a            1.000         10.000      9.000      SLICE_X18Y135  clk_25MHz_inst/count_reg[12]/C
Min Period        n/a     FDRE/C   n/a            1.000         10.000      9.000      SLICE_X18Y135  clk_25MHz_inst/count_reg[13]/C
Min Period        n/a     FDRE/C   n/a            1.000         10.000      9.000      SLICE_X18Y135  clk_25MHz_inst/count_reg[14]/C
Min Period        n/a     FDRE/C   n/a            1.000         10.000      9.000      SLICE_X18Y135  clk_25MHz_inst/count_reg[15]/C
Min Period        n/a     FDRE/C   n/a            1.000         10.000      9.000      SLICE_X18Y136  clk_25MHz_inst/count_reg[16]/C
Min Period        n/a     FDRE/C   n/a            1.000         10.000      9.000      SLICE_X18Y136  clk_25MHz_inst/count_reg[17]/C
Low Pulse Width   Slow    FDRE/C   n/a            0.500         5.000       4.500      SLICE_X18Y132  clk_25MHz_inst/count_reg[0]/C
Low Pulse Width   Slow    FDRE/C   n/a            0.500         5.000       4.500      SLICE_X18Y135  clk_25MHz_inst/count_reg[12]/C
Low Pulse Width   Slow    FDRE/C   n/a            0.500         5.000       4.500      SLICE_X18Y135  clk_25MHz_inst/count_reg[13]/C
Low Pulse Width   Slow    FDRE/C   n/a            0.500         5.000       4.500      SLICE_X18Y135  clk_25MHz_inst/count_reg[14]/C
Low Pulse Width   Slow    FDRE/C   n/a            0.500         5.000       4.500      SLICE_X18Y135  clk_25MHz_inst/count_reg[15]/C
Low Pulse Width   Slow    FDRE/C   n/a            0.500         5.000       4.500      SLICE_X18Y136  clk_25MHz_inst/count_reg[16]/C
Low Pulse Width   Slow    FDRE/C   n/a            0.500         5.000       4.500      SLICE_X18Y136  clk_25MHz_inst/count_reg[17]/C
Low Pulse Width   Slow    FDRE/C   n/a            0.500         5.000       4.500      SLICE_X18Y136  clk_25MHz_inst/count_reg[18]/C
Low Pulse Width   Slow    FDRE/C   n/a            0.500         5.000       4.500      SLICE_X18Y136  clk_25MHz_inst/count_reg[19]/C
Low Pulse Width   Slow    FDRE/C   n/a            0.500         5.000       4.500      SLICE_X18Y132  clk_25MHz_inst/count_reg[1]/C
High Pulse Width  Slow    FDRE/C   n/a            0.500         5.000       4.500      SLICE_X18Y138  clk_25MHz_inst/count_reg[24]/C
High Pulse Width  Slow    FDRE/C   n/a            0.500         5.000       4.500      SLICE_X18Y138  clk_25MHz_inst/count_reg[25]/C
High Pulse Width  Slow    FDRE/C   n/a            0.500         5.000       4.500      SLICE_X18Y138  clk_25MHz_inst/count_reg[26]/C
High Pulse Width  Slow    FDRE/C   n/a            0.500         5.000       4.500      SLICE_X18Y138  clk_25MHz_inst/count_reg[27]/C
High Pulse Width  Slow    FDRE/C   n/a            0.500         5.000       4.500      SLICE_X18Y139  clk_25MHz_inst/count_reg[28]/C
High Pulse Width  Slow    FDRE/C   n/a            0.500         5.000       4.500      SLICE_X18Y139  clk_25MHz_inst/count_reg[29]/C
High Pulse Width  Slow    FDRE/C   n/a            0.500         5.000       4.500      SLICE_X18Y139  clk_25MHz_inst/count_reg[30]/C
High Pulse Width  Slow    FDRE/C   n/a            0.500         5.000       4.500      SLICE_X18Y139  clk_25MHz_inst/count_reg[31]/C
High Pulse Width  Slow    FDRE/C   n/a            0.500         5.000       4.500      SLICE_X64Y5    clk_2Hz_inst/count_reg[0]/C
High Pulse Width  Slow    FDRE/C   n/a            0.500         5.000       4.500      SLICE_X64Y5    clk_2Hz_inst/count_reg[1]/C



