Copyright 1986-2018 Xilinx, Inc. All Rights Reserved.
----------------------------------------------------------------------------------------
| Tool Version : Vivado v.2018.2 (win64) Build 2258646 Thu Jun 14 20:03:12 MDT 2018
| Date         : Thu Mar 19 16:35:36 2026
| Host         : DesktopAa running 64-bit major release  (build 9200)
| Command      : report_control_sets -verbose -file Top_Student_control_sets_placed.rpt
| Design       : Top_Student
| Device       : xc7a35t
----------------------------------------------------------------------------------------

Control Set Information

Table of Contents
-----------------
1. Summary
2. Histogram
3. Flip-Flop Distribution
4. Detailed Control Set Information

1. Summary
----------

+----------------------------------------------------------+-------+
|                          Status                          | Count |
+----------------------------------------------------------+-------+
| Number of unique control sets                            |     9 |
| Unused register locations in slices containing registers |    24 |
+----------------------------------------------------------+-------+


2. Histogram
------------

+--------+--------------+
| Fanout | Control Sets |
+--------+--------------+
|      2 |            1 |
|      4 |            1 |
|      6 |            1 |
|    16+ |            6 |
+--------+--------------+


3. Flip-Flop Distribution
-------------------------

+--------------+-----------------------+------------------------+-----------------+--------------+
| Clock Enable | Synchronous Set/Reset | Asynchronous Set/Reset | Total Registers | Total Slices |
+--------------+-----------------------+------------------------+-----------------+--------------+
| No           | No                    | No                     |              12 |            4 |
| No           | No                    | Yes                    |               0 |            0 |
| No           | Yes                   | No                     |             252 |           38 |
| Yes          | No                    | No                     |             104 |           14 |
| Yes          | No                    | Yes                    |               0 |            0 |
| Yes          | Yes                   | No                     |               0 |            0 |
+--------------+-----------------------+------------------------+-----------------+--------------+


4. Detailed Control Set Information
-----------------------------------

+---------------------------+--------------------------------------+-----------------------------------------------+------------------+----------------+
|        Clock Signal       |             Enable Signal            |                Set/Reset Signal               | Slice Load Count | Bel Load Count |
+---------------------------+--------------------------------------+-----------------------------------------------+------------------+----------------+
| ~clk_6p25MHz_BUFG         |                                      |                                               |                1 |              2 |
|  clk_IBUF_BUFG            |                                      |                                               |                2 |              4 |
|  clk_25MHz_inst/clk_25MHz |                                      |                                               |                1 |              6 |
| ~clk_6p25MHz_BUFG         |                                      | m_argand_plane/oled/frame_counter[16]_i_1_n_0 |                5 |             34 |
| ~clk_6p25MHz_BUFG         | m_argand_plane/oled/delay[0]_i_1_n_0 |                                               |                5 |             40 |
| ~clk_6p25MHz_BUFG         | m_argand_plane/oled/state            |                                               |                9 |             64 |
|  clk_IBUF_BUFG            |                                      | clk_25MHz_inst/clear                          |                8 |             64 |
|  clk_IBUF_BUFG            |                                      | clk_6p25MHz_inst/count[0]_i_1__0_n_0          |                8 |             64 |
| ~clk_6p25MHz_BUFG         |                                      | m_argand_plane/oled/spi_word[39]_i_1_n_0      |               17 |             90 |
+---------------------------+--------------------------------------+-----------------------------------------------+------------------+----------------+


