Copyright 1986-2018 Xilinx, Inc. All Rights Reserved.
----------------------------------------------------------------------------------------
| Tool Version : Vivado v.2018.2 (win64) Build 2258646 Thu Jun 14 20:03:12 MDT 2018
| Date         : Tue Apr  7 15:26:58 2026
| Host         : DesktopAa running 64-bit major release  (build 9200)
| Command      : report_control_sets -verbose -file Top_Student_control_sets_placed.rpt
| Design       : Top_Student
| Device       : xc7a35t
----------------------------------------------------------------------------------------

Control Set Information

Table of Contents
-----------------
1. Summary
2. Histogram
3. Flip-Flop Distribution
4. Detailed Control Set Information

1. Summary
----------

+----------------------------------------------------------+-------+
|                          Status                          | Count |
+----------------------------------------------------------+-------+
| Number of unique control sets                            |    28 |
| Unused register locations in slices containing registers |    50 |
+----------------------------------------------------------+-------+


2. Histogram
------------

+--------+--------------+
| Fanout | Control Sets |
+--------+--------------+
|      2 |            1 |
|      4 |            1 |
|      6 |            2 |
|      8 |            8 |
|    16+ |           16 |
+--------+--------------+


3. Flip-Flop Distribution
-------------------------

+--------------+-----------------------+------------------------+-----------------+--------------+
| Clock Enable | Synchronous Set/Reset | Asynchronous Set/Reset | Total Registers | Total Slices |
+--------------+-----------------------+------------------------+-----------------+--------------+
| No           | No                    | No                     |             124 |           27 |
| No           | No                    | Yes                    |               0 |            0 |
| No           | Yes                   | No                     |             594 |          102 |
| Yes          | No                    | No                     |             208 |           29 |
| Yes          | No                    | Yes                    |               0 |            0 |
| Yes          | Yes                   | No                     |             120 |           27 |
+--------------+-----------------------+------------------------+-----------------+--------------+


4. Detailed Control Set Information
-----------------------------------

+---------------------------+-----------------------------------------------------+------------------------------------------------+------------------+----------------+
|        Clock Signal       |                    Enable Signal                    |                Set/Reset Signal                | Slice Load Count | Bel Load Count |
+---------------------------+-----------------------------------------------------+------------------------------------------------+------------------+----------------+
|  clk_25MHz_inst/clk_25MHz |                                                     | m_argand_plane/oled_colour[10]_i_1__0_n_0      |                1 |              2 |
|  clk_25MHz_inst/clk_25MHz |                                                     |                                                |                1 |              4 |
|  clk_6p25MHz_BUFG         |                                                     |                                                |                1 |              6 |
| ~clk_6p25MHz_BUFG         |                                                     |                                                |                3 |              6 |
|  real_num2_i_2_n_0        | m_input_display/n2_count[3]_i_1_n_0                 | led_OBUF[0]                                    |                2 |              8 |
|  real_num2_i_2_n_0        | m_input_display/n3_count[3]_i_1_n_0                 | led_OBUF[0]                                    |                3 |              8 |
|  real_num2_i_2_n_0        | m_input_display/n4_count[3]_i_1_n_0                 | led_OBUF[0]                                    |                2 |              8 |
|  real_num2_i_2_n_0        | m_input_display/n8_count[3]_i_1_n_0                 | led_OBUF[0]                                    |                2 |              8 |
|  real_num2_i_2_n_0        | m_input_display/n7_count[3]_i_1_n_0                 | led_OBUF[0]                                    |                2 |              8 |
|  real_num2_i_2_n_0        | m_input_display/n6_count[3]_i_1_n_0                 | led_OBUF[0]                                    |                2 |              8 |
|  real_num2_i_2_n_0        | m_input_display/n5_count[3]_i_1_n_0                 | led_OBUF[0]                                    |                1 |              8 |
|  real_num2_i_2_n_0        | m_input_display/n1_count[3]_i_1_n_0                 | led_OBUF[0]                                    |                2 |              8 |
| ~clk_6p25MHz_BUFG         |                                                     | m_argand_plane/oled/frame_counter[16]_i_1_n_0  |                4 |             32 |
| ~clk_6p25MHz_BUFG         |                                                     | m_Display/display/frame_counter[16]_i_1__0_n_0 |                5 |             34 |
| ~clk_6p25MHz_BUFG         | m_Display/display/delay[0]_i_1_n_0                  |                                                |                5 |             40 |
| ~clk_6p25MHz_BUFG         | m_argand_plane/oled/delay[0]_i_1__0_n_0             |                                                |                5 |             40 |
|  real_num2_i_2_n_0        |                                                     |                                                |                9 |             42 |
|  real_num2_i_2_n_0        | m_input_display/E[0]                                | led_OBUF[0]                                    |               11 |             56 |
| ~clk_6p25MHz_BUFG         | m_argand_plane/oled/FSM_onehot_state[31]_i_1__0_n_0 |                                                |               10 |             64 |
| ~clk_6p25MHz_BUFG         | m_Display/display/state                             |                                                |                9 |             64 |
|  clk_IBUF_BUFG            |                                                     | clk_25MHz_inst/clear                           |                8 |             64 |
|  clk_IBUF_BUFG            |                                                     | clk_2Hz_inst/count[0]_i_1__0_n_0               |                8 |             64 |
|  clk_IBUF_BUFG            |                                                     | clk_500Hz_inst/count[0]_i_1_n_0                |                8 |             64 |
|  clk_IBUF_BUFG            |                                                     | clk_6p25MHz_inst/count[0]_i_1__2_n_0           |                8 |             64 |
|  clk_IBUF_BUFG            |                                                     |                                                |               13 |             66 |
| ~clk_6p25MHz_BUFG         |                                                     | m_argand_plane/oled/spi_word[39]_i_1__0_n_0    |               20 |             90 |
| ~clk_6p25MHz_BUFG         |                                                     | m_Display/display/spi_word[39]_i_1_n_0         |               16 |             90 |
|  clk_IBUF_BUFG            |                                                     | m_Calculate/real_num_reg[19]_1                 |               24 |             90 |
+---------------------------+-----------------------------------------------------+------------------------------------------------+------------------+----------------+


