Copyright 1986-2018 Xilinx, Inc. All Rights Reserved.
--------------------------------------------------------------------------------------------------------------------------------------------------------------------------------------------------------
| Tool Version : Vivado v.2018.2 (win64) Build 2258646 Thu Jun 14 20:03:12 MDT 2018
| Date         : Wed Apr  8 01:03:39 2026
| Host         : Tarun running 64-bit major release  (build 9200)
| Command      : report_timing_summary -max_paths 10 -file Top_Student_timing_summary_routed.rpt -pb Top_Student_timing_summary_routed.pb -rpx Top_Student_timing_summary_routed.rpx -warn_on_violation
| Design       : Top_Student
| Device       : 7a35t-cpg236
| Speed File   : -1  PRODUCTION 1.22 2018-03-21
--------------------------------------------------------------------------------------------------------------------------------------------------------------------------------------------------------

Timing Summary Report

------------------------------------------------------------------------------------------------
| Timer Settings
| --------------
------------------------------------------------------------------------------------------------

  Enable Multi Corner Analysis               :  Yes
  Enable Pessimism Removal                   :  Yes
  Pessimism Removal Resolution               :  Nearest Common Node
  Enable Input Delay Default Clock           :  No
  Enable Preset / Clear Arcs                 :  No
  Disable Flight Delays                      :  No
  Ignore I/O Paths                           :  No
  Timing Early Launch at Borrowing Latches   :  false

  Corner  Analyze    Analyze    
  Name    Max Paths  Min Paths  
  ------  ---------  ---------  
  Slow    Yes        Yes        
  Fast    Yes        Yes        



check_timing report

Table of Contents
-----------------
1. checking no_clock
2. checking constant_clock
3. checking pulse_width_clock
4. checking unconstrained_internal_endpoints
5. checking no_input_delay
6. checking no_output_delay
7. checking multiple_clock
8. checking generated_clocks
9. checking loops
10. checking partial_input_delay
11. checking partial_output_delay
12. checking latch_loops

1. checking no_clock
--------------------
 There are 3 register/latch pins with no clock driven by root clock pin: clk_25MHz_inst/my_clock_reg/Q (HIGH)

 There are 89 register/latch pins with no clock driven by root clock pin: clk_500Hz_inst/my_clock_reg/Q (HIGH)

 There are 233 register/latch pins with no clock driven by root clock pin: clk_6p25MHz_inst/my_clock_reg/Q (HIGH)


2. checking constant_clock
--------------------------
 There are 0 register/latch pins with constant_clock.


3. checking pulse_width_clock
-----------------------------
 There are 0 register/latch pins which need pulse_width check


4. checking unconstrained_internal_endpoints
--------------------------------------------
 There are 807 pins that are not constrained for maximum delay. (HIGH)

 There are 0 pins that are not constrained for maximum delay due to constant clock.


5. checking no_input_delay
--------------------------
 There are 12 input ports with no input delay specified. (HIGH)

 There are 0 input ports with no input delay but user has a false path constraint.


6. checking no_output_delay
---------------------------
 There are 28 ports with no output delay specified. (HIGH)

 There are 0 ports with no output delay but user has a false path constraint

 There are 0 ports with no output delay but with a timing clock defined on it or propagating through it


7. checking multiple_clock
--------------------------
 There are 0 register/latch pins with multiple clocks.


8. checking generated_clocks
----------------------------
 There are 0 generated clocks that are not connected to a clock source.


9. checking loops
-----------------
 There are 0 combinational loops in the design.


10. checking partial_input_delay
--------------------------------
 There are 0 input ports with partial input delay specified.


11. checking partial_output_delay
---------------------------------
 There are 0 ports with partial output delay specified.


12. checking latch_loops
------------------------
 There are 0 combinational latch loops in the design through latch input



------------------------------------------------------------------------------------------------
| Design Timing Summary
| ---------------------
------------------------------------------------------------------------------------------------

    WNS(ns)      TNS(ns)  TNS Failing Endpoints  TNS Total Endpoints      WHS(ns)      THS(ns)  THS Failing Endpoints  THS Total Endpoints     WPWS(ns)     TPWS(ns)  TPWS Failing Endpoints  TPWS Total Endpoints  
    -------      -------  ---------------------  -------------------      -------      -------  ---------------------  -------------------     --------     --------  ----------------------  --------------------  
      5.158        0.000                      0                  261        0.262        0.000                      0                  261        4.500        0.000                       0                   219  


All user specified timing constraints are met.


------------------------------------------------------------------------------------------------
| Clock Summary
| -------------
------------------------------------------------------------------------------------------------

Clock        Waveform(ns)       Period(ns)      Frequency(MHz)
-----        ------------       ----------      --------------
sys_clk_pin  {0.000 5.000}      10.000          100.000         


------------------------------------------------------------------------------------------------
| Intra Clock Table
| -----------------
------------------------------------------------------------------------------------------------

Clock             WNS(ns)      TNS(ns)  TNS Failing Endpoints  TNS Total Endpoints      WHS(ns)      THS(ns)  THS Failing Endpoints  THS Total Endpoints     WPWS(ns)     TPWS(ns)  TPWS Failing Endpoints  TPWS Total Endpoints  
-----             -------      -------  ---------------------  -------------------      -------      -------  ---------------------  -------------------     --------     --------  ----------------------  --------------------  
sys_clk_pin         5.158        0.000                      0                  261        0.262        0.000                      0                  261        4.500        0.000                       0                   219  


------------------------------------------------------------------------------------------------
| Inter Clock Table
| -----------------
------------------------------------------------------------------------------------------------

From Clock    To Clock          WNS(ns)      TNS(ns)  TNS Failing Endpoints  TNS Total Endpoints      WHS(ns)      THS(ns)  THS Failing Endpoints  THS Total Endpoints  
----------    --------          -------      -------  ---------------------  -------------------      -------      -------  ---------------------  -------------------  


------------------------------------------------------------------------------------------------
| Other Path Groups Table
| -----------------------
------------------------------------------------------------------------------------------------

Path Group    From Clock    To Clock          WNS(ns)      TNS(ns)  TNS Failing Endpoints  TNS Total Endpoints      WHS(ns)      THS(ns)  THS Failing Endpoints  THS Total Endpoints  
----------    ----------    --------          -------      -------  ---------------------  -------------------      -------      -------  ---------------------  -------------------  


------------------------------------------------------------------------------------------------
| Timing Details
| --------------
------------------------------------------------------------------------------------------------


---------------------------------------------------------------------------------------------------
From Clock:  sys_clk_pin
  To Clock:  sys_clk_pin

Setup :            0  Failing Endpoints,  Worst Slack        5.158ns,  Total Violation        0.000ns
Hold  :            0  Failing Endpoints,  Worst Slack        0.262ns,  Total Violation        0.000ns
PW    :            0  Failing Endpoints,  Worst Slack        4.500ns,  Total Violation        0.000ns
---------------------------------------------------------------------------------------------------


Max Delay Paths
--------------------------------------------------------------------------------------
Slack (MET) :             5.158ns  (required time - arrival time)
  Source:                 clk_500Hz_inst/count_reg[10]/C
                            (rising edge-triggered cell FDRE clocked by sys_clk_pin  {rise@0.000ns fall@5.000ns period=10.000ns})
  Destination:            clk_500Hz_inst/count_reg[24]/R
                            (rising edge-triggered cell FDRE clocked by sys_clk_pin  {rise@0.000ns fall@5.000ns period=10.000ns})
  Path Group:             sys_clk_pin
  Path Type:              Setup (Max at Slow Process Corner)
  Requirement:            10.000ns  (sys_clk_pin rise@10.000ns - sys_clk_pin rise@0.000ns)
  Data Path Delay:        4.354ns  (logic 0.828ns (19.019%)  route 3.526ns (80.981%))
  Logic Levels:           3  (LUT6=3)
  Clock Path Skew:        -0.024ns (DCD - SCD + CPR)
    Destination Clock Delay (DCD):    4.789ns = ( 14.789 - 10.000 ) 
    Source Clock Delay      (SCD):    5.087ns
    Clock Pessimism Removal (CPR):    0.274ns
  Clock Uncertainty:      0.035ns  ((TSJ^2 + TIJ^2)^1/2 + DJ) / 2 + PE
    Total System Jitter     (TSJ):    0.071ns
    Total Input Jitter      (TIJ):    0.000ns
    Discrete Jitter          (DJ):    0.000ns
    Phase Error              (PE):    0.000ns

    Location             Delay type                Incr(ns)  Path(ns)    Netlist Resource(s)
  -------------------------------------------------------------------    -------------------
                         (clock sys_clk_pin rise edge)
                                                      0.000     0.000 r  
    W5                                                0.000     0.000 r  clk (IN)
                         net (fo=0)                   0.000     0.000    clk
    W5                   IBUF (Prop_ibuf_I_O)         1.458     1.458 r  clk_IBUF_inst/O
                         net (fo=1, routed)           1.967     3.425    clk_IBUF
    BUFGCTRL_X0Y1        BUFG (Prop_bufg_I_O)         0.096     3.521 r  clk_IBUF_BUFG_inst/O
                         net (fo=222, routed)         1.566     5.087    clk_500Hz_inst/clk_IBUF_BUFG
    SLICE_X28Y44         FDRE                                         r  clk_500Hz_inst/count_reg[10]/C
  -------------------------------------------------------------------    -------------------
    SLICE_X28Y44         FDRE (Prop_fdre_C_Q)         0.456     5.543 r  clk_500Hz_inst/count_reg[10]/Q
                         net (fo=3, routed)           1.462     7.005    clk_500Hz_inst/count_reg[10]
    SLICE_X28Y50         LUT6 (Prop_lut6_I0_O)        0.124     7.129 r  clk_500Hz_inst/count[0]_i_9/O
                         net (fo=1, routed)           0.499     7.628    clk_500Hz_inst/count[0]_i_9_n_0
    SLICE_X29Y45         LUT6 (Prop_lut6_I5_O)        0.124     7.752 r  clk_500Hz_inst/count[0]_i_4/O
                         net (fo=1, routed)           0.455     8.207    clk_500Hz_inst/count[0]_i_4_n_0
    SLICE_X32Y43         LUT6 (Prop_lut6_I3_O)        0.124     8.331 r  clk_500Hz_inst/count[0]_i_1/O
                         net (fo=32, routed)          1.110     9.441    clk_500Hz_inst/count[0]_i_1_n_0
    SLICE_X28Y48         FDRE                                         r  clk_500Hz_inst/count_reg[24]/R
  -------------------------------------------------------------------    -------------------

                         (clock sys_clk_pin rise edge)
                                                     10.000    10.000 r  
    W5                                                0.000    10.000 r  clk (IN)
                         net (fo=0)                   0.000    10.000    clk
    W5                   IBUF (Prop_ibuf_I_O)         1.388    11.388 r  clk_IBUF_inst/O
                         net (fo=1, routed)           1.862    13.250    clk_IBUF
    BUFGCTRL_X0Y1        BUFG (Prop_bufg_I_O)         0.091    13.341 r  clk_IBUF_BUFG_inst/O
                         net (fo=222, routed)         1.448    14.789    clk_500Hz_inst/clk_IBUF_BUFG
    SLICE_X28Y48         FDRE                                         r  clk_500Hz_inst/count_reg[24]/C
                         clock pessimism              0.274    15.063    
                         clock uncertainty           -0.035    15.028    
    SLICE_X28Y48         FDRE (Setup_fdre_C_R)       -0.429    14.599    clk_500Hz_inst/count_reg[24]
  -------------------------------------------------------------------
                         required time                         14.599    
                         arrival time                          -9.441    
  -------------------------------------------------------------------
                         slack                                  5.158    

Slack (MET) :             5.158ns  (required time - arrival time)
  Source:                 clk_500Hz_inst/count_reg[10]/C
                            (rising edge-triggered cell FDRE clocked by sys_clk_pin  {rise@0.000ns fall@5.000ns period=10.000ns})
  Destination:            clk_500Hz_inst/count_reg[25]/R
                            (rising edge-triggered cell FDRE clocked by sys_clk_pin  {rise@0.000ns fall@5.000ns period=10.000ns})
  Path Group:             sys_clk_pin
  Path Type:              Setup (Max at Slow Process Corner)
  Requirement:            10.000ns  (sys_clk_pin rise@10.000ns - sys_clk_pin rise@0.000ns)
  Data Path Delay:        4.354ns  (logic 0.828ns (19.019%)  route 3.526ns (80.981%))
  Logic Levels:           3  (LUT6=3)
  Clock Path Skew:        -0.024ns (DCD - SCD + CPR)
    Destination Clock Delay (DCD):    4.789ns = ( 14.789 - 10.000 ) 
    Source Clock Delay      (SCD):    5.087ns
    Clock Pessimism Removal (CPR):    0.274ns
  Clock Uncertainty:      0.035ns  ((TSJ^2 + TIJ^2)^1/2 + DJ) / 2 + PE
    Total System Jitter     (TSJ):    0.071ns
    Total Input Jitter      (TIJ):    0.000ns
    Discrete Jitter          (DJ):    0.000ns
    Phase Error              (PE):    0.000ns

    Location             Delay type                Incr(ns)  Path(ns)    Netlist Resource(s)
  -------------------------------------------------------------------    -------------------
                         (clock sys_clk_pin rise edge)
                                                      0.000     0.000 r  
    W5                                                0.000     0.000 r  clk (IN)
                         net (fo=0)                   0.000     0.000    clk
    W5                   IBUF (Prop_ibuf_I_O)         1.458     1.458 r  clk_IBUF_inst/O
                         net (fo=1, routed)           1.967     3.425    clk_IBUF
    BUFGCTRL_X0Y1        BUFG (Prop_bufg_I_O)         0.096     3.521 r  clk_IBUF_BUFG_inst/O
                         net (fo=222, routed)         1.566     5.087    clk_500Hz_inst/clk_IBUF_BUFG
    SLICE_X28Y44         FDRE                                         r  clk_500Hz_inst/count_reg[10]/C
  -------------------------------------------------------------------    -------------------
    SLICE_X28Y44         FDRE (Prop_fdre_C_Q)         0.456     5.543 r  clk_500Hz_inst/count_reg[10]/Q
                         net (fo=3, routed)           1.462     7.005    clk_500Hz_inst/count_reg[10]
    SLICE_X28Y50         LUT6 (Prop_lut6_I0_O)        0.124     7.129 r  clk_500Hz_inst/count[0]_i_9/O
                         net (fo=1, routed)           0.499     7.628    clk_500Hz_inst/count[0]_i_9_n_0
    SLICE_X29Y45         LUT6 (Prop_lut6_I5_O)        0.124     7.752 r  clk_500Hz_inst/count[0]_i_4/O
                         net (fo=1, routed)           0.455     8.207    clk_500Hz_inst/count[0]_i_4_n_0
    SLICE_X32Y43         LUT6 (Prop_lut6_I3_O)        0.124     8.331 r  clk_500Hz_inst/count[0]_i_1/O
                         net (fo=32, routed)          1.110     9.441    clk_500Hz_inst/count[0]_i_1_n_0
    SLICE_X28Y48         FDRE                                         r  clk_500Hz_inst/count_reg[25]/R
  -------------------------------------------------------------------    -------------------

                         (clock sys_clk_pin rise edge)
                                                     10.000    10.000 r  
    W5                                                0.000    10.000 r  clk (IN)
                         net (fo=0)                   0.000    10.000    clk
    W5                   IBUF (Prop_ibuf_I_O)         1.388    11.388 r  clk_IBUF_inst/O
                         net (fo=1, routed)           1.862    13.250    clk_IBUF
    BUFGCTRL_X0Y1        BUFG (Prop_bufg_I_O)         0.091    13.341 r  clk_IBUF_BUFG_inst/O
                         net (fo=222, routed)         1.448    14.789    clk_500Hz_inst/clk_IBUF_BUFG
    SLICE_X28Y48         FDRE                                         r  clk_500Hz_inst/count_reg[25]/C
                         clock pessimism              0.274    15.063    
                         clock uncertainty           -0.035    15.028    
    SLICE_X28Y48         FDRE (Setup_fdre_C_R)       -0.429    14.599    clk_500Hz_inst/count_reg[25]
  -------------------------------------------------------------------
                         required time                         14.599    
                         arrival time                          -9.441    
  -------------------------------------------------------------------
                         slack                                  5.158    

Slack (MET) :             5.158ns  (required time - arrival time)
  Source:                 clk_500Hz_inst/count_reg[10]/C
                            (rising edge-triggered cell FDRE clocked by sys_clk_pin  {rise@0.000ns fall@5.000ns period=10.000ns})
  Destination:            clk_500Hz_inst/count_reg[26]/R
                            (rising edge-triggered cell FDRE clocked by sys_clk_pin  {rise@0.000ns fall@5.000ns period=10.000ns})
  Path Group:             sys_clk_pin
  Path Type:              Setup (Max at Slow Process Corner)
  Requirement:            10.000ns  (sys_clk_pin rise@10.000ns - sys_clk_pin rise@0.000ns)
  Data Path Delay:        4.354ns  (logic 0.828ns (19.019%)  route 3.526ns (80.981%))
  Logic Levels:           3  (LUT6=3)
  Clock Path Skew:        -0.024ns (DCD - SCD + CPR)
    Destination Clock Delay (DCD):    4.789ns = ( 14.789 - 10.000 ) 
    Source Clock Delay      (SCD):    5.087ns
    Clock Pessimism Removal (CPR):    0.274ns
  Clock Uncertainty:      0.035ns  ((TSJ^2 + TIJ^2)^1/2 + DJ) / 2 + PE
    Total System Jitter     (TSJ):    0.071ns
    Total Input Jitter      (TIJ):    0.000ns
    Discrete Jitter          (DJ):    0.000ns
    Phase Error              (PE):    0.000ns

    Location             Delay type                Incr(ns)  Path(ns)    Netlist Resource(s)
  -------------------------------------------------------------------    -------------------
                         (clock sys_clk_pin rise edge)
                                                      0.000     0.000 r  
    W5                                                0.000     0.000 r  clk (IN)
                         net (fo=0)                   0.000     0.000    clk
    W5                   IBUF (Prop_ibuf_I_O)         1.458     1.458 r  clk_IBUF_inst/O
                         net (fo=1, routed)           1.967     3.425    clk_IBUF
    BUFGCTRL_X0Y1        BUFG (Prop_bufg_I_O)         0.096     3.521 r  clk_IBUF_BUFG_inst/O
                         net (fo=222, routed)         1.566     5.087    clk_500Hz_inst/clk_IBUF_BUFG
    SLICE_X28Y44         FDRE                                         r  clk_500Hz_inst/count_reg[10]/C
  -------------------------------------------------------------------    -------------------
    SLICE_X28Y44         FDRE (Prop_fdre_C_Q)         0.456     5.543 r  clk_500Hz_inst/count_reg[10]/Q
                         net (fo=3, routed)           1.462     7.005    clk_500Hz_inst/count_reg[10]
    SLICE_X28Y50         LUT6 (Prop_lut6_I0_O)        0.124     7.129 r  clk_500Hz_inst/count[0]_i_9/O
                         net (fo=1, routed)           0.499     7.628    clk_500Hz_inst/count[0]_i_9_n_0
    SLICE_X29Y45         LUT6 (Prop_lut6_I5_O)        0.124     7.752 r  clk_500Hz_inst/count[0]_i_4/O
                         net (fo=1, routed)           0.455     8.207    clk_500Hz_inst/count[0]_i_4_n_0
    SLICE_X32Y43         LUT6 (Prop_lut6_I3_O)        0.124     8.331 r  clk_500Hz_inst/count[0]_i_1/O
                         net (fo=32, routed)          1.110     9.441    clk_500Hz_inst/count[0]_i_1_n_0
    SLICE_X28Y48         FDRE                                         r  clk_500Hz_inst/count_reg[26]/R
  -------------------------------------------------------------------    -------------------

                         (clock sys_clk_pin rise edge)
                                                     10.000    10.000 r  
    W5                                                0.000    10.000 r  clk (IN)
                         net (fo=0)                   0.000    10.000    clk
    W5                   IBUF (Prop_ibuf_I_O)         1.388    11.388 r  clk_IBUF_inst/O
                         net (fo=1, routed)           1.862    13.250    clk_IBUF
    BUFGCTRL_X0Y1        BUFG (Prop_bufg_I_O)         0.091    13.341 r  clk_IBUF_BUFG_inst/O
                         net (fo=222, routed)         1.448    14.789    clk_500Hz_inst/clk_IBUF_BUFG
    SLICE_X28Y48         FDRE                                         r  clk_500Hz_inst/count_reg[26]/C
                         clock pessimism              0.274    15.063    
                         clock uncertainty           -0.035    15.028    
    SLICE_X28Y48         FDRE (Setup_fdre_C_R)       -0.429    14.599    clk_500Hz_inst/count_reg[26]
  -------------------------------------------------------------------
                         required time                         14.599    
                         arrival time                          -9.441    
  -------------------------------------------------------------------
                         slack                                  5.158    

Slack (MET) :             5.158ns  (required time - arrival time)
  Source:                 clk_500Hz_inst/count_reg[10]/C
                            (rising edge-triggered cell FDRE clocked by sys_clk_pin  {rise@0.000ns fall@5.000ns period=10.000ns})
  Destination:            clk_500Hz_inst/count_reg[27]/R
                            (rising edge-triggered cell FDRE clocked by sys_clk_pin  {rise@0.000ns fall@5.000ns period=10.000ns})
  Path Group:             sys_clk_pin
  Path Type:              Setup (Max at Slow Process Corner)
  Requirement:            10.000ns  (sys_clk_pin rise@10.000ns - sys_clk_pin rise@0.000ns)
  Data Path Delay:        4.354ns  (logic 0.828ns (19.019%)  route 3.526ns (80.981%))
  Logic Levels:           3  (LUT6=3)
  Clock Path Skew:        -0.024ns (DCD - SCD + CPR)
    Destination Clock Delay (DCD):    4.789ns = ( 14.789 - 10.000 ) 
    Source Clock Delay      (SCD):    5.087ns
    Clock Pessimism Removal (CPR):    0.274ns
  Clock Uncertainty:      0.035ns  ((TSJ^2 + TIJ^2)^1/2 + DJ) / 2 + PE
    Total System Jitter     (TSJ):    0.071ns
    Total Input Jitter      (TIJ):    0.000ns
    Discrete Jitter          (DJ):    0.000ns
    Phase Error              (PE):    0.000ns

    Location             Delay type                Incr(ns)  Path(ns)    Netlist Resource(s)
  -------------------------------------------------------------------    -------------------
                         (clock sys_clk_pin rise edge)
                                                      0.000     0.000 r  
    W5                                                0.000     0.000 r  clk (IN)
                         net (fo=0)                   0.000     0.000    clk
    W5                   IBUF (Prop_ibuf_I_O)         1.458     1.458 r  clk_IBUF_inst/O
                         net (fo=1, routed)           1.967     3.425    clk_IBUF
    BUFGCTRL_X0Y1        BUFG (Prop_bufg_I_O)         0.096     3.521 r  clk_IBUF_BUFG_inst/O
                         net (fo=222, routed)         1.566     5.087    clk_500Hz_inst/clk_IBUF_BUFG
    SLICE_X28Y44         FDRE                                         r  clk_500Hz_inst/count_reg[10]/C
  -------------------------------------------------------------------    -------------------
    SLICE_X28Y44         FDRE (Prop_fdre_C_Q)         0.456     5.543 r  clk_500Hz_inst/count_reg[10]/Q
                         net (fo=3, routed)           1.462     7.005    clk_500Hz_inst/count_reg[10]
    SLICE_X28Y50         LUT6 (Prop_lut6_I0_O)        0.124     7.129 r  clk_500Hz_inst/count[0]_i_9/O
                         net (fo=1, routed)           0.499     7.628    clk_500Hz_inst/count[0]_i_9_n_0
    SLICE_X29Y45         LUT6 (Prop_lut6_I5_O)        0.124     7.752 r  clk_500Hz_inst/count[0]_i_4/O
                         net (fo=1, routed)           0.455     8.207    clk_500Hz_inst/count[0]_i_4_n_0
    SLICE_X32Y43         LUT6 (Prop_lut6_I3_O)        0.124     8.331 r  clk_500Hz_inst/count[0]_i_1/O
                         net (fo=32, routed)          1.110     9.441    clk_500Hz_inst/count[0]_i_1_n_0
    SLICE_X28Y48         FDRE                                         r  clk_500Hz_inst/count_reg[27]/R
  -------------------------------------------------------------------    -------------------

                         (clock sys_clk_pin rise edge)
                                                     10.000    10.000 r  
    W5                                                0.000    10.000 r  clk (IN)
                         net (fo=0)                   0.000    10.000    clk
    W5                   IBUF (Prop_ibuf_I_O)         1.388    11.388 r  clk_IBUF_inst/O
                         net (fo=1, routed)           1.862    13.250    clk_IBUF
    BUFGCTRL_X0Y1        BUFG (Prop_bufg_I_O)         0.091    13.341 r  clk_IBUF_BUFG_inst/O
                         net (fo=222, routed)         1.448    14.789    clk_500Hz_inst/clk_IBUF_BUFG
    SLICE_X28Y48         FDRE                                         r  clk_500Hz_inst/count_reg[27]/C
                         clock pessimism              0.274    15.063    
                         clock uncertainty           -0.035    15.028    
    SLICE_X28Y48         FDRE (Setup_fdre_C_R)       -0.429    14.599    clk_500Hz_inst/count_reg[27]
  -------------------------------------------------------------------
                         required time                         14.599    
                         arrival time                          -9.441    
  -------------------------------------------------------------------
                         slack                                  5.158    

Slack (MET) :             5.291ns  (required time - arrival time)
  Source:                 clk_6p25MHz_inst/count_reg[15]/C
                            (rising edge-triggered cell FDRE clocked by sys_clk_pin  {rise@0.000ns fall@5.000ns period=10.000ns})
  Destination:            clk_6p25MHz_inst/count_reg[20]/R
                            (rising edge-triggered cell FDRE clocked by sys_clk_pin  {rise@0.000ns fall@5.000ns period=10.000ns})
  Path Group:             sys_clk_pin
  Path Type:              Setup (Max at Slow Process Corner)
  Requirement:            10.000ns  (sys_clk_pin rise@10.000ns - sys_clk_pin rise@0.000ns)
  Data Path Delay:        4.219ns  (logic 0.828ns (19.625%)  route 3.391ns (80.375%))
  Logic Levels:           3  (LUT3=1 LUT5=1 LUT6=1)
  Clock Path Skew:        -0.025ns (DCD - SCD + CPR)
    Destination Clock Delay (DCD):    4.786ns = ( 14.786 - 10.000 ) 
    Source Clock Delay      (SCD):    5.086ns
    Clock Pessimism Removal (CPR):    0.275ns
  Clock Uncertainty:      0.035ns  ((TSJ^2 + TIJ^2)^1/2 + DJ) / 2 + PE
    Total System Jitter     (TSJ):    0.071ns
    Total Input Jitter      (TIJ):    0.000ns
    Discrete Jitter          (DJ):    0.000ns
    Phase Error              (PE):    0.000ns

    Location             Delay type                Incr(ns)  Path(ns)    Netlist Resource(s)
  -------------------------------------------------------------------    -------------------
                         (clock sys_clk_pin rise edge)
                                                      0.000     0.000 r  
    W5                                                0.000     0.000 r  clk (IN)
                         net (fo=0)                   0.000     0.000    clk
    W5                   IBUF (Prop_ibuf_I_O)         1.458     1.458 r  clk_IBUF_inst/O
                         net (fo=1, routed)           1.967     3.425    clk_IBUF
    BUFGCTRL_X0Y1        BUFG (Prop_bufg_I_O)         0.096     3.521 r  clk_IBUF_BUFG_inst/O
                         net (fo=222, routed)         1.565     5.086    clk_6p25MHz_inst/clk_IBUF_BUFG
    SLICE_X37Y44         FDRE                                         r  clk_6p25MHz_inst/count_reg[15]/C
  -------------------------------------------------------------------    -------------------
    SLICE_X37Y44         FDRE (Prop_fdre_C_Q)         0.456     5.542 f  clk_6p25MHz_inst/count_reg[15]/Q
                         net (fo=2, routed)           1.102     6.645    clk_6p25MHz_inst/count_reg[15]
    SLICE_X40Y45         LUT6 (Prop_lut6_I3_O)        0.124     6.769 r  clk_6p25MHz_inst/count[0]_i_8__2/O
                         net (fo=1, routed)           0.416     7.185    clk_6p25MHz_inst/count[0]_i_8__2_n_0
    SLICE_X40Y44         LUT3 (Prop_lut3_I1_O)        0.124     7.309 r  clk_6p25MHz_inst/count[0]_i_4__2/O
                         net (fo=2, routed)           0.827     8.136    clk_6p25MHz_inst/count[0]_i_4__2_n_0
    SLICE_X38Y42         LUT5 (Prop_lut5_I3_O)        0.124     8.260 r  clk_6p25MHz_inst/count[0]_i_1__2/O
                         net (fo=32, routed)          1.045     9.305    clk_6p25MHz_inst/count[0]_i_1__2_n_0
    SLICE_X37Y46         FDRE                                         r  clk_6p25MHz_inst/count_reg[20]/R
  -------------------------------------------------------------------    -------------------

                         (clock sys_clk_pin rise edge)
                                                     10.000    10.000 r  
    W5                                                0.000    10.000 r  clk (IN)
                         net (fo=0)                   0.000    10.000    clk
    W5                   IBUF (Prop_ibuf_I_O)         1.388    11.388 r  clk_IBUF_inst/O
                         net (fo=1, routed)           1.862    13.250    clk_IBUF
    BUFGCTRL_X0Y1        BUFG (Prop_bufg_I_O)         0.091    13.341 r  clk_IBUF_BUFG_inst/O
                         net (fo=222, routed)         1.445    14.786    clk_6p25MHz_inst/clk_IBUF_BUFG
    SLICE_X37Y46         FDRE                                         r  clk_6p25MHz_inst/count_reg[20]/C
                         clock pessimism              0.275    15.061    
                         clock uncertainty           -0.035    15.026    
    SLICE_X37Y46         FDRE (Setup_fdre_C_R)       -0.429    14.597    clk_6p25MHz_inst/count_reg[20]
  -------------------------------------------------------------------
                         required time                         14.597    
                         arrival time                          -9.305    
  -------------------------------------------------------------------
                         slack                                  5.291    

Slack (MET) :             5.291ns  (required time - arrival time)
  Source:                 clk_6p25MHz_inst/count_reg[15]/C
                            (rising edge-triggered cell FDRE clocked by sys_clk_pin  {rise@0.000ns fall@5.000ns period=10.000ns})
  Destination:            clk_6p25MHz_inst/count_reg[21]/R
                            (rising edge-triggered cell FDRE clocked by sys_clk_pin  {rise@0.000ns fall@5.000ns period=10.000ns})
  Path Group:             sys_clk_pin
  Path Type:              Setup (Max at Slow Process Corner)
  Requirement:            10.000ns  (sys_clk_pin rise@10.000ns - sys_clk_pin rise@0.000ns)
  Data Path Delay:        4.219ns  (logic 0.828ns (19.625%)  route 3.391ns (80.375%))
  Logic Levels:           3  (LUT3=1 LUT5=1 LUT6=1)
  Clock Path Skew:        -0.025ns (DCD - SCD + CPR)
    Destination Clock Delay (DCD):    4.786ns = ( 14.786 - 10.000 ) 
    Source Clock Delay      (SCD):    5.086ns
    Clock Pessimism Removal (CPR):    0.275ns
  Clock Uncertainty:      0.035ns  ((TSJ^2 + TIJ^2)^1/2 + DJ) / 2 + PE
    Total System Jitter     (TSJ):    0.071ns
    Total Input Jitter      (TIJ):    0.000ns
    Discrete Jitter          (DJ):    0.000ns
    Phase Error              (PE):    0.000ns

    Location             Delay type                Incr(ns)  Path(ns)    Netlist Resource(s)
  -------------------------------------------------------------------    -------------------
                         (clock sys_clk_pin rise edge)
                                                      0.000     0.000 r  
    W5                                                0.000     0.000 r  clk (IN)
                         net (fo=0)                   0.000     0.000    clk
    W5                   IBUF (Prop_ibuf_I_O)         1.458     1.458 r  clk_IBUF_inst/O
                         net (fo=1, routed)           1.967     3.425    clk_IBUF
    BUFGCTRL_X0Y1        BUFG (Prop_bufg_I_O)         0.096     3.521 r  clk_IBUF_BUFG_inst/O
                         net (fo=222, routed)         1.565     5.086    clk_6p25MHz_inst/clk_IBUF_BUFG
    SLICE_X37Y44         FDRE                                         r  clk_6p25MHz_inst/count_reg[15]/C
  -------------------------------------------------------------------    -------------------
    SLICE_X37Y44         FDRE (Prop_fdre_C_Q)         0.456     5.542 f  clk_6p25MHz_inst/count_reg[15]/Q
                         net (fo=2, routed)           1.102     6.645    clk_6p25MHz_inst/count_reg[15]
    SLICE_X40Y45         LUT6 (Prop_lut6_I3_O)        0.124     6.769 r  clk_6p25MHz_inst/count[0]_i_8__2/O
                         net (fo=1, routed)           0.416     7.185    clk_6p25MHz_inst/count[0]_i_8__2_n_0
    SLICE_X40Y44         LUT3 (Prop_lut3_I1_O)        0.124     7.309 r  clk_6p25MHz_inst/count[0]_i_4__2/O
                         net (fo=2, routed)           0.827     8.136    clk_6p25MHz_inst/count[0]_i_4__2_n_0
    SLICE_X38Y42         LUT5 (Prop_lut5_I3_O)        0.124     8.260 r  clk_6p25MHz_inst/count[0]_i_1__2/O
                         net (fo=32, routed)          1.045     9.305    clk_6p25MHz_inst/count[0]_i_1__2_n_0
    SLICE_X37Y46         FDRE                                         r  clk_6p25MHz_inst/count_reg[21]/R
  -------------------------------------------------------------------    -------------------

                         (clock sys_clk_pin rise edge)
                                                     10.000    10.000 r  
    W5                                                0.000    10.000 r  clk (IN)
                         net (fo=0)                   0.000    10.000    clk
    W5                   IBUF (Prop_ibuf_I_O)         1.388    11.388 r  clk_IBUF_inst/O
                         net (fo=1, routed)           1.862    13.250    clk_IBUF
    BUFGCTRL_X0Y1        BUFG (Prop_bufg_I_O)         0.091    13.341 r  clk_IBUF_BUFG_inst/O
                         net (fo=222, routed)         1.445    14.786    clk_6p25MHz_inst/clk_IBUF_BUFG
    SLICE_X37Y46         FDRE                                         r  clk_6p25MHz_inst/count_reg[21]/C
                         clock pessimism              0.275    15.061    
                         clock uncertainty           -0.035    15.026    
    SLICE_X37Y46         FDRE (Setup_fdre_C_R)       -0.429    14.597    clk_6p25MHz_inst/count_reg[21]
  -------------------------------------------------------------------
                         required time                         14.597    
                         arrival time                          -9.305    
  -------------------------------------------------------------------
                         slack                                  5.291    

Slack (MET) :             5.291ns  (required time - arrival time)
  Source:                 clk_6p25MHz_inst/count_reg[15]/C
                            (rising edge-triggered cell FDRE clocked by sys_clk_pin  {rise@0.000ns fall@5.000ns period=10.000ns})
  Destination:            clk_6p25MHz_inst/count_reg[22]/R
                            (rising edge-triggered cell FDRE clocked by sys_clk_pin  {rise@0.000ns fall@5.000ns period=10.000ns})
  Path Group:             sys_clk_pin
  Path Type:              Setup (Max at Slow Process Corner)
  Requirement:            10.000ns  (sys_clk_pin rise@10.000ns - sys_clk_pin rise@0.000ns)
  Data Path Delay:        4.219ns  (logic 0.828ns (19.625%)  route 3.391ns (80.375%))
  Logic Levels:           3  (LUT3=1 LUT5=1 LUT6=1)
  Clock Path Skew:        -0.025ns (DCD - SCD + CPR)
    Destination Clock Delay (DCD):    4.786ns = ( 14.786 - 10.000 ) 
    Source Clock Delay      (SCD):    5.086ns
    Clock Pessimism Removal (CPR):    0.275ns
  Clock Uncertainty:      0.035ns  ((TSJ^2 + TIJ^2)^1/2 + DJ) / 2 + PE
    Total System Jitter     (TSJ):    0.071ns
    Total Input Jitter      (TIJ):    0.000ns
    Discrete Jitter          (DJ):    0.000ns
    Phase Error              (PE):    0.000ns

    Location             Delay type                Incr(ns)  Path(ns)    Netlist Resource(s)
  -------------------------------------------------------------------    -------------------
                         (clock sys_clk_pin rise edge)
                                                      0.000     0.000 r  
    W5                                                0.000     0.000 r  clk (IN)
                         net (fo=0)                   0.000     0.000    clk
    W5                   IBUF (Prop_ibuf_I_O)         1.458     1.458 r  clk_IBUF_inst/O
                         net (fo=1, routed)           1.967     3.425    clk_IBUF
    BUFGCTRL_X0Y1        BUFG (Prop_bufg_I_O)         0.096     3.521 r  clk_IBUF_BUFG_inst/O
                         net (fo=222, routed)         1.565     5.086    clk_6p25MHz_inst/clk_IBUF_BUFG
    SLICE_X37Y44         FDRE                                         r  clk_6p25MHz_inst/count_reg[15]/C
  -------------------------------------------------------------------    -------------------
    SLICE_X37Y44         FDRE (Prop_fdre_C_Q)         0.456     5.542 f  clk_6p25MHz_inst/count_reg[15]/Q
                         net (fo=2, routed)           1.102     6.645    clk_6p25MHz_inst/count_reg[15]
    SLICE_X40Y45         LUT6 (Prop_lut6_I3_O)        0.124     6.769 r  clk_6p25MHz_inst/count[0]_i_8__2/O
                         net (fo=1, routed)           0.416     7.185    clk_6p25MHz_inst/count[0]_i_8__2_n_0
    SLICE_X40Y44         LUT3 (Prop_lut3_I1_O)        0.124     7.309 r  clk_6p25MHz_inst/count[0]_i_4__2/O
                         net (fo=2, routed)           0.827     8.136    clk_6p25MHz_inst/count[0]_i_4__2_n_0
    SLICE_X38Y42         LUT5 (Prop_lut5_I3_O)        0.124     8.260 r  clk_6p25MHz_inst/count[0]_i_1__2/O
                         net (fo=32, routed)          1.045     9.305    clk_6p25MHz_inst/count[0]_i_1__2_n_0
    SLICE_X37Y46         FDRE                                         r  clk_6p25MHz_inst/count_reg[22]/R
  -------------------------------------------------------------------    -------------------

                         (clock sys_clk_pin rise edge)
                                                     10.000    10.000 r  
    W5                                                0.000    10.000 r  clk (IN)
                         net (fo=0)                   0.000    10.000    clk
    W5                   IBUF (Prop_ibuf_I_O)         1.388    11.388 r  clk_IBUF_inst/O
                         net (fo=1, routed)           1.862    13.250    clk_IBUF
    BUFGCTRL_X0Y1        BUFG (Prop_bufg_I_O)         0.091    13.341 r  clk_IBUF_BUFG_inst/O
                         net (fo=222, routed)         1.445    14.786    clk_6p25MHz_inst/clk_IBUF_BUFG
    SLICE_X37Y46         FDRE                                         r  clk_6p25MHz_inst/count_reg[22]/C
                         clock pessimism              0.275    15.061    
                         clock uncertainty           -0.035    15.026    
    SLICE_X37Y46         FDRE (Setup_fdre_C_R)       -0.429    14.597    clk_6p25MHz_inst/count_reg[22]
  -------------------------------------------------------------------
                         required time                         14.597    
                         arrival time                          -9.305    
  -------------------------------------------------------------------
                         slack                                  5.291    

Slack (MET) :             5.291ns  (required time - arrival time)
  Source:                 clk_6p25MHz_inst/count_reg[15]/C
                            (rising edge-triggered cell FDRE clocked by sys_clk_pin  {rise@0.000ns fall@5.000ns period=10.000ns})
  Destination:            clk_6p25MHz_inst/count_reg[23]/R
                            (rising edge-triggered cell FDRE clocked by sys_clk_pin  {rise@0.000ns fall@5.000ns period=10.000ns})
  Path Group:             sys_clk_pin
  Path Type:              Setup (Max at Slow Process Corner)
  Requirement:            10.000ns  (sys_clk_pin rise@10.000ns - sys_clk_pin rise@0.000ns)
  Data Path Delay:        4.219ns  (logic 0.828ns (19.625%)  route 3.391ns (80.375%))
  Logic Levels:           3  (LUT3=1 LUT5=1 LUT6=1)
  Clock Path Skew:        -0.025ns (DCD - SCD + CPR)
    Destination Clock Delay (DCD):    4.786ns = ( 14.786 - 10.000 ) 
    Source Clock Delay      (SCD):    5.086ns
    Clock Pessimism Removal (CPR):    0.275ns
  Clock Uncertainty:      0.035ns  ((TSJ^2 + TIJ^2)^1/2 + DJ) / 2 + PE
    Total System Jitter     (TSJ):    0.071ns
    Total Input Jitter      (TIJ):    0.000ns
    Discrete Jitter          (DJ):    0.000ns
    Phase Error              (PE):    0.000ns

    Location             Delay type                Incr(ns)  Path(ns)    Netlist Resource(s)
  -------------------------------------------------------------------    -------------------
                         (clock sys_clk_pin rise edge)
                                                      0.000     0.000 r  
    W5                                                0.000     0.000 r  clk (IN)
                         net (fo=0)                   0.000     0.000    clk
    W5                   IBUF (Prop_ibuf_I_O)         1.458     1.458 r  clk_IBUF_inst/O
                         net (fo=1, routed)           1.967     3.425    clk_IBUF
    BUFGCTRL_X0Y1        BUFG (Prop_bufg_I_O)         0.096     3.521 r  clk_IBUF_BUFG_inst/O
                         net (fo=222, routed)         1.565     5.086    clk_6p25MHz_inst/clk_IBUF_BUFG
    SLICE_X37Y44         FDRE                                         r  clk_6p25MHz_inst/count_reg[15]/C
  -------------------------------------------------------------------    -------------------
    SLICE_X37Y44         FDRE (Prop_fdre_C_Q)         0.456     5.542 f  clk_6p25MHz_inst/count_reg[15]/Q
                         net (fo=2, routed)           1.102     6.645    clk_6p25MHz_inst/count_reg[15]
    SLICE_X40Y45         LUT6 (Prop_lut6_I3_O)        0.124     6.769 r  clk_6p25MHz_inst/count[0]_i_8__2/O
                         net (fo=1, routed)           0.416     7.185    clk_6p25MHz_inst/count[0]_i_8__2_n_0
    SLICE_X40Y44         LUT3 (Prop_lut3_I1_O)        0.124     7.309 r  clk_6p25MHz_inst/count[0]_i_4__2/O
                         net (fo=2, routed)           0.827     8.136    clk_6p25MHz_inst/count[0]_i_4__2_n_0
    SLICE_X38Y42         LUT5 (Prop_lut5_I3_O)        0.124     8.260 r  clk_6p25MHz_inst/count[0]_i_1__2/O
                         net (fo=32, routed)          1.045     9.305    clk_6p25MHz_inst/count[0]_i_1__2_n_0
    SLICE_X37Y46         FDRE                                         r  clk_6p25MHz_inst/count_reg[23]/R
  -------------------------------------------------------------------    -------------------

                         (clock sys_clk_pin rise edge)
                                                     10.000    10.000 r  
    W5                                                0.000    10.000 r  clk (IN)
                         net (fo=0)                   0.000    10.000    clk
    W5                   IBUF (Prop_ibuf_I_O)         1.388    11.388 r  clk_IBUF_inst/O
                         net (fo=1, routed)           1.862    13.250    clk_IBUF
    BUFGCTRL_X0Y1        BUFG (Prop_bufg_I_O)         0.091    13.341 r  clk_IBUF_BUFG_inst/O
                         net (fo=222, routed)         1.445    14.786    clk_6p25MHz_inst/clk_IBUF_BUFG
    SLICE_X37Y46         FDRE                                         r  clk_6p25MHz_inst/count_reg[23]/C
                         clock pessimism              0.275    15.061    
                         clock uncertainty           -0.035    15.026    
    SLICE_X37Y46         FDRE (Setup_fdre_C_R)       -0.429    14.597    clk_6p25MHz_inst/count_reg[23]
  -------------------------------------------------------------------
                         required time                         14.597    
                         arrival time                          -9.305    
  -------------------------------------------------------------------
                         slack                                  5.291    

Slack (MET) :             5.295ns  (required time - arrival time)
  Source:                 clk_6p25MHz_inst/count_reg[15]/C
                            (rising edge-triggered cell FDRE clocked by sys_clk_pin  {rise@0.000ns fall@5.000ns period=10.000ns})
  Destination:            clk_6p25MHz_inst/count_reg[24]/R
                            (rising edge-triggered cell FDRE clocked by sys_clk_pin  {rise@0.000ns fall@5.000ns period=10.000ns})
  Path Group:             sys_clk_pin
  Path Type:              Setup (Max at Slow Process Corner)
  Requirement:            10.000ns  (sys_clk_pin rise@10.000ns - sys_clk_pin rise@0.000ns)
  Data Path Delay:        4.217ns  (logic 0.828ns (19.635%)  route 3.389ns (80.365%))
  Logic Levels:           3  (LUT3=1 LUT5=1 LUT6=1)
  Clock Path Skew:        -0.024ns (DCD - SCD + CPR)
    Destination Clock Delay (DCD):    4.787ns = ( 14.787 - 10.000 ) 
    Source Clock Delay      (SCD):    5.086ns
    Clock Pessimism Removal (CPR):    0.275ns
  Clock Uncertainty:      0.035ns  ((TSJ^2 + TIJ^2)^1/2 + DJ) / 2 + PE
    Total System Jitter     (TSJ):    0.071ns
    Total Input Jitter      (TIJ):    0.000ns
    Discrete Jitter          (DJ):    0.000ns
    Phase Error              (PE):    0.000ns

    Location             Delay type                Incr(ns)  Path(ns)    Netlist Resource(s)
  -------------------------------------------------------------------    -------------------
                         (clock sys_clk_pin rise edge)
                                                      0.000     0.000 r  
    W5                                                0.000     0.000 r  clk (IN)
                         net (fo=0)                   0.000     0.000    clk
    W5                   IBUF (Prop_ibuf_I_O)         1.458     1.458 r  clk_IBUF_inst/O
                         net (fo=1, routed)           1.967     3.425    clk_IBUF
    BUFGCTRL_X0Y1        BUFG (Prop_bufg_I_O)         0.096     3.521 r  clk_IBUF_BUFG_inst/O
                         net (fo=222, routed)         1.565     5.086    clk_6p25MHz_inst/clk_IBUF_BUFG
    SLICE_X37Y44         FDRE                                         r  clk_6p25MHz_inst/count_reg[15]/C
  -------------------------------------------------------------------    -------------------
    SLICE_X37Y44         FDRE (Prop_fdre_C_Q)         0.456     5.542 f  clk_6p25MHz_inst/count_reg[15]/Q
                         net (fo=2, routed)           1.102     6.645    clk_6p25MHz_inst/count_reg[15]
    SLICE_X40Y45         LUT6 (Prop_lut6_I3_O)        0.124     6.769 r  clk_6p25MHz_inst/count[0]_i_8__2/O
                         net (fo=1, routed)           0.416     7.185    clk_6p25MHz_inst/count[0]_i_8__2_n_0
    SLICE_X40Y44         LUT3 (Prop_lut3_I1_O)        0.124     7.309 r  clk_6p25MHz_inst/count[0]_i_4__2/O
                         net (fo=2, routed)           0.827     8.136    clk_6p25MHz_inst/count[0]_i_4__2_n_0
    SLICE_X38Y42         LUT5 (Prop_lut5_I3_O)        0.124     8.260 r  clk_6p25MHz_inst/count[0]_i_1__2/O
                         net (fo=32, routed)          1.043     9.303    clk_6p25MHz_inst/count[0]_i_1__2_n_0
    SLICE_X37Y47         FDRE                                         r  clk_6p25MHz_inst/count_reg[24]/R
  -------------------------------------------------------------------    -------------------

                         (clock sys_clk_pin rise edge)
                                                     10.000    10.000 r  
    W5                                                0.000    10.000 r  clk (IN)
                         net (fo=0)                   0.000    10.000    clk
    W5                   IBUF (Prop_ibuf_I_O)         1.388    11.388 r  clk_IBUF_inst/O
                         net (fo=1, routed)           1.862    13.250    clk_IBUF
    BUFGCTRL_X0Y1        BUFG (Prop_bufg_I_O)         0.091    13.341 r  clk_IBUF_BUFG_inst/O
                         net (fo=222, routed)         1.446    14.787    clk_6p25MHz_inst/clk_IBUF_BUFG
    SLICE_X37Y47         FDRE                                         r  clk_6p25MHz_inst/count_reg[24]/C
                         clock pessimism              0.275    15.062    
                         clock uncertainty           -0.035    15.027    
    SLICE_X37Y47         FDRE (Setup_fdre_C_R)       -0.429    14.598    clk_6p25MHz_inst/count_reg[24]
  -------------------------------------------------------------------
                         required time                         14.598    
                         arrival time                          -9.303    
  -------------------------------------------------------------------
                         slack                                  5.295    

Slack (MET) :             5.295ns  (required time - arrival time)
  Source:                 clk_6p25MHz_inst/count_reg[15]/C
                            (rising edge-triggered cell FDRE clocked by sys_clk_pin  {rise@0.000ns fall@5.000ns period=10.000ns})
  Destination:            clk_6p25MHz_inst/count_reg[25]/R
                            (rising edge-triggered cell FDRE clocked by sys_clk_pin  {rise@0.000ns fall@5.000ns period=10.000ns})
  Path Group:             sys_clk_pin
  Path Type:              Setup (Max at Slow Process Corner)
  Requirement:            10.000ns  (sys_clk_pin rise@10.000ns - sys_clk_pin rise@0.000ns)
  Data Path Delay:        4.217ns  (logic 0.828ns (19.635%)  route 3.389ns (80.365%))
  Logic Levels:           3  (LUT3=1 LUT5=1 LUT6=1)
  Clock Path Skew:        -0.024ns (DCD - SCD + CPR)
    Destination Clock Delay (DCD):    4.787ns = ( 14.787 - 10.000 ) 
    Source Clock Delay      (SCD):    5.086ns
    Clock Pessimism Removal (CPR):    0.275ns
  Clock Uncertainty:      0.035ns  ((TSJ^2 + TIJ^2)^1/2 + DJ) / 2 + PE
    Total System Jitter     (TSJ):    0.071ns
    Total Input Jitter      (TIJ):    0.000ns
    Discrete Jitter          (DJ):    0.000ns
    Phase Error              (PE):    0.000ns

    Location             Delay type                Incr(ns)  Path(ns)    Netlist Resource(s)
  -------------------------------------------------------------------    -------------------
                         (clock sys_clk_pin rise edge)
                                                      0.000     0.000 r  
    W5                                                0.000     0.000 r  clk (IN)
                         net (fo=0)                   0.000     0.000    clk
    W5                   IBUF (Prop_ibuf_I_O)         1.458     1.458 r  clk_IBUF_inst/O
                         net (fo=1, routed)           1.967     3.425    clk_IBUF
    BUFGCTRL_X0Y1        BUFG (Prop_bufg_I_O)         0.096     3.521 r  clk_IBUF_BUFG_inst/O
                         net (fo=222, routed)         1.565     5.086    clk_6p25MHz_inst/clk_IBUF_BUFG
    SLICE_X37Y44         FDRE                                         r  clk_6p25MHz_inst/count_reg[15]/C
  -------------------------------------------------------------------    -------------------
    SLICE_X37Y44         FDRE (Prop_fdre_C_Q)         0.456     5.542 f  clk_6p25MHz_inst/count_reg[15]/Q
                         net (fo=2, routed)           1.102     6.645    clk_6p25MHz_inst/count_reg[15]
    SLICE_X40Y45         LUT6 (Prop_lut6_I3_O)        0.124     6.769 r  clk_6p25MHz_inst/count[0]_i_8__2/O
                         net (fo=1, routed)           0.416     7.185    clk_6p25MHz_inst/count[0]_i_8__2_n_0
    SLICE_X40Y44         LUT3 (Prop_lut3_I1_O)        0.124     7.309 r  clk_6p25MHz_inst/count[0]_i_4__2/O
                         net (fo=2, routed)           0.827     8.136    clk_6p25MHz_inst/count[0]_i_4__2_n_0
    SLICE_X38Y42         LUT5 (Prop_lut5_I3_O)        0.124     8.260 r  clk_6p25MHz_inst/count[0]_i_1__2/O
                         net (fo=32, routed)          1.043     9.303    clk_6p25MHz_inst/count[0]_i_1__2_n_0
    SLICE_X37Y47         FDRE                                         r  clk_6p25MHz_inst/count_reg[25]/R
  -------------------------------------------------------------------    -------------------

                         (clock sys_clk_pin rise edge)
                                                     10.000    10.000 r  
    W5                                                0.000    10.000 r  clk (IN)
                         net (fo=0)                   0.000    10.000    clk
    W5                   IBUF (Prop_ibuf_I_O)         1.388    11.388 r  clk_IBUF_inst/O
                         net (fo=1, routed)           1.862    13.250    clk_IBUF
    BUFGCTRL_X0Y1        BUFG (Prop_bufg_I_O)         0.091    13.341 r  clk_IBUF_BUFG_inst/O
                         net (fo=222, routed)         1.446    14.787    clk_6p25MHz_inst/clk_IBUF_BUFG
    SLICE_X37Y47         FDRE                                         r  clk_6p25MHz_inst/count_reg[25]/C
                         clock pessimism              0.275    15.062    
                         clock uncertainty           -0.035    15.027    
    SLICE_X37Y47         FDRE (Setup_fdre_C_R)       -0.429    14.598    clk_6p25MHz_inst/count_reg[25]
  -------------------------------------------------------------------
                         required time                         14.598    
                         arrival time                          -9.303    
  -------------------------------------------------------------------
                         slack                                  5.295    





Min Delay Paths
--------------------------------------------------------------------------------------
Slack (MET) :             0.262ns  (arrival time - required time)
  Source:                 clk_2Hz_inst/count_reg[19]/C
                            (rising edge-triggered cell FDRE clocked by sys_clk_pin  {rise@0.000ns fall@5.000ns period=10.000ns})
  Destination:            clk_2Hz_inst/count_reg[19]/D
                            (rising edge-triggered cell FDRE clocked by sys_clk_pin  {rise@0.000ns fall@5.000ns period=10.000ns})
  Path Group:             sys_clk_pin
  Path Type:              Hold (Min at Fast Process Corner)
  Requirement:            0.000ns  (sys_clk_pin rise@0.000ns - sys_clk_pin rise@0.000ns)
  Data Path Delay:        0.367ns  (logic 0.249ns (67.838%)  route 0.118ns (32.162%))
  Logic Levels:           1  (CARRY4=1)
  Clock Path Skew:        0.000ns (DCD - SCD - CPR)
    Destination Clock Delay (DCD):    1.951ns
    Source Clock Delay      (SCD):    1.441ns
    Clock Pessimism Removal (CPR):    0.510ns

    Location             Delay type                Incr(ns)  Path(ns)    Netlist Resource(s)
  -------------------------------------------------------------------    -------------------
                         (clock sys_clk_pin rise edge)
                                                      0.000     0.000 r  
    W5                                                0.000     0.000 r  clk (IN)
                         net (fo=0)                   0.000     0.000    clk
    W5                   IBUF (Prop_ibuf_I_O)         0.226     0.226 r  clk_IBUF_inst/O
                         net (fo=1, routed)           0.631     0.858    clk_IBUF
    BUFGCTRL_X0Y1        BUFG (Prop_bufg_I_O)         0.026     0.884 r  clk_IBUF_BUFG_inst/O
                         net (fo=222, routed)         0.558     1.441    clk_2Hz_inst/clk_IBUF_BUFG
    SLICE_X57Y22         FDRE                                         r  clk_2Hz_inst/count_reg[19]/C
  -------------------------------------------------------------------    -------------------
    SLICE_X57Y22         FDRE (Prop_fdre_C_Q)         0.141     1.582 r  clk_2Hz_inst/count_reg[19]/Q
                         net (fo=3, routed)           0.118     1.700    clk_2Hz_inst/count_reg[19]
    SLICE_X57Y22         CARRY4 (Prop_carry4_S[3]_O[3])
                                                      0.108     1.808 r  clk_2Hz_inst/count_reg[16]_i_1__0/O[3]
                         net (fo=1, routed)           0.000     1.808    clk_2Hz_inst/count_reg[16]_i_1__0_n_4
    SLICE_X57Y22         FDRE                                         r  clk_2Hz_inst/count_reg[19]/D
  -------------------------------------------------------------------    -------------------

                         (clock sys_clk_pin rise edge)
                                                      0.000     0.000 r  
    W5                                                0.000     0.000 r  clk (IN)
                         net (fo=0)                   0.000     0.000    clk
    W5                   IBUF (Prop_ibuf_I_O)         0.414     0.414 r  clk_IBUF_inst/O
                         net (fo=1, routed)           0.685     1.099    clk_IBUF
    BUFGCTRL_X0Y1        BUFG (Prop_bufg_I_O)         0.029     1.128 r  clk_IBUF_BUFG_inst/O
                         net (fo=222, routed)         0.824     1.951    clk_2Hz_inst/clk_IBUF_BUFG
    SLICE_X57Y22         FDRE                                         r  clk_2Hz_inst/count_reg[19]/C
                         clock pessimism             -0.510     1.441    
    SLICE_X57Y22         FDRE (Hold_fdre_C_D)         0.105     1.546    clk_2Hz_inst/count_reg[19]
  -------------------------------------------------------------------
                         required time                         -1.546    
                         arrival time                           1.808    
  -------------------------------------------------------------------
                         slack                                  0.262    

Slack (MET) :             0.262ns  (arrival time - required time)
  Source:                 clk_6p25MHz_inst/count_reg[11]/C
                            (rising edge-triggered cell FDRE clocked by sys_clk_pin  {rise@0.000ns fall@5.000ns period=10.000ns})
  Destination:            clk_6p25MHz_inst/count_reg[11]/D
                            (rising edge-triggered cell FDRE clocked by sys_clk_pin  {rise@0.000ns fall@5.000ns period=10.000ns})
  Path Group:             sys_clk_pin
  Path Type:              Hold (Min at Fast Process Corner)
  Requirement:            0.000ns  (sys_clk_pin rise@0.000ns - sys_clk_pin rise@0.000ns)
  Data Path Delay:        0.367ns  (logic 0.249ns (67.838%)  route 0.118ns (32.162%))
  Logic Levels:           1  (CARRY4=1)
  Clock Path Skew:        0.000ns (DCD - SCD - CPR)
    Destination Clock Delay (DCD):    1.959ns
    Source Clock Delay      (SCD):    1.446ns
    Clock Pessimism Removal (CPR):    0.513ns

    Location             Delay type                Incr(ns)  Path(ns)    Netlist Resource(s)
  -------------------------------------------------------------------    -------------------
                         (clock sys_clk_pin rise edge)
                                                      0.000     0.000 r  
    W5                                                0.000     0.000 r  clk (IN)
                         net (fo=0)                   0.000     0.000    clk
    W5                   IBUF (Prop_ibuf_I_O)         0.226     0.226 r  clk_IBUF_inst/O
                         net (fo=1, routed)           0.631     0.858    clk_IBUF
    BUFGCTRL_X0Y1        BUFG (Prop_bufg_I_O)         0.026     0.884 r  clk_IBUF_BUFG_inst/O
                         net (fo=222, routed)         0.563     1.446    clk_6p25MHz_inst/clk_IBUF_BUFG
    SLICE_X37Y43         FDRE                                         r  clk_6p25MHz_inst/count_reg[11]/C
  -------------------------------------------------------------------    -------------------
    SLICE_X37Y43         FDRE (Prop_fdre_C_Q)         0.141     1.587 r  clk_6p25MHz_inst/count_reg[11]/Q
                         net (fo=2, routed)           0.118     1.705    clk_6p25MHz_inst/count_reg[11]
    SLICE_X37Y43         CARRY4 (Prop_carry4_S[3]_O[3])
                                                      0.108     1.813 r  clk_6p25MHz_inst/count_reg[8]_i_1__2/O[3]
                         net (fo=1, routed)           0.000     1.813    clk_6p25MHz_inst/count_reg[8]_i_1__2_n_4
    SLICE_X37Y43         FDRE                                         r  clk_6p25MHz_inst/count_reg[11]/D
  -------------------------------------------------------------------    -------------------

                         (clock sys_clk_pin rise edge)
                                                      0.000     0.000 r  
    W5                                                0.000     0.000 r  clk (IN)
                         net (fo=0)                   0.000     0.000    clk
    W5                   IBUF (Prop_ibuf_I_O)         0.414     0.414 r  clk_IBUF_inst/O
                         net (fo=1, routed)           0.685     1.099    clk_IBUF
    BUFGCTRL_X0Y1        BUFG (Prop_bufg_I_O)         0.029     1.128 r  clk_IBUF_BUFG_inst/O
                         net (fo=222, routed)         0.832     1.959    clk_6p25MHz_inst/clk_IBUF_BUFG
    SLICE_X37Y43         FDRE                                         r  clk_6p25MHz_inst/count_reg[11]/C
                         clock pessimism             -0.513     1.446    
    SLICE_X37Y43         FDRE (Hold_fdre_C_D)         0.105     1.551    clk_6p25MHz_inst/count_reg[11]
  -------------------------------------------------------------------
                         required time                         -1.551    
                         arrival time                           1.813    
  -------------------------------------------------------------------
                         slack                                  0.262    

Slack (MET) :             0.262ns  (arrival time - required time)
  Source:                 clk_6p25MHz_inst/count_reg[15]/C
                            (rising edge-triggered cell FDRE clocked by sys_clk_pin  {rise@0.000ns fall@5.000ns period=10.000ns})
  Destination:            clk_6p25MHz_inst/count_reg[15]/D
                            (rising edge-triggered cell FDRE clocked by sys_clk_pin  {rise@0.000ns fall@5.000ns period=10.000ns})
  Path Group:             sys_clk_pin
  Path Type:              Hold (Min at Fast Process Corner)
  Requirement:            0.000ns  (sys_clk_pin rise@0.000ns - sys_clk_pin rise@0.000ns)
  Data Path Delay:        0.367ns  (logic 0.249ns (67.838%)  route 0.118ns (32.162%))
  Logic Levels:           1  (CARRY4=1)
  Clock Path Skew:        0.000ns (DCD - SCD - CPR)
    Destination Clock Delay (DCD):    1.959ns
    Source Clock Delay      (SCD):    1.446ns
    Clock Pessimism Removal (CPR):    0.513ns

    Location             Delay type                Incr(ns)  Path(ns)    Netlist Resource(s)
  -------------------------------------------------------------------    -------------------
                         (clock sys_clk_pin rise edge)
                                                      0.000     0.000 r  
    W5                                                0.000     0.000 r  clk (IN)
                         net (fo=0)                   0.000     0.000    clk
    W5                   IBUF (Prop_ibuf_I_O)         0.226     0.226 r  clk_IBUF_inst/O
                         net (fo=1, routed)           0.631     0.858    clk_IBUF
    BUFGCTRL_X0Y1        BUFG (Prop_bufg_I_O)         0.026     0.884 r  clk_IBUF_BUFG_inst/O
                         net (fo=222, routed)         0.563     1.446    clk_6p25MHz_inst/clk_IBUF_BUFG
    SLICE_X37Y44         FDRE                                         r  clk_6p25MHz_inst/count_reg[15]/C
  -------------------------------------------------------------------    -------------------
    SLICE_X37Y44         FDRE (Prop_fdre_C_Q)         0.141     1.587 r  clk_6p25MHz_inst/count_reg[15]/Q
                         net (fo=2, routed)           0.118     1.705    clk_6p25MHz_inst/count_reg[15]
    SLICE_X37Y44         CARRY4 (Prop_carry4_S[3]_O[3])
                                                      0.108     1.813 r  clk_6p25MHz_inst/count_reg[12]_i_1__2/O[3]
                         net (fo=1, routed)           0.000     1.813    clk_6p25MHz_inst/count_reg[12]_i_1__2_n_4
    SLICE_X37Y44         FDRE                                         r  clk_6p25MHz_inst/count_reg[15]/D
  -------------------------------------------------------------------    -------------------

                         (clock sys_clk_pin rise edge)
                                                      0.000     0.000 r  
    W5                                                0.000     0.000 r  clk (IN)
                         net (fo=0)                   0.000     0.000    clk
    W5                   IBUF (Prop_ibuf_I_O)         0.414     0.414 r  clk_IBUF_inst/O
                         net (fo=1, routed)           0.685     1.099    clk_IBUF
    BUFGCTRL_X0Y1        BUFG (Prop_bufg_I_O)         0.029     1.128 r  clk_IBUF_BUFG_inst/O
                         net (fo=222, routed)         0.832     1.959    clk_6p25MHz_inst/clk_IBUF_BUFG
    SLICE_X37Y44         FDRE                                         r  clk_6p25MHz_inst/count_reg[15]/C
                         clock pessimism             -0.513     1.446    
    SLICE_X37Y44         FDRE (Hold_fdre_C_D)         0.105     1.551    clk_6p25MHz_inst/count_reg[15]
  -------------------------------------------------------------------
                         required time                         -1.551    
                         arrival time                           1.813    
  -------------------------------------------------------------------
                         slack                                  0.262    

Slack (MET) :             0.263ns  (arrival time - required time)
  Source:                 clk_500Hz_inst/my_clock_reg/C
                            (rising edge-triggered cell FDRE clocked by sys_clk_pin  {rise@0.000ns fall@5.000ns period=10.000ns})
  Destination:            clk_500Hz_inst/my_clock_reg/D
                            (rising edge-triggered cell FDRE clocked by sys_clk_pin  {rise@0.000ns fall@5.000ns period=10.000ns})
  Path Group:             sys_clk_pin
  Path Type:              Hold (Min at Fast Process Corner)
  Requirement:            0.000ns  (sys_clk_pin rise@0.000ns - sys_clk_pin rise@0.000ns)
  Data Path Delay:        0.354ns  (logic 0.186ns (52.498%)  route 0.168ns (47.502%))
  Logic Levels:           1  (LUT3=1)
  Clock Path Skew:        0.000ns (DCD - SCD - CPR)
    Destination Clock Delay (DCD):    1.960ns
    Source Clock Delay      (SCD):    1.446ns
    Clock Pessimism Removal (CPR):    0.514ns

    Location             Delay type                Incr(ns)  Path(ns)    Netlist Resource(s)
  -------------------------------------------------------------------    -------------------
                         (clock sys_clk_pin rise edge)
                                                      0.000     0.000 r  
    W5                                                0.000     0.000 r  clk (IN)
                         net (fo=0)                   0.000     0.000    clk
    W5                   IBUF (Prop_ibuf_I_O)         0.226     0.226 r  clk_IBUF_inst/O
                         net (fo=1, routed)           0.631     0.858    clk_IBUF
    BUFGCTRL_X0Y1        BUFG (Prop_bufg_I_O)         0.026     0.884 r  clk_IBUF_BUFG_inst/O
                         net (fo=222, routed)         0.563     1.446    clk_500Hz_inst/clk_IBUF_BUFG
    SLICE_X29Y45         FDRE                                         r  clk_500Hz_inst/my_clock_reg/C
  -------------------------------------------------------------------    -------------------
    SLICE_X29Y45         FDRE (Prop_fdre_C_Q)         0.141     1.587 r  clk_500Hz_inst/my_clock_reg/Q
                         net (fo=2, routed)           0.168     1.755    clk_500Hz_inst/my_clock_reg_0
    SLICE_X29Y45         LUT3 (Prop_lut3_I2_O)        0.045     1.800 r  clk_500Hz_inst/my_clock_i_1/O
                         net (fo=1, routed)           0.000     1.800    clk_500Hz_inst/my_clock_i_1_n_0
    SLICE_X29Y45         FDRE                                         r  clk_500Hz_inst/my_clock_reg/D
  -------------------------------------------------------------------    -------------------

                         (clock sys_clk_pin rise edge)
                                                      0.000     0.000 r  
    W5                                                0.000     0.000 r  clk (IN)
                         net (fo=0)                   0.000     0.000    clk
    W5                   IBUF (Prop_ibuf_I_O)         0.414     0.414 r  clk_IBUF_inst/O
                         net (fo=1, routed)           0.685     1.099    clk_IBUF
    BUFGCTRL_X0Y1        BUFG (Prop_bufg_I_O)         0.029     1.128 r  clk_IBUF_BUFG_inst/O
                         net (fo=222, routed)         0.833     1.960    clk_500Hz_inst/clk_IBUF_BUFG
    SLICE_X29Y45         FDRE                                         r  clk_500Hz_inst/my_clock_reg/C
                         clock pessimism             -0.514     1.446    
    SLICE_X29Y45         FDRE (Hold_fdre_C_D)         0.091     1.537    clk_500Hz_inst/my_clock_reg
  -------------------------------------------------------------------
                         required time                         -1.537    
                         arrival time                           1.800    
  -------------------------------------------------------------------
                         slack                                  0.263    

Slack (MET) :             0.264ns  (arrival time - required time)
  Source:                 clk_2Hz_inst/count_reg[27]/C
                            (rising edge-triggered cell FDRE clocked by sys_clk_pin  {rise@0.000ns fall@5.000ns period=10.000ns})
  Destination:            clk_2Hz_inst/count_reg[27]/D
                            (rising edge-triggered cell FDRE clocked by sys_clk_pin  {rise@0.000ns fall@5.000ns period=10.000ns})
  Path Group:             sys_clk_pin
  Path Type:              Hold (Min at Fast Process Corner)
  Requirement:            0.000ns  (sys_clk_pin rise@0.000ns - sys_clk_pin rise@0.000ns)
  Data Path Delay:        0.369ns  (logic 0.249ns (67.424%)  route 0.120ns (32.576%))
  Logic Levels:           1  (CARRY4=1)
  Clock Path Skew:        0.000ns (DCD - SCD - CPR)
    Destination Clock Delay (DCD):    1.948ns
    Source Clock Delay      (SCD):    1.438ns
    Clock Pessimism Removal (CPR):    0.510ns

    Location             Delay type                Incr(ns)  Path(ns)    Netlist Resource(s)
  -------------------------------------------------------------------    -------------------
                         (clock sys_clk_pin rise edge)
                                                      0.000     0.000 r  
    W5                                                0.000     0.000 r  clk (IN)
                         net (fo=0)                   0.000     0.000    clk
    W5                   IBUF (Prop_ibuf_I_O)         0.226     0.226 r  clk_IBUF_inst/O
                         net (fo=1, routed)           0.631     0.858    clk_IBUF
    BUFGCTRL_X0Y1        BUFG (Prop_bufg_I_O)         0.026     0.884 r  clk_IBUF_BUFG_inst/O
                         net (fo=222, routed)         0.555     1.438    clk_2Hz_inst/clk_IBUF_BUFG
    SLICE_X57Y24         FDRE                                         r  clk_2Hz_inst/count_reg[27]/C
  -------------------------------------------------------------------    -------------------
    SLICE_X57Y24         FDRE (Prop_fdre_C_Q)         0.141     1.579 r  clk_2Hz_inst/count_reg[27]/Q
                         net (fo=2, routed)           0.120     1.699    clk_2Hz_inst/count_reg[27]
    SLICE_X57Y24         CARRY4 (Prop_carry4_S[3]_O[3])
                                                      0.108     1.807 r  clk_2Hz_inst/count_reg[24]_i_1__0/O[3]
                         net (fo=1, routed)           0.000     1.807    clk_2Hz_inst/count_reg[24]_i_1__0_n_4
    SLICE_X57Y24         FDRE                                         r  clk_2Hz_inst/count_reg[27]/D
  -------------------------------------------------------------------    -------------------

                         (clock sys_clk_pin rise edge)
                                                      0.000     0.000 r  
    W5                                                0.000     0.000 r  clk (IN)
                         net (fo=0)                   0.000     0.000    clk
    W5                   IBUF (Prop_ibuf_I_O)         0.414     0.414 r  clk_IBUF_inst/O
                         net (fo=1, routed)           0.685     1.099    clk_IBUF
    BUFGCTRL_X0Y1        BUFG (Prop_bufg_I_O)         0.029     1.128 r  clk_IBUF_BUFG_inst/O
                         net (fo=222, routed)         0.821     1.948    clk_2Hz_inst/clk_IBUF_BUFG
    SLICE_X57Y24         FDRE                                         r  clk_2Hz_inst/count_reg[27]/C
                         clock pessimism             -0.510     1.438    
    SLICE_X57Y24         FDRE (Hold_fdre_C_D)         0.105     1.543    clk_2Hz_inst/count_reg[27]
  -------------------------------------------------------------------
                         required time                         -1.543    
                         arrival time                           1.807    
  -------------------------------------------------------------------
                         slack                                  0.264    

Slack (MET) :             0.264ns  (arrival time - required time)
  Source:                 clk_2Hz_inst/count_reg[3]/C
                            (rising edge-triggered cell FDRE clocked by sys_clk_pin  {rise@0.000ns fall@5.000ns period=10.000ns})
  Destination:            clk_2Hz_inst/count_reg[3]/D
                            (rising edge-triggered cell FDRE clocked by sys_clk_pin  {rise@0.000ns fall@5.000ns period=10.000ns})
  Path Group:             sys_clk_pin
  Path Type:              Hold (Min at Fast Process Corner)
  Requirement:            0.000ns  (sys_clk_pin rise@0.000ns - sys_clk_pin rise@0.000ns)
  Data Path Delay:        0.369ns  (logic 0.249ns (67.424%)  route 0.120ns (32.576%))
  Logic Levels:           1  (CARRY4=1)
  Clock Path Skew:        0.000ns (DCD - SCD - CPR)
    Destination Clock Delay (DCD):    1.955ns
    Source Clock Delay      (SCD):    1.444ns
    Clock Pessimism Removal (CPR):    0.511ns

    Location             Delay type                Incr(ns)  Path(ns)    Netlist Resource(s)
  -------------------------------------------------------------------    -------------------
                         (clock sys_clk_pin rise edge)
                                                      0.000     0.000 r  
    W5                                                0.000     0.000 r  clk (IN)
                         net (fo=0)                   0.000     0.000    clk
    W5                   IBUF (Prop_ibuf_I_O)         0.226     0.226 r  clk_IBUF_inst/O
                         net (fo=1, routed)           0.631     0.858    clk_IBUF
    BUFGCTRL_X0Y1        BUFG (Prop_bufg_I_O)         0.026     0.884 r  clk_IBUF_BUFG_inst/O
                         net (fo=222, routed)         0.561     1.444    clk_2Hz_inst/clk_IBUF_BUFG
    SLICE_X57Y18         FDRE                                         r  clk_2Hz_inst/count_reg[3]/C
  -------------------------------------------------------------------    -------------------
    SLICE_X57Y18         FDRE (Prop_fdre_C_Q)         0.141     1.585 r  clk_2Hz_inst/count_reg[3]/Q
                         net (fo=3, routed)           0.120     1.705    clk_2Hz_inst/count_reg[3]
    SLICE_X57Y18         CARRY4 (Prop_carry4_S[3]_O[3])
                                                      0.108     1.813 r  clk_2Hz_inst/count_reg[0]_i_2__0/O[3]
                         net (fo=1, routed)           0.000     1.813    clk_2Hz_inst/count_reg[0]_i_2__0_n_4
    SLICE_X57Y18         FDRE                                         r  clk_2Hz_inst/count_reg[3]/D
  -------------------------------------------------------------------    -------------------

                         (clock sys_clk_pin rise edge)
                                                      0.000     0.000 r  
    W5                                                0.000     0.000 r  clk (IN)
                         net (fo=0)                   0.000     0.000    clk
    W5                   IBUF (Prop_ibuf_I_O)         0.414     0.414 r  clk_IBUF_inst/O
                         net (fo=1, routed)           0.685     1.099    clk_IBUF
    BUFGCTRL_X0Y1        BUFG (Prop_bufg_I_O)         0.029     1.128 r  clk_IBUF_BUFG_inst/O
                         net (fo=222, routed)         0.828     1.955    clk_2Hz_inst/clk_IBUF_BUFG
    SLICE_X57Y18         FDRE                                         r  clk_2Hz_inst/count_reg[3]/C
                         clock pessimism             -0.511     1.444    
    SLICE_X57Y18         FDRE (Hold_fdre_C_D)         0.105     1.549    clk_2Hz_inst/count_reg[3]
  -------------------------------------------------------------------
                         required time                         -1.549    
                         arrival time                           1.813    
  -------------------------------------------------------------------
                         slack                                  0.264    

Slack (MET) :             0.264ns  (arrival time - required time)
  Source:                 clk_6p25MHz_inst/count_reg[23]/C
                            (rising edge-triggered cell FDRE clocked by sys_clk_pin  {rise@0.000ns fall@5.000ns period=10.000ns})
  Destination:            clk_6p25MHz_inst/count_reg[23]/D
                            (rising edge-triggered cell FDRE clocked by sys_clk_pin  {rise@0.000ns fall@5.000ns period=10.000ns})
  Path Group:             sys_clk_pin
  Path Type:              Hold (Min at Fast Process Corner)
  Requirement:            0.000ns  (sys_clk_pin rise@0.000ns - sys_clk_pin rise@0.000ns)
  Data Path Delay:        0.369ns  (logic 0.249ns (67.424%)  route 0.120ns (32.576%))
  Logic Levels:           1  (CARRY4=1)
  Clock Path Skew:        0.000ns (DCD - SCD - CPR)
    Destination Clock Delay (DCD):    1.959ns
    Source Clock Delay      (SCD):    1.446ns
    Clock Pessimism Removal (CPR):    0.513ns

    Location             Delay type                Incr(ns)  Path(ns)    Netlist Resource(s)
  -------------------------------------------------------------------    -------------------
                         (clock sys_clk_pin rise edge)
                                                      0.000     0.000 r  
    W5                                                0.000     0.000 r  clk (IN)
                         net (fo=0)                   0.000     0.000    clk
    W5                   IBUF (Prop_ibuf_I_O)         0.226     0.226 r  clk_IBUF_inst/O
                         net (fo=1, routed)           0.631     0.858    clk_IBUF
    BUFGCTRL_X0Y1        BUFG (Prop_bufg_I_O)         0.026     0.884 r  clk_IBUF_BUFG_inst/O
                         net (fo=222, routed)         0.563     1.446    clk_6p25MHz_inst/clk_IBUF_BUFG
    SLICE_X37Y46         FDRE                                         r  clk_6p25MHz_inst/count_reg[23]/C
  -------------------------------------------------------------------    -------------------
    SLICE_X37Y46         FDRE (Prop_fdre_C_Q)         0.141     1.587 r  clk_6p25MHz_inst/count_reg[23]/Q
                         net (fo=2, routed)           0.120     1.707    clk_6p25MHz_inst/count_reg[23]
    SLICE_X37Y46         CARRY4 (Prop_carry4_S[3]_O[3])
                                                      0.108     1.815 r  clk_6p25MHz_inst/count_reg[20]_i_1__2/O[3]
                         net (fo=1, routed)           0.000     1.815    clk_6p25MHz_inst/count_reg[20]_i_1__2_n_4
    SLICE_X37Y46         FDRE                                         r  clk_6p25MHz_inst/count_reg[23]/D
  -------------------------------------------------------------------    -------------------

                         (clock sys_clk_pin rise edge)
                                                      0.000     0.000 r  
    W5                                                0.000     0.000 r  clk (IN)
                         net (fo=0)                   0.000     0.000    clk
    W5                   IBUF (Prop_ibuf_I_O)         0.414     0.414 r  clk_IBUF_inst/O
                         net (fo=1, routed)           0.685     1.099    clk_IBUF
    BUFGCTRL_X0Y1        BUFG (Prop_bufg_I_O)         0.029     1.128 r  clk_IBUF_BUFG_inst/O
                         net (fo=222, routed)         0.832     1.959    clk_6p25MHz_inst/clk_IBUF_BUFG
    SLICE_X37Y46         FDRE                                         r  clk_6p25MHz_inst/count_reg[23]/C
                         clock pessimism             -0.513     1.446    
    SLICE_X37Y46         FDRE (Hold_fdre_C_D)         0.105     1.551    clk_6p25MHz_inst/count_reg[23]
  -------------------------------------------------------------------
                         required time                         -1.551    
                         arrival time                           1.815    
  -------------------------------------------------------------------
                         slack                                  0.264    

Slack (MET) :             0.264ns  (arrival time - required time)
  Source:                 clk_6p25MHz_inst/count_reg[27]/C
                            (rising edge-triggered cell FDRE clocked by sys_clk_pin  {rise@0.000ns fall@5.000ns period=10.000ns})
  Destination:            clk_6p25MHz_inst/count_reg[27]/D
                            (rising edge-triggered cell FDRE clocked by sys_clk_pin  {rise@0.000ns fall@5.000ns period=10.000ns})
  Path Group:             sys_clk_pin
  Path Type:              Hold (Min at Fast Process Corner)
  Requirement:            0.000ns  (sys_clk_pin rise@0.000ns - sys_clk_pin rise@0.000ns)
  Data Path Delay:        0.369ns  (logic 0.249ns (67.424%)  route 0.120ns (32.576%))
  Logic Levels:           1  (CARRY4=1)
  Clock Path Skew:        0.000ns (DCD - SCD - CPR)
    Destination Clock Delay (DCD):    1.960ns
    Source Clock Delay      (SCD):    1.447ns
    Clock Pessimism Removal (CPR):    0.513ns

    Location             Delay type                Incr(ns)  Path(ns)    Netlist Resource(s)
  -------------------------------------------------------------------    -------------------
                         (clock sys_clk_pin rise edge)
                                                      0.000     0.000 r  
    W5                                                0.000     0.000 r  clk (IN)
                         net (fo=0)                   0.000     0.000    clk
    W5                   IBUF (Prop_ibuf_I_O)         0.226     0.226 r  clk_IBUF_inst/O
                         net (fo=1, routed)           0.631     0.858    clk_IBUF
    BUFGCTRL_X0Y1        BUFG (Prop_bufg_I_O)         0.026     0.884 r  clk_IBUF_BUFG_inst/O
                         net (fo=222, routed)         0.564     1.447    clk_6p25MHz_inst/clk_IBUF_BUFG
    SLICE_X37Y47         FDRE                                         r  clk_6p25MHz_inst/count_reg[27]/C
  -------------------------------------------------------------------    -------------------
    SLICE_X37Y47         FDRE (Prop_fdre_C_Q)         0.141     1.588 r  clk_6p25MHz_inst/count_reg[27]/Q
                         net (fo=2, routed)           0.120     1.708    clk_6p25MHz_inst/count_reg[27]
    SLICE_X37Y47         CARRY4 (Prop_carry4_S[3]_O[3])
                                                      0.108     1.816 r  clk_6p25MHz_inst/count_reg[24]_i_1__2/O[3]
                         net (fo=1, routed)           0.000     1.816    clk_6p25MHz_inst/count_reg[24]_i_1__2_n_4
    SLICE_X37Y47         FDRE                                         r  clk_6p25MHz_inst/count_reg[27]/D
  -------------------------------------------------------------------    -------------------

                         (clock sys_clk_pin rise edge)
                                                      0.000     0.000 r  
    W5                                                0.000     0.000 r  clk (IN)
                         net (fo=0)                   0.000     0.000    clk
    W5                   IBUF (Prop_ibuf_I_O)         0.414     0.414 r  clk_IBUF_inst/O
                         net (fo=1, routed)           0.685     1.099    clk_IBUF
    BUFGCTRL_X0Y1        BUFG (Prop_bufg_I_O)         0.029     1.128 r  clk_IBUF_BUFG_inst/O
                         net (fo=222, routed)         0.833     1.960    clk_6p25MHz_inst/clk_IBUF_BUFG
    SLICE_X37Y47         FDRE                                         r  clk_6p25MHz_inst/count_reg[27]/C
                         clock pessimism             -0.513     1.447    
    SLICE_X37Y47         FDRE (Hold_fdre_C_D)         0.105     1.552    clk_6p25MHz_inst/count_reg[27]
  -------------------------------------------------------------------
                         required time                         -1.552    
                         arrival time                           1.816    
  -------------------------------------------------------------------
                         slack                                  0.264    

Slack (MET) :             0.264ns  (arrival time - required time)
  Source:                 clk_6p25MHz_inst/count_reg[3]/C
                            (rising edge-triggered cell FDRE clocked by sys_clk_pin  {rise@0.000ns fall@5.000ns period=10.000ns})
  Destination:            clk_6p25MHz_inst/count_reg[3]/D
                            (rising edge-triggered cell FDRE clocked by sys_clk_pin  {rise@0.000ns fall@5.000ns period=10.000ns})
  Path Group:             sys_clk_pin
  Path Type:              Hold (Min at Fast Process Corner)
  Requirement:            0.000ns  (sys_clk_pin rise@0.000ns - sys_clk_pin rise@0.000ns)
  Data Path Delay:        0.369ns  (logic 0.249ns (67.424%)  route 0.120ns (32.576%))
  Logic Levels:           1  (CARRY4=1)
  Clock Path Skew:        0.000ns (DCD - SCD - CPR)
    Destination Clock Delay (DCD):    1.958ns
    Source Clock Delay      (SCD):    1.445ns
    Clock Pessimism Removal (CPR):    0.513ns

    Location             Delay type                Incr(ns)  Path(ns)    Netlist Resource(s)
  -------------------------------------------------------------------    -------------------
                         (clock sys_clk_pin rise edge)
                                                      0.000     0.000 r  
    W5                                                0.000     0.000 r  clk (IN)
                         net (fo=0)                   0.000     0.000    clk
    W5                   IBUF (Prop_ibuf_I_O)         0.226     0.226 r  clk_IBUF_inst/O
                         net (fo=1, routed)           0.631     0.858    clk_IBUF
    BUFGCTRL_X0Y1        BUFG (Prop_bufg_I_O)         0.026     0.884 r  clk_IBUF_BUFG_inst/O
                         net (fo=222, routed)         0.562     1.445    clk_6p25MHz_inst/clk_IBUF_BUFG
    SLICE_X37Y41         FDRE                                         r  clk_6p25MHz_inst/count_reg[3]/C
  -------------------------------------------------------------------    -------------------
    SLICE_X37Y41         FDRE (Prop_fdre_C_Q)         0.141     1.586 r  clk_6p25MHz_inst/count_reg[3]/Q
                         net (fo=3, routed)           0.120     1.706    clk_6p25MHz_inst/count_reg[3]
    SLICE_X37Y41         CARRY4 (Prop_carry4_S[3]_O[3])
                                                      0.108     1.814 r  clk_6p25MHz_inst/count_reg[0]_i_2__2/O[3]
                         net (fo=1, routed)           0.000     1.814    clk_6p25MHz_inst/count_reg[0]_i_2__2_n_4
    SLICE_X37Y41         FDRE                                         r  clk_6p25MHz_inst/count_reg[3]/D
  -------------------------------------------------------------------    -------------------

                         (clock sys_clk_pin rise edge)
                                                      0.000     0.000 r  
    W5                                                0.000     0.000 r  clk (IN)
                         net (fo=0)                   0.000     0.000    clk
    W5                   IBUF (Prop_ibuf_I_O)         0.414     0.414 r  clk_IBUF_inst/O
                         net (fo=1, routed)           0.685     1.099    clk_IBUF
    BUFGCTRL_X0Y1        BUFG (Prop_bufg_I_O)         0.029     1.128 r  clk_IBUF_BUFG_inst/O
                         net (fo=222, routed)         0.831     1.958    clk_6p25MHz_inst/clk_IBUF_BUFG
    SLICE_X37Y41         FDRE                                         r  clk_6p25MHz_inst/count_reg[3]/C
                         clock pessimism             -0.513     1.445    
    SLICE_X37Y41         FDRE (Hold_fdre_C_D)         0.105     1.550    clk_6p25MHz_inst/count_reg[3]
  -------------------------------------------------------------------
                         required time                         -1.550    
                         arrival time                           1.814    
  -------------------------------------------------------------------
                         slack                                  0.264    

Slack (MET) :             0.264ns  (arrival time - required time)
  Source:                 clk_2Hz_inst/count_reg[31]/C
                            (rising edge-triggered cell FDRE clocked by sys_clk_pin  {rise@0.000ns fall@5.000ns period=10.000ns})
  Destination:            clk_2Hz_inst/count_reg[31]/D
                            (rising edge-triggered cell FDRE clocked by sys_clk_pin  {rise@0.000ns fall@5.000ns period=10.000ns})
  Path Group:             sys_clk_pin
  Path Type:              Hold (Min at Fast Process Corner)
  Requirement:            0.000ns  (sys_clk_pin rise@0.000ns - sys_clk_pin rise@0.000ns)
  Data Path Delay:        0.369ns  (logic 0.249ns (67.412%)  route 0.120ns (32.588%))
  Logic Levels:           1  (CARRY4=1)
  Clock Path Skew:        0.000ns (DCD - SCD - CPR)
    Destination Clock Delay (DCD):    1.948ns
    Source Clock Delay      (SCD):    1.438ns
    Clock Pessimism Removal (CPR):    0.510ns

    Location             Delay type                Incr(ns)  Path(ns)    Netlist Resource(s)
  -------------------------------------------------------------------    -------------------
                         (clock sys_clk_pin rise edge)
                                                      0.000     0.000 r  
    W5                                                0.000     0.000 r  clk (IN)
                         net (fo=0)                   0.000     0.000    clk
    W5                   IBUF (Prop_ibuf_I_O)         0.226     0.226 r  clk_IBUF_inst/O
                         net (fo=1, routed)           0.631     0.858    clk_IBUF
    BUFGCTRL_X0Y1        BUFG (Prop_bufg_I_O)         0.026     0.884 r  clk_IBUF_BUFG_inst/O
                         net (fo=222, routed)         0.555     1.438    clk_2Hz_inst/clk_IBUF_BUFG
    SLICE_X57Y25         FDRE                                         r  clk_2Hz_inst/count_reg[31]/C
  -------------------------------------------------------------------    -------------------
    SLICE_X57Y25         FDRE (Prop_fdre_C_Q)         0.141     1.579 r  clk_2Hz_inst/count_reg[31]/Q
                         net (fo=2, routed)           0.120     1.699    clk_2Hz_inst/count_reg[31]
    SLICE_X57Y25         CARRY4 (Prop_carry4_S[3]_O[3])
                                                      0.108     1.807 r  clk_2Hz_inst/count_reg[28]_i_1__0/O[3]
                         net (fo=1, routed)           0.000     1.807    clk_2Hz_inst/count_reg[28]_i_1__0_n_4
    SLICE_X57Y25         FDRE                                         r  clk_2Hz_inst/count_reg[31]/D
  -------------------------------------------------------------------    -------------------

                         (clock sys_clk_pin rise edge)
                                                      0.000     0.000 r  
    W5                                                0.000     0.000 r  clk (IN)
                         net (fo=0)                   0.000     0.000    clk
    W5                   IBUF (Prop_ibuf_I_O)         0.414     0.414 r  clk_IBUF_inst/O
                         net (fo=1, routed)           0.685     1.099    clk_IBUF
    BUFGCTRL_X0Y1        BUFG (Prop_bufg_I_O)         0.029     1.128 r  clk_IBUF_BUFG_inst/O
                         net (fo=222, routed)         0.821     1.948    clk_2Hz_inst/clk_IBUF_BUFG
    SLICE_X57Y25         FDRE                                         r  clk_2Hz_inst/count_reg[31]/C
                         clock pessimism             -0.510     1.438    
    SLICE_X57Y25         FDRE (Hold_fdre_C_D)         0.105     1.543    clk_2Hz_inst/count_reg[31]
  -------------------------------------------------------------------
                         required time                         -1.543    
                         arrival time                           1.807    
  -------------------------------------------------------------------
                         slack                                  0.264    





Pulse Width Checks
--------------------------------------------------------------------------------------
Clock Name:         sys_clk_pin
Waveform(ns):       { 0.000 5.000 }
Period(ns):         10.000
Sources:            { clk }

Check Type        Corner  Lib Pin  Reference Pin  Required(ns)  Actual(ns)  Slack(ns)  Location       Pin
Min Period        n/a     BUFG/I   n/a            2.155         10.000      7.845      BUFGCTRL_X0Y1  clk_IBUF_BUFG_inst/I
Min Period        n/a     FDRE/C   n/a            1.000         10.000      9.000      SLICE_X35Y14   m_Calculate/img_num_reg[0]/C
Min Period        n/a     FDRE/C   n/a            1.000         10.000      9.000      SLICE_X35Y14   m_Calculate/img_num_reg[10]/C
Min Period        n/a     FDRE/C   n/a            1.000         10.000      9.000      SLICE_X31Y11   m_Calculate/img_num_reg[11]/C
Min Period        n/a     FDRE/C   n/a            1.000         10.000      9.000      SLICE_X49Y14   m_Calculate/img_num_reg[12]/C
Min Period        n/a     FDRE/C   n/a            1.000         10.000      9.000      SLICE_X35Y12   m_Calculate/img_num_reg[13]/C
Min Period        n/a     FDRE/C   n/a            1.000         10.000      9.000      SLICE_X35Y12   m_Calculate/img_num_reg[14]/C
Min Period        n/a     FDRE/C   n/a            1.000         10.000      9.000      SLICE_X34Y17   m_Calculate/img_num_reg[15]/C
Min Period        n/a     FDRE/C   n/a            1.000         10.000      9.000      SLICE_X37Y12   m_Calculate/img_num_reg[16]/C
Min Period        n/a     FDRE/C   n/a            1.000         10.000      9.000      SLICE_X35Y13   m_Calculate/img_num_reg[17]/C
Low Pulse Width   Slow    FDRE/C   n/a            0.500         5.000       4.500      SLICE_X49Y14   m_Calculate/img_num_reg[12]/C
Low Pulse Width   Slow    FDRE/C   n/a            0.500         5.000       4.500      SLICE_X49Y14   m_Calculate/img_num_reg[20]/C
Low Pulse Width   Slow    FDRE/C   n/a            0.500         5.000       4.500      SLICE_X14Y14   m_Calculate/real_num_reg[10]/C
Low Pulse Width   Slow    FDRE/C   n/a            0.500         5.000       4.500      SLICE_X14Y13   m_Calculate/real_num_reg[11]/C
Low Pulse Width   Slow    FDRE/C   n/a            0.500         5.000       4.500      SLICE_X14Y14   m_Calculate/real_num_reg[16]/C
Low Pulse Width   Slow    FDRE/C   n/a            0.500         5.000       4.500      SLICE_X12Y14   m_Calculate/real_num_reg[17]/C
Low Pulse Width   Slow    FDRE/C   n/a            0.500         5.000       4.500      SLICE_X12Y14   m_Calculate/real_num_reg[18]/C
Low Pulse Width   Slow    FDRE/C   n/a            0.500         5.000       4.500      SLICE_X13Y14   m_Calculate/real_num_reg[19]/C
Low Pulse Width   Slow    FDRE/C   n/a            0.500         5.000       4.500      SLICE_X13Y12   m_Calculate/real_num_reg[23]/C
Low Pulse Width   Slow    FDRE/C   n/a            0.500         5.000       4.500      SLICE_X14Y13   m_Calculate/real_num_reg[4]/C
High Pulse Width  Slow    FDRE/C   n/a            0.500         5.000       4.500      SLICE_X35Y14   m_Calculate/img_num_reg[0]/C
High Pulse Width  Slow    FDRE/C   n/a            0.500         5.000       4.500      SLICE_X35Y14   m_Calculate/img_num_reg[10]/C
High Pulse Width  Slow    FDRE/C   n/a            0.500         5.000       4.500      SLICE_X35Y13   m_Calculate/img_num_reg[17]/C
High Pulse Width  Slow    FDRE/C   n/a            0.500         5.000       4.500      SLICE_X35Y15   m_Calculate/img_num_reg[19]/C
High Pulse Width  Slow    FDRE/C   n/a            0.500         5.000       4.500      SLICE_X34Y15   m_Calculate/img_num_reg[21]/C
High Pulse Width  Slow    FDRE/C   n/a            0.500         5.000       4.500      SLICE_X32Y14   m_Calculate/img_num_reg[22]/C
High Pulse Width  Slow    FDRE/C   n/a            0.500         5.000       4.500      SLICE_X34Y15   m_Calculate/img_num_reg[23]/C
High Pulse Width  Slow    FDRE/C   n/a            0.500         5.000       4.500      SLICE_X36Y13   clk_25MHz_inst/count_reg[12]/C
High Pulse Width  Slow    FDRE/C   n/a            0.500         5.000       4.500      SLICE_X36Y13   clk_25MHz_inst/count_reg[13]/C
High Pulse Width  Slow    FDRE/C   n/a            0.500         5.000       4.500      SLICE_X36Y13   clk_25MHz_inst/count_reg[14]/C



